Log file open, 11/28/18 21:34:08
LogWindows: Failed to load 'aqProf.dll' (GetLastError=126)
LogWindows: File 'aqProf.dll' does not exist
LogWindows: Failed to load 'VtuneApi.dll' (GetLastError=126)
LogWindows: File 'VtuneApi.dll' does not exist
LogWindows: Failed to load 'VtuneApi32e.dll' (GetLastError=126)
LogWindows: File 'VtuneApi32e.dll' does not exist
LogInit: Display: Running engine for game: LearningToDrive
LogPlatformFile: Not using cached read wrapper
LogTaskGraph: Started task graph with 5 named threads and 14 total threads with 3 sets of task threads.
LogStats: Stats thread started at 0.182698
LogD3D11RHI: Loaded GFSDK_Aftermath_Lib.x64.dll
LogICUInternationalization: Display: ICU TimeZone Detection - Raw Offset: +0:00, Platform Override: ''
LogPluginManager: Mounting plugin Paper2D
LogPluginManager: Mounting plugin AISupport
LogPluginManager: Mounting plugin LightPropagationVolume
LogPluginManager: Mounting plugin CLionSourceCodeAccess
LogPluginManager: Mounting plugin CodeLiteSourceCodeAccess
LogPluginManager: Mounting plugin GitSourceControl
LogPluginManager: Mounting plugin KDevelopSourceCodeAccess
LogPluginManager: Mounting plugin NullSourceCodeAccess
LogPluginManager: Mounting plugin PerforceSourceControl
LogPluginManager: Mounting plugin SubversionSourceControl
LogPluginManager: Mounting plugin UObjectPlugin
LogPluginManager: Mounting plugin VisualStudioCodeSourceCodeAccess
LogPluginManager: Mounting plugin VisualStudioSourceCodeAccess
LogPluginManager: Mounting plugin XCodeSourceCodeAccess
LogPluginManager: Mounting plugin AssetManagerEditor
LogPluginManager: Mounting plugin CryptoKeys
LogPluginManager: Mounting plugin DataValidation
LogPluginManager: Mounting plugin FacialAnimation
LogPluginManager: Mounting plugin GameplayTagsEditor
LogPluginManager: Mounting plugin MacGraphicsSwitching
LogPluginManager: Mounting plugin MeshEditor
LogPluginManager: Mounting plugin MobileLauncherProfileWizard
LogPluginManager: Mounting plugin PluginBrowser
LogPluginManager: Mounting plugin SpeedTreeImporter
LogPluginManager: Mounting plugin DatasmithContent
LogPluginManager: Mounting plugin AlembicImporter
LogPluginManager: Mounting plugin AppleImageUtils
LogPluginManager: Mounting plugin AppleVision
LogPluginManager: Mounting plugin BackChannel
LogPluginManager: Mounting plugin CharacterAI
LogPluginManager: Mounting plugin GeometryCache
LogPluginManager: Mounting plugin HTML5Networking
LogPluginManager: Mounting plugin ProxyLODPlugin
LogPluginManager: Mounting plugin MagicLeap
LogPluginManager: Mounting plugin MagicLeapEmulator
LogPluginManager: Mounting plugin MagicLeapMedia
LogPluginManager: Mounting plugin AndroidMedia
LogPluginManager: Mounting plugin AvfMedia
LogPluginManager: Mounting plugin ImgMedia
LogPluginManager: Mounting plugin LinearTimecode
LogPluginManager: Mounting plugin MediaCompositing
LogPluginManager: Mounting plugin MediaPlayerEditor
LogPluginManager: Mounting plugin WmfMedia
LogPluginManager: Mounting plugin TcpMessaging
LogPluginManager: Mounting plugin UdpMessaging
LogPluginManager: Mounting plugin ActorSequence
LogPluginManager: Mounting plugin LevelSequenceEditor
LogPluginManager: Mounting plugin MatineeToLevelSequence
LogPluginManager: Mounting plugin NetcodeUnitTest
LogPluginManager: Mounting plugin NUTUnrealEngine4
LogPluginManager: Mounting plugin OnlineSubsystemGooglePlay
LogPluginManager: Mounting plugin OnlineSubsystemIOS
LogPluginManager: Mounting plugin OnlineSubsystem
LogPluginManager: Mounting plugin OnlineSubsystemNull
LogPluginManager: Mounting plugin OnlineSubsystemUtils
LogPluginManager: Mounting plugin LauncherChunkInstaller
LogPluginManager: Mounting plugin AndroidDeviceProfileSelector
LogPluginManager: Mounting plugin AndroidMoviePlayer
LogPluginManager: Mounting plugin AndroidPermission
LogPluginManager: Mounting plugin AppleMoviePlayer
LogPluginManager: Mounting plugin ArchVisCharacter
LogPluginManager: Mounting plugin AudioCapture
LogPluginManager: Mounting plugin CableComponent
LogPluginManager: Mounting plugin CustomMeshComponent
LogPluginManager: Mounting plugin EditableMesh
LogPluginManager: Mounting plugin ExampleDeviceProfileSelector
LogPluginManager: Mounting plugin GoogleCloudMessaging
LogPluginManager: Mounting plugin ImmediatePhysics
LogPluginManager: Mounting plugin IOSDeviceProfileSelector
LogPluginManager: Mounting plugin LinuxDeviceProfileSelector
LogPluginManager: Mounting plugin LocationServicesBPLibrary
LogPluginManager: Mounting plugin MobilePatchingUtils
LogPluginManager: Mounting plugin OculusVR
LogPluginManager: Plugin shader directory ../../../Engine/Plugins/Runtime/Oculus/OculusVR/Shaders found
LogPluginManager: Mapping shader source directory ../../../Engine/Plugins/Runtime/Oculus/OculusVR/Shaders to virtual directory /Plugin/OculusVR
LogPluginManager: Mounting plugin PhysXVehicles
LogPluginManager: Mounting plugin ProceduralMeshComponent
LogPluginManager: Mounting plugin RuntimePhysXCooking
LogPluginManager: Mounting plugin SteamVR
LogPluginManager: Mounting plugin WindowsMoviePlayer
LogStreaming: Display: Took  0.111s to configure plugins.
LogInit: Using libcurl 7.55.1-DEV
LogInit:  - built for x86_64-pc-win32
LogInit:  - supports SSL with OpenSSL/1.0.2h
LogInit:  - supports HTTP deflate (compression) using libz 1.2.8
LogInit:  - other features:
LogInit:      CURL_VERSION_SSL
LogInit:      CURL_VERSION_LIBZ
LogInit:      CURL_VERSION_IPV6
LogInit:      CURL_VERSION_ASYNCHDNS
LogInit:      CURL_VERSION_LARGEFILE
LogInit:      CURL_VERSION_IDN
LogInit:  CurlRequestOptions (configurable via config and command line):
LogInit:  - bVerifyPeer = false  - Libcurl will NOT verify peer certificate
LogInit:  - bUseHttpProxy = false  - Libcurl will NOT use HTTP proxy
LogInit:  - bDontReuseConnections = false  - Libcurl will reuse connections
LogInit:  - CertBundlePath = nullptr  - Libcurl will use whatever was configured at build time.
LogInit:  - MaxHostConnections = 16  - Libcurl will limit the number of connections to a host
LogInit:  - LocalHostAddr = Default
LogInit:  - BufferSize = 65536
LogInit: WinSock: version 1.1 (2.2), MaxSocks=32767, MaxUdp=65467
LogInit: Build: ++UE4+Release-4.20-CL-4369336
LogInit: Engine Version: 4.20.3-4369336+++UE4+Release-4.20
LogInit: Compatible Engine Version: 4.20.0-4212847+++UE4+Release-4.20
LogInit: Net CL: 4212847
LogInit: OS: Windows 10 (), CPU: Intel(R) Core(TM) i5-6600 CPU @ 3.30GHz, GPU: NVIDIA GeForce GTX 970
LogInit: Compiled (64-bit): Sep 17 2018 12:26:19
LogInit: Compiled with Visual C++: 19.13.26129.00
LogInit: Build Configuration: Development
LogInit: Branch Name: ++UE4+Release-4.20
LogInit: Command Line:  
LogInit: Base Directory: C:/Program Files/Epic Games/UE_4.20/Engine/Binaries/Win64/
LogInit: Installed Engine Build: 1
LogDevObjectVersion: Number of dev versions registered: 20
LogDevObjectVersion:   Dev-Blueprints (B0D832E4-1F89-4F0D-ACCF-7EB736FD4AA2): 10
LogDevObjectVersion:   Dev-Build (E1C64328-A22C-4D53-A36C-8E866417BD8C): 0
LogDevObjectVersion:   Dev-Core (375EC13C-06E4-48FB-B500-84F0262A717E): 2
LogDevObjectVersion:   Dev-Editor (E4B068ED-F494-42E9-A231-DA0B2E46BB41): 24
LogDevObjectVersion:   Dev-Framework (CFFC743F-43B0-4480-9391-14DF171D2073): 34
LogDevObjectVersion:   Dev-Mobile (B02B49B5-BB20-44E9-A304-32B752E40360): 2
LogDevObjectVersion:   Dev-Networking (A4E4105C-59A1-49B5-A7C5-40C4547EDFEE): 0
LogDevObjectVersion:   Dev-Online (39C831C9-5AE6-47DC-9A44-9C173E1C8E7C): 0
LogDevObjectVersion:   Dev-Physics (78F01B33-EBEA-4F98-B9B4-84EACCB95AA2): 0
LogDevObjectVersion:   Dev-Platform (6631380F-2D4D-43E0-8009-CF276956A95A): 0
LogDevObjectVersion:   Dev-Rendering (12F88B9F-8875-4AFC-A67C-D90C383ABD29): 26
LogDevObjectVersion:   Dev-Sequencer (7B5AE74C-D270-4C10-A958-57980B212A5A): 9
LogDevObjectVersion:   Dev-VR (D7296918-1DD6-4BDD-9DE2-64A83CC13884): 2
LogDevObjectVersion:   Dev-LoadTimes (C2A15278-BFE7-4AFE-6C17-90FF531DF755): 1
LogDevObjectVersion:   Private-Geometry (6EACA3D4-40EC-4CC1-B786-8BED09428FC5): 3
LogDevObjectVersion:   Dev-AnimPhys (29E575DD-E0A3-4627-9D10-D276232CDCEA): 17
LogDevObjectVersion:   Dev-ReflectionCapture (6B266CEC-1EC7-4B8F-A30B-E4D90942FC07): 1
LogDevObjectVersion:   Dev-Automation (0DF73D61-A23F-47EA-B727-89E90C41499A): 1
LogDevObjectVersion:   FortniteMain (601D1886-AC64-4F84-AA16-D3DE0DEAC7D6): 12
LogDevObjectVersion:   Dev-Enterprise (9DFFBCD6-494F-0158-E221-12823C92A888): 1
LogStreaming: Display: Took  0.001s to delete old logs.
LogInit: Presizing for max 8388607 objects, including 0 objects not considered by GC, pre-allocating 0 bytes for permanent pool.
LogInit: Object subsystem initialized
[2018.11.28-21.34.08:926][  0]LogInit: Selected Device Profile: [Windows]
[2018.11.28-21.34.08:926][  0]LogInit: Applying CVar settings loaded from the selected device profile: [Windows]
[2018.11.28-21.34.08:937][  0]LogHAL: Display: Platform has ~ 16 GB [17116667904 / 17179869184 / 16], which maps to Larger [LargestMinGB=32, LargerMinGB=12, DefaultMinGB=8, SmallerMinGB=6, SmallestMinGB=0)
[2018.11.28-21.34.08:938][  0]LogInit: Setting Device Profile CVar: [[r.Vulkan.UseRealUBs:1]]
[2018.11.28-21.34.08:938][  0]LogInit: Going up to parent DeviceProfile []
[2018.11.28-21.34.08:938][  0]LogInit: Computer: DESKTOP-C6U4EA4
[2018.11.28-21.34.08:938][  0]LogInit: User: ThomasSimon
[2018.11.28-21.34.08:938][  0]LogInit: CPU Page size=4096, Cores=4
[2018.11.28-21.34.08:938][  0]LogInit: High frequency timer resolution =3.234375 MHz
[2018.11.28-21.34.08:938][  0]LogMemory: Memory total: Physical=15.9GB (16GB approx)
[2018.11.28-21.34.08:938][  0]LogMemory: Platform Memory Stats for Windows
[2018.11.28-21.34.08:938][  0]LogMemory: Process Physical Memory: 100.32 MB used, 100.32 MB peak
[2018.11.28-21.34.08:938][  0]LogMemory: Process Virtual Memory: 84.32 MB used, 84.32 MB peak
[2018.11.28-21.34.08:938][  0]LogMemory: Physical Memory: 6636.25 MB used,  9687.47 MB free, 16323.73 MB total
[2018.11.28-21.34.08:938][  0]LogMemory: Virtual Memory: 4625.40 MB used,  9687.47 MB free, 134217728.00 MB total
[2018.11.28-21.34.08:959][  0]LogInit: Using OS detected language (en-GB).
[2018.11.28-21.34.08:959][  0]LogInit: Using OS detected locale (en-GB).
[2018.11.28-21.34.08:961][  0]LogTextLocalizationManager: No specific localization for 'en-GB' exists, so the 'en' localization will be used.
[2018.11.28-21.34.09:305][  0]LogStreaming: Display: Took  0.347s to InitEngineTextLocalization.
[2018.11.28-21.34.09:305][  0]LogInit: Setting process to per monitor DPI aware
[2018.11.28-21.34.09:345][  0]LogSlate: New Slate User Created.  User Index 0, Is Virtual User: 0
[2018.11.28-21.34.09:345][  0]LogSlate: Slate User Registered.  User Index 0, Is Virtual User: 0
[2018.11.28-21.34.09:528][  0]LogHMD: Failed to initialize OpenVR with code 110
[2018.11.28-21.34.09:528][  0]LogD3D11RHI: D3D11 adapters:
[2018.11.28-21.34.09:609][  0]LogD3D11RHI:    0. 'NVIDIA GeForce GTX 970' (Feature Level 11_0)
[2018.11.28-21.34.09:609][  0]LogD3D11RHI:       4043/0/8161 MB DedicatedVideo/DedicatedSystem/SharedSystem, Outputs:3, VendorId:0x10de
[2018.11.28-21.34.09:611][  0]LogD3D11RHI:    1. 'Microsoft Basic Render Driver' (Feature Level 11_0)
[2018.11.28-21.34.09:611][  0]LogD3D11RHI:       0/0/8161 MB DedicatedVideo/DedicatedSystem/SharedSystem, Outputs:0, VendorId:0x1414
[2018.11.28-21.34.09:611][  0]LogD3D11RHI: Chosen D3D11 Adapter: 0
[2018.11.28-21.34.09:618][  0]LogD3D11RHI: Creating new Direct3DDevice
[2018.11.28-21.34.09:618][  0]LogD3D11RHI:     GPU DeviceId: 0x13c2 (for the marketing name, search the web for "GPU Device Id")
[2018.11.28-21.34.09:618][  0]LogWindows: EnumDisplayDevices:
[2018.11.28-21.34.09:618][  0]LogWindows:    0. 'NVIDIA GeForce GTX 970' (P:0 D:1)
[2018.11.28-21.34.09:618][  0]LogWindows:    1. 'NVIDIA GeForce GTX 970' (P:0 D:1)
[2018.11.28-21.34.09:618][  0]LogWindows:    2. 'NVIDIA GeForce GTX 970' (P:1 D:1)
[2018.11.28-21.34.09:619][  0]LogWindows:    3. 'NVIDIA GeForce GTX 970' (P:0 D:0)
[2018.11.28-21.34.09:619][  0]LogWindows: DebugString: FoundDriverCount:4 
[2018.11.28-21.34.09:619][  0]LogD3D11RHI:     Adapter Name: NVIDIA GeForce GTX 970
[2018.11.28-21.34.09:619][  0]LogD3D11RHI:   Driver Version: 398.11 (internal:24.21.13.9811, unified:398.11)
[2018.11.28-21.34.09:619][  0]LogD3D11RHI:      Driver Date: 6-1-2018
[2018.11.28-21.34.09:619][  0]LogRHI: Texture pool is 2830 MB (70% of 4043 MB)
[2018.11.28-21.34.09:653][  0]LogD3D11RHI: Async texture creation enabled
[2018.11.28-21.34.09:671][  0]LogD3D11RHI: GPU Timing Frequency: 1000.000000 (Debug: 2 2)
[2018.11.28-21.34.09:722][  0]LogShaderCompilers: Guid format shader working directory is -14 characters bigger than the processId version (A:/Projects/Unreal Engine Projects/LearningToDrive/LearningToDrive/Intermediate/Shaders/WorkingDirectory/13632/).
[2018.11.28-21.34.09:723][  0]LogShaderCompilers: Cleaned the shader compiler working directory 'C:/Users/Thomas Simon/AppData/Local/Temp/UnrealShaderWorkingDir/917F80DA43D017D79BBC988D9EFB996B/'.
[2018.11.28-21.34.09:974][  0]LogTemp: Display: Loaded TP AllDesktopTargetPlatform
[2018.11.28-21.34.09:986][  0]LogTemp: Display: Loaded TP MacClientTargetPlatform
[2018.11.28-21.34.09:998][  0]LogTemp: Display: Loaded TP MacNoEditorTargetPlatform
[2018.11.28-21.34.10:011][  0]LogTemp: Display: Loaded TP MacServerTargetPlatform
[2018.11.28-21.34.10:024][  0]LogTemp: Display: Loaded TP MacTargetPlatform
[2018.11.28-21.34.10:037][  0]LogTemp: Display: Loaded TP WindowsClientTargetPlatform
[2018.11.28-21.34.10:050][  0]LogTemp: Display: Loaded TP WindowsNoEditorTargetPlatform
[2018.11.28-21.34.10:064][  0]LogTemp: Display: Loaded TP WindowsServerTargetPlatform
[2018.11.28-21.34.10:071][  0]LogTemp: Display: Loaded TP WindowsTargetPlatform
[2018.11.28-21.34.10:149][  0]LogTemp: Display: Loaded TP AndroidTargetPlatform
[2018.11.28-21.34.10:149][  0]LogTemp: Display: Loaded TP AndroidTargetPlatform
[2018.11.28-21.34.10:149][  0]LogTemp: Display: Loaded TP AndroidTargetPlatform
[2018.11.28-21.34.10:149][  0]LogTemp: Display: Loaded TP AndroidTargetPlatform
[2018.11.28-21.34.10:149][  0]LogTemp: Display: Loaded TP AndroidTargetPlatform
[2018.11.28-21.34.10:149][  0]LogTemp: Display: Loaded TP AndroidTargetPlatform
[2018.11.28-21.34.10:149][  0]LogTemp: Display: Loaded TP AndroidTargetPlatform
[2018.11.28-21.34.10:149][  0]LogTemp: Display: Loaded TP AndroidTargetPlatform
[2018.11.28-21.34.10:149][  0]LogTemp: Display: Loaded TP AndroidTargetPlatform
[2018.11.28-21.34.10:149][  0]LogTemp: Display: Loaded TP AndroidTargetPlatform
[2018.11.28-21.34.10:149][  0]LogTemp: Display: Loaded TP AndroidTargetPlatform
[2018.11.28-21.34.10:149][  0]LogTemp: Display: Loaded TP AndroidTargetPlatform
[2018.11.28-21.34.10:149][  0]LogTemp: Display: Loaded TP AndroidTargetPlatform
[2018.11.28-21.34.10:149][  0]LogTemp: Display: Loaded TP AndroidTargetPlatform
[2018.11.28-21.34.10:149][  0]LogTemp: Display: Loaded TP AndroidTargetPlatform
[2018.11.28-21.34.10:149][  0]LogTemp: Display: Loaded TP AndroidTargetPlatform
[2018.11.28-21.34.10:149][  0]LogTemp: Display: Loaded TP AndroidTargetPlatform
[2018.11.28-21.34.10:149][  0]LogTemp: Display: Loaded TP AndroidTargetPlatform
[2018.11.28-21.34.10:150][  0]LogTemp: Display: Loaded TP HTML5TargetPlatform
[2018.11.28-21.34.10:208][  0]LogTemp: Display: Loaded TP IOSTargetPlatform
[2018.11.28-21.34.10:208][  0]LogTemp: Display: Loaded TP IOSTargetPlatform
[2018.11.28-21.34.10:231][  0]LogTemp: Display: Loaded TP TVOSTargetPlatform
[2018.11.28-21.34.10:231][  0]LogTemp: Display: Loaded TP TVOSTargetPlatform
[2018.11.28-21.34.10:243][  0]LogTemp: Display: Loaded TP LinuxClientTargetPlatform
[2018.11.28-21.34.10:255][  0]LogTemp: Display: Loaded TP LinuxNoEditorTargetPlatform
[2018.11.28-21.34.10:267][  0]LogTemp: Display: Loaded TP LinuxServerTargetPlatform
[2018.11.28-21.34.10:280][  0]LogTemp: Display: Loaded TP LinuxTargetPlatform
[2018.11.28-21.34.10:289][  0]LogTemp: Display: Loaded TP LuminTargetPlatform
[2018.11.28-21.34.10:289][  0]LogTargetPlatformManager: Display: Building Assets For Windows
[2018.11.28-21.34.10:345][  0]LogXGEController: Cleaning working directory: C:/Users/Thomas Simon/AppData/Local/Temp/UnrealXGEWorkingDir/
[2018.11.28-21.34.10:345][  0]LogXGEController: Cannot use XGE Controller as Incredibuild is not installed on this machine.
[2018.11.28-21.34.10:345][  0]LogShaderCompilers: Cannot use XGE Shader Compiler as Incredibuild is not installed on this machine.
[2018.11.28-21.34.10:345][  0]LogShaderCompilers: Display: Using Local Shader Compiler.
[2018.11.28-21.34.11:018][  0]LogDerivedDataCache: Display: Max Cache Size: 512 MB
[2018.11.28-21.34.11:074][  0]LogDerivedDataCache: Loaded boot cache 0.06s 71MB C:/Users/Thomas Simon/AppData/Local/UnrealEngine/4.20/DerivedDataCache/Boot.ddc.
[2018.11.28-21.34.11:074][  0]LogDerivedDataCache: Display: Loaded Boot cache: C:/Users/Thomas Simon/AppData/Local/UnrealEngine/4.20/DerivedDataCache/Boot.ddc
[2018.11.28-21.34.11:075][  0]LogDerivedDataCache: FDerivedDataBackendGraph:  Pak pak cache file A:/Projects/Unreal Engine Projects/LearningToDrive/LearningToDrive/DerivedDataCache/DDC.ddp not found, will not use a pak cache.
[2018.11.28-21.34.11:075][  0]LogDerivedDataCache: Unable to find inner node Pak for hierarchical cache Hierarchy.
[2018.11.28-21.34.11:075][  0]LogDerivedDataCache: FDerivedDataBackendGraph:  CompressedPak pak cache file A:/Projects/Unreal Engine Projects/LearningToDrive/LearningToDrive/DerivedDataCache/Compressed.ddp not found, will not use a pak cache.
[2018.11.28-21.34.11:075][  0]LogDerivedDataCache: Unable to find inner node CompressedPak for hierarchical cache Hierarchy.
[2018.11.28-21.34.11:087][  0]LogDerivedDataCache: Display: Pak cache opened for reading ../../../Engine/DerivedDataCache/Compressed.ddp.
[2018.11.28-21.34.11:105][  0]LogDerivedDataCache: Using Local data cache path C:/Users/Thomas Simon/AppData/Local/UnrealEngine/Common/DerivedDataCache: Writable
[2018.11.28-21.34.11:105][  0]LogDerivedDataCache: Shared data cache path not found in *engine.ini, will not use an Shared cache.
[2018.11.28-21.34.11:105][  0]LogDerivedDataCache: Unable to find inner node Shared for hierarchical cache Hierarchy.
[2018.11.28-21.34.11:122][  0]LogMaterial: Verifying Global Shaders for PCD3D_SM5
[2018.11.28-21.34.11:124][  0]LogSlate: Using FreeType 2.6.0
[2018.11.28-21.34.11:125][  0]LogSlate: SlateFontServices - WITH_FREETYPE: 1, WITH_HARFBUZZ: 1
[2018.11.28-21.34.11:204][  0]LogAssetRegistry: FAssetRegistry took 0.0268 seconds to start up
[2018.11.28-21.34.11:510][  0]LogInit: Selected Device Profile: [Windows]
[2018.11.28-21.34.11:634][  0]LogSimplygon: Simplygon DLL not present - disabling.
[2018.11.28-21.34.11:638][  0]LogMeshReduction: Using SimplygonSwarm for distributed automatic mesh merging
[2018.11.28-21.34.11:638][  0]LogMeshReduction: Using ProxyLODMeshReduction for automatic mesh merging
[2018.11.28-21.34.11:638][  0]LogMeshReduction: Using QuadricMeshReduction for automatic static mesh reduction
[2018.11.28-21.34.11:638][  0]LogMeshReduction: No automatic skeletal mesh reduction module available
[2018.11.28-21.34.11:665][  0]LogNetVersion: LearningToDrive 1.0.0, NetCL: 4212847, EngineNetVer: 5, GameNetVer: 0 (Checksum: 1667456807)
[2018.11.28-21.34.12:230][  0]LogPackageLocalizationCache: Processed 11 localized package path(s) for 2 prioritized culture(s) in 0.149167 seconds
[2018.11.28-21.34.12:236][  0]LogUObjectArray: 38425 objects as part of root set at end of initial load.
[2018.11.28-21.34.12:236][  0]LogUObjectAllocator: 6690872 out of 0 bytes used by permanent object pool.
[2018.11.28-21.34.12:236][  0]LogUObjectArray: CloseDisregardForGC: 0/0 objects in disregard for GC pool
[2018.11.28-21.34.13:068][  0]LogTcpMessaging: Initializing TcpMessaging bridge
[2018.11.28-21.34.13:080][  0]LogUdpMessaging: Initializing bridge on interface 0.0.0.0:0 to multicast group 230.0.0.1:6666.
[2018.11.28-21.34.13:285][  0]SourceControl: Source control is disabled
[2018.11.28-21.34.13:286][  0]SourceControl: Source control is disabled
[2018.11.28-21.34.13:296][  0]SourceControl: Source control is disabled
[2018.11.28-21.34.13:299][  0]SourceControl: Source control is disabled
[2018.11.28-21.34.13:556][  0]LogAndroidPermission: UAndroidPermissionCallbackProxy::GetInstance
[2018.11.28-21.34.13:612][  0]LogOcInput: OculusInput pre-init called
[2018.11.28-21.34.13:723][  0]LogEngine: Initializing Engine...
[2018.11.28-21.34.13:729][  0]LogHMD: Failed to initialize OpenVR with code 110
[2018.11.28-21.34.13:733][  0]LogStats: UGameplayTagsManager::ConstructGameplayTagTree: ImportINI prefixes -  0.000 s
[2018.11.28-21.34.13:733][  0]LogStats: UGameplayTagsManager::ConstructGameplayTagTree: Construct from data asset -  0.000 s
[2018.11.28-21.34.13:733][  0]LogStats: UGameplayTagsManager::ConstructGameplayTagTree: ImportINI -  0.000 s
[2018.11.28-21.34.13:733][  0]LogStats: UGameplayTagsManager::ConstructGameplayTagTree: GameplayTagTreeChangedEvent.Broadcast -  0.000 s
[2018.11.28-21.34.13:957][  0]LogInit: Initializing FReadOnlyCVARCache
[2018.11.28-21.34.14:015][  0]LogAIModule: Creating AISystem for world Untitled
[2018.11.28-21.34.14:074][  0]LogInit: XAudio2 using 'Headphones (High Definition Audio Device)' : 2 channels at 44.1 kHz using 16 bits per sample (channel mask 0x3)
[2018.11.28-21.34.14:201][  0]LogInit: FAudioDevice initialized.
[2018.11.28-21.34.14:213][  0]LogNetVersion: Set ProjectVersion to 1.0.0.0. Version Checksum will be recalculated on next use.
[2018.11.28-21.34.14:315][  0]LogDerivedDataCache: Saved boot cache 0.10s 71MB C:/Users/Thomas Simon/AppData/Local/UnrealEngine/4.20/DerivedDataCache/Boot.ddc.
[2018.11.28-21.34.14:315][  0]LogInit: Texture streaming: Enabled
[2018.11.28-21.34.14:346][  0]LogEngineSessionManager: EngineSessionManager initialized
[2018.11.28-21.34.14:346][  0]LogEngineSessionManager: EngineSessionManager sent abnormal shutdown report. Type=Crashed, SessionId={01324E07-4550-12CF-FF0B-0FB6B53C3846}
[2018.11.28-21.34.14:369][  0]LogWindowsTextInputMethodSystem: Display: IME system now deactivated.
[2018.11.28-21.34.14:445][  0]LogInit: Transaction tracking system initialized
[2018.11.28-21.34.14:639][  0]BlueprintLog: New page: Editor Load
[2018.11.28-21.34.14:851][  0]LocalizationService: Localization service is disabled
[2018.11.28-21.34.15:277][  0]LogFileCache: Scanning file cache for directory 'A:/Projects/Unreal Engine Projects/LearningToDrive/LearningToDrive/Content/' took 0.02s
[2018.11.28-21.34.15:277][  0]LogCook: Display: Max memory allowance for cook 16384mb min free memory 0mb
[2018.11.28-21.34.15:278][  0]LogCook: Display: Mobile HDR setting 1
[2018.11.28-21.34.15:278][  0]LogGameplayTags: Display: UGameplayTagsManager::DoneAddingNativeTags. DelegateIsBound: 0
[2018.11.28-21.34.15:279][  0]LogStats: UGameplayTagsManager::ConstructGameplayTagTree: ImportINI prefixes -  0.000 s
[2018.11.28-21.34.15:279][  0]LogStats: UGameplayTagsManager::ConstructGameplayTagTree: Construct from data asset -  0.000 s
[2018.11.28-21.34.15:279][  0]LogStats: UGameplayTagsManager::ConstructGameplayTagTree: ImportINI -  0.000 s
[2018.11.28-21.34.15:279][  0]LogStats: UGameplayTagsManager::ConstructGameplayTagTree: GameplayTagTreeChangedEvent.Broadcast -  0.000 s
[2018.11.28-21.34.15:587][  0]SourceControl: Source control is disabled
[2018.11.28-21.34.15:752][  0]LogSlate: Took 0.000190 seconds to synchronously load lazily loaded font '../../../Engine/Content/Slate/Fonts/Roboto-Regular.ttf' (155K)
[2018.11.28-21.34.24:627][  0]LogSlate: Window 'Restore Packages' being destroyed
[2018.11.28-21.34.24:630][  0]LogWindowsTextInputMethodSystem: Display: IME system now deactivated.
[2018.11.28-21.34.24:664][  0]LogWindowsTextInputMethodSystem: Display: IME system now deactivated.
[2018.11.28-21.34.29:865][  0]LogSlate: Window 'Unable to Check Out From Source Control!' being destroyed
[2018.11.28-21.34.29:865][  0]LogWindowsTextInputMethodSystem: Display: IME system now deactivated.
[2018.11.28-21.34.29:884][  0]LogWindowsTextInputMethodSystem: Display: IME system now deactivated.
[2018.11.28-21.34.29:887][  0]Cmd: MAP LOAD FILE="A:/Projects/Unreal Engine Projects/LearningToDrive/LearningToDrive/Content/MyContent/Maps/Main.umap" TEMPLATE=0 SHOWPROGRESS=1 FEATURELEVEL=3
[2018.11.28-21.34.29:889][  0]LightingResults: New page: Lighting Build
[2018.11.28-21.34.29:902][  0]MapCheck: New page: Map Check
[2018.11.28-21.34.29:902][  0]LightingResults: New page: Lighting Build
[2018.11.28-21.34.30:121][  0]LogLinker: Warning: Can't find file '/Game/MyContent/Maps/Main_BuiltData'
[2018.11.28-21.34.30:122][  0]LogLinker: Warning: Can't find file for asset '/Game/MyContent/Maps/Main_BuiltData' while loading A:/Projects/Unreal Engine Projects/LearningToDrive/LearningToDrive/Content/MyContent/Maps/Main.umap.
[2018.11.28-21.34.30:122][  0]LoadErrors: Error: /Game/MyContent/Maps/Main : Can't find file for asset. /Game/MyContent/Maps/Main_BuiltData
[2018.11.28-21.34.30:124][  0]LogLinker: Warning: Can't find file '/Game/MyContent/Maps/Main_BuiltData'
[2018.11.28-21.34.30:124][  0]LogLinker: Warning: Can't find file for asset '/Game/MyContent/Maps/Main_BuiltData' while loading A:/Projects/Unreal Engine Projects/LearningToDrive/LearningToDrive/Content/MyContent/Maps/Main.umap.
[2018.11.28-21.34.30:124][  0]LoadErrors: Error: /Game/MyContent/Maps/Main : Can't find file for asset. /Game/MyContent/Maps/Main_BuiltData
[2018.11.28-21.34.30:145][  0]LogLinker: Warning: Can't find file '/Game/MyContent/Maps/Main_BuiltData'
[2018.11.28-21.34.30:145][  0]LoadErrors: Failed to load /Game/MyContent/Maps/Main_BuiltData.Main_BuiltData Referenced by PersistentLevel
[2018.11.28-21.34.30:145][  0]LogLinker: Warning: Can't find file for asset '/Game/MyContent/Maps/Main_BuiltData' while loading NULL.
[2018.11.28-21.34.30:146][  0]LoadErrors: Failed to load /Game/MyContent/Maps/Main_BuiltData.Main_BuiltData Referenced by PersistentLevel
[2018.11.28-21.34.30:277][  0]LogAIModule: Creating AISystem for world Main
[2018.11.28-21.34.30:316][  0]LogEditorServer: Finished looking for orphan Actors (0.000 secs)
[2018.11.28-21.34.30:346][  0]Cmd: MAP CHECKDEP NOCLEARLOG
[2018.11.28-21.34.30:405][  0]MapCheck: Map check complete: 0 Error(s), 0 Warning(s), took 58.815ms to complete.
[2018.11.28-21.34.30:405][  0]LogFileHelpers: Loading map 'Main' took 0.520
[2018.11.28-21.34.30:577][  0]LogSlate: Updating window title bar state: overlay mode, drag disabled, window buttons hidden, title bar hidden
[2018.11.28-21.34.30:586][  0]LogSlate: Updating window title bar state: overlay mode, drag disabled, window buttons hidden, title bar hidden
[2018.11.28-21.34.30:594][  0]LogSlate: Updating window title bar state: overlay mode, drag disabled, window buttons hidden, title bar hidden
[2018.11.28-21.34.30:601][  0]LogSlate: Updating window title bar state: overlay mode, drag disabled, window buttons hidden, title bar hidden
[2018.11.28-21.34.30:619][  0]LogCollectionManager: Loaded 0 collections in 0.001418 seconds
[2018.11.28-21.34.30:695][  0]LogFileCache: Scanning file cache for directory 'A:/Projects/Unreal Engine Projects/LearningToDrive/LearningToDrive/Saved/Collections/' took 0.01s
[2018.11.28-21.34.30:695][  0]LogFileCache: Scanning file cache for directory 'A:/Projects/Unreal Engine Projects/LearningToDrive/LearningToDrive/Content/Developers/ThomasSimon/Collections/' took 0.01s
[2018.11.28-21.34.30:695][  0]LogFileCache: Scanning file cache for directory 'A:/Projects/Unreal Engine Projects/LearningToDrive/LearningToDrive/Content/Collections/' took 0.01s
[2018.11.28-21.34.30:695][  0]LogCollectionManager: Rebuilt the GUID cache for 0 collections in 0.000000 seconds
[2018.11.28-21.34.30:708][  0]LogContentBrowser: Native class hierarchy populated in 0.0119 seconds. Added 2576 classes and 607 folders.
[2018.11.28-21.34.30:724][  0]LogContentBrowser: Native class hierarchy updated for 'WidgetCarousel' in 0.0003 seconds. Added 0 classes and 0 folders.
[2018.11.28-21.34.30:831][  0]LogContentBrowser: Native class hierarchy updated for 'AddContentDialog' in 0.0003 seconds. Added 0 classes and 0 folders.
[2018.11.28-21.34.32:019][  0]LogSlate: Only BGRA pngs, bmps or icos are supported in by External Image Picker
[2018.11.28-21.34.32:047][  0]LogSlate: Took 0.000185 seconds to synchronously load lazily loaded font '../../../Engine/Content/Slate/Fonts/Roboto-Bold.ttf' (160K)
[2018.11.28-21.34.32:055][  0]LogSlate: Took 0.002413 seconds to synchronously load lazily loaded font '../../../Engine/Content/Editor/Slate/Fonts/FontAwesome.ttf' (139K)
[2018.11.28-21.34.32:124][  0]LogTemp: Executing iPhonePackager certificates Engine -bundlename com.YourCompany.LearningToDrive
[2018.11.28-21.34.32:124][  0]LogTemp: CWD: C:\Program Files\Epic Games\UE_4.20\Engine\Binaries\DotNET\IOS
[2018.11.28-21.34.32:124][  0]LogTemp: Initial Dir: C:\Program Files\Epic Games\UE_4.20
[2018.11.28-21.34.32:124][  0]LogTemp: Env CWD: C:\Program Files\Epic Games\UE_4.20\Engine\Binaries\DotNET\IOS
[2018.11.28-21.34.32:124][  0]LogTemp: BranchPath = DESKTOP-C6U4EA4/C/Program Files/Epic Games/UE_4.20/Engine/Binaries --- GameBranchPath = DESKTOP-C6U4EA4/C/Program Files/Epic Games/UE_4.20/Engine/Binaries
[2018.11.28-21.34.32:124][  0]LogTemp: IPP ERROR: Could not find provision directory 'C:\Users\Thomas Simon\AppData\Local/Apple Computer/MobileDevice/Provisioning Profiles/'.
[2018.11.28-21.34.32:124][  0]LogRenderer: Reallocating scene render targets to support 1152x600 Format 10 NumSamples 1 (Frame:1).
[2018.11.28-21.34.32:238][  0]LogSlate: Took 0.001197 seconds to synchronously load lazily loaded font '../../../Engine/Content/Slate/Fonts/Roboto-Light.ttf' (167K)
[2018.11.28-21.34.32:322][  0]LogContentBrowser: Native class hierarchy updated for 'HierarchicalLODOutliner' in 0.0003 seconds. Added 0 classes and 0 folders.
[2018.11.28-21.34.32:323][  0]LogLoad: (Engine Initialization) Total time: 24.72 seconds
[2018.11.28-21.34.32:323][  0]LogLoad: (Engine Initialization) Total Blueprint compile time: 0.00 seconds
[2018.11.28-21.34.32:347][  0]LogActor: Warning: Building /Engine/Transient.World_0:PersistentLevel.Building_0 has natively added scene component(s), but none of them were set as the actor's RootComponent - picking one arbitrarily
[2018.11.28-21.34.32:385][  0]LogContentStreaming: Texture pool size now 1000 MB
[2018.11.28-21.34.32:415][  1]LogAssetRegistry: Asset discovery search completed in 21.2336 seconds
[2018.11.28-21.34.32:418][  1]LogCollectionManager: Rebuilt the object cache for 0 collections in 0.000000 seconds (found 0 objects)
[2018.11.28-21.34.32:418][  1]LogCollectionManager: Fixed up redirectors for 0 collections in 0.000070 seconds (updated 0 objects)
[2018.11.28-21.34.34:836][284]LogSlate: FSceneViewport::OnFocusLost() reason 0
[2018.11.28-21.34.41:436][ 73]LogSlate: FSceneViewport::OnFocusLost() reason 0
[2018.11.28-21.34.49:594][ 45]LogSlate: FSceneViewport::OnFocusLost() reason 0
[2018.11.28-21.34.49:677][ 55]LogTemp: Repeating last play command: Selected Viewport
[2018.11.28-21.34.49:691][ 55]LogPlayLevel: PlayLevel: No blueprints needed recompiling
[2018.11.28-21.34.49:713][ 55]PIE: New page: PIE session: Main (28 Nov 2018 21:34:49)
[2018.11.28-21.34.49:713][ 55]LogPlayLevel: Creating play world package: /Game/MyContent/Maps/UEDPIE_0_Main
[2018.11.28-21.34.49:732][ 55]LogPlayLevel: PIE: StaticDuplicateObject took: (0.018044s)
[2018.11.28-21.34.49:732][ 55]LogAIModule: Creating AISystem for world Main
[2018.11.28-21.34.49:733][ 55]LogPlayLevel: PIE: World Init took: (0.001015s)
[2018.11.28-21.34.49:733][ 55]LogPlayLevel: PIE: Created PIE world by copying editor world from /Game/MyContent/Maps/Main.Main to /Game/MyContent/Maps/UEDPIE_0_Main.Main (0.019271s)
[2018.11.28-21.34.49:762][ 55]LogInit: XAudio2 using 'Headphones (High Definition Audio Device)' : 2 channels at 44.1 kHz using 16 bits per sample (channel mask 0x3)
[2018.11.28-21.34.49:771][ 55]LogInit: FAudioDevice initialized.
[2018.11.28-21.34.49:904][ 55]LogLoad: Game class is 'Bp_LearningToDriveGameModeBase_C'
[2018.11.28-21.34.49:913][ 55]LogWorld: Bringing World /Game/MyContent/Maps/UEDPIE_0_Main.Main up for play (max tick rate 0) at 2018.11.28-21.34.49
[2018.11.28-21.34.49:913][ 55]LogWorld: Bringing up level for play took: 0.001829
[2018.11.28-21.34.49:941][ 55]LogContentBrowser: Native class hierarchy updated for 'MovieSceneCapture' in 0.0003 seconds. Added 10 classes and 0 folders.
[2018.11.28-21.34.49:962][ 55]PIE: Play in editor start time for /Game/MyContent/Maps/UEDPIE_0_Main -0.108
[2018.11.28-21.34.57:043][899]LogSlate: Updating window title bar state: overlay mode, drag disabled, window buttons hidden, title bar hidden
[2018.11.28-21.34.57:086][899]LogPlayLevel: Display: Shutting down PIE online subsystems
[2018.11.28-21.34.57:110][899]LogSlate: Updating window title bar state: overlay mode, drag disabled, window buttons hidden, title bar hidden
[2018.11.28-21.34.57:145][901]LogPlayLevel: Display: Destroying online subsystem :Context_3
[2018.11.28-21.35.03:404][649]LogSlate: FSceneViewport::OnFocusLost() reason 2
[2018.11.28-21.35.04:859][821]MapCheck: New page: Map Check
[2018.11.28-21.35.04:879][821]LogSlate: FSceneViewport::OnFocusLost() reason 2
[2018.11.28-21.35.04:881][821]Cmd: MAP REBUILD ALLVISIBLE
[2018.11.28-21.35.04:882][821]LogEditorServer: Rebuildmap Clear paths rebuilt
[2018.11.28-21.35.05:017][821]LightingResults: New page: Lighting Build - 28 Nov 2018 21:35:05
[2018.11.28-21.35.05:060][821]LogSwarmInterface: [OpenConnection] Registering TCP channel ...
[2018.11.28-21.35.05:113][821]LogSwarmInterface: [OpenConnection] Connecting to agent ...
[2018.11.28-21.35.05:128][821]LogSwarmInterface: [TryOpenConnection] Testing the Agent
[2018.11.28-21.35.05:654][821]LogSwarmInterface: [TryOpenConnection] Opening Connection to Agent
[2018.11.28-21.35.05:654][821]LogSwarmInterface: [TryOpenConnection] Local Process ID is 13632
[2018.11.28-21.35.10:495][821]LogStaticLightingSystem: Warning: No importance volume found, so the scene bounding box was used.  You can optimize your scene's quality and lighting build times by adding importance volumes.
[2018.11.28-21.35.10:495][821]LogStaticLightingSystem: Running Lightmass w/ ImmediateImport mode ENABLED
[2018.11.28-21.35.10:495][821]LogStaticLightingSystem: Running Lightmass w/ ImmediateProcess mode ENABLED
[2018.11.28-21.35.10:495][821]LogStaticLightingSystem: Running Lightmass w/ Sorting mode ENABLED
[2018.11.28-21.35.10:495][821]LogStaticLightingSystem: Running Lightmass w/ Mapping paddings ENABLED
[2018.11.28-21.35.10:495][821]LogStaticLightingSystem: Running Lightmass w/ Mapping debug paddings DISABLED
[2018.11.28-21.35.10:746][821]LogEditorBuildUtils: Build time 0:05
[2018.11.28-21.35.17:311][842]Job is a success!
[2018.11.28-21.35.17:679][843]LogSlate: Took 0.000202 seconds to synchronously load lazily loaded font '../../../Engine/Content/Slate/Fonts/Roboto-Light.ttf' (167K)
[2018.11.28-21.35.17:746][843]LogVolumetricLightmapImport: Imported Volumetric Lightmap in 0.040s
[2018.11.28-21.35.17:746][843]LogVolumetricLightmapImport:      Indirection Texture 16x16x16 = 0.0Mb
[2018.11.28-21.35.17:746][843]LogVolumetricLightmapImport:      BrickData 1280x10x5 = 2.3Mb
[2018.11.28-21.35.17:746][843]LogVolumetricLightmapImport:      Bricks at Level
[2018.11.28-21.35.17:746][843]LogVolumetricLightmapImport:          0: 0.3% covering 100.0% of volume
[2018.11.28-21.35.17:746][843]LogVolumetricLightmapImport:          1: 4.5% covering 25.0% of volume
[2018.11.28-21.35.17:746][843]LogVolumetricLightmapImport:          2: 95.2% covering 8.3% of volume
[2018.11.28-21.35.18:623][843]LogTexture: Display: Building textures: HQ_Lightmap0_1 (AutoDXT, 1024X1024)
[2018.11.28-21.35.18:623][843]LogTexture: Display: Building textures: LQ_Lightmap_0_1 (DXT1, 1024X1024)
[2018.11.28-21.35.18:623][843]LogTexture: Display: Building textures: HQ_Lightmap0_2 (AutoDXT, 1024X1024)
[2018.11.28-21.35.18:623][843]LogTexture: Display: Building textures: LQ_Lightmap_0_2 (DXT1, 1024X1024)
[2018.11.28-21.35.18:623][843]LogTexture: Display: Building textures: HQ_Lightmap0_3 (AutoDXT, 64X64)
[2018.11.28-21.35.18:624][843]LogTexture: Display: Building textures: LQ_Lightmap_0_3 (DXT1, 64X64)
[2018.11.28-21.35.18:822][843]LogTexture: Display: Building textures: ShadowMapTexture2D_1 (G8, 32X32)
[2018.11.28-21.35.18:859][843]LogTexture: Display: Building textures: ShadowMapTexture2D_0 (G8, 1024X1024)
[2018.11.28-21.35.18:896][843]Lightmass on DESKTOP-C6U4EA4: 6.96 sec total, 194 ms importing, 34 ms setup, 1.24 sec photons, 5.42 sec processing, 0 ms extra exporting [272/272 mappings]. Threads: 21.6 sec total, 6.97 sec processing.
[2018.11.28-21.35.19:006][843]LogStaticLightingSystem: Illumination: 13.6 sec (660 ms encoding lightmaps, 231 ms encoding shadowmaps)
[2018.11.28-21.35.19:006][843]LogStaticLightingSystem: Lightmap texture memory:  4.0 MB (0.0 MB streaming, 4.0 MB non-streaming), 6 textures
[2018.11.28-21.35.19:006][843]LogStaticLightingSystem: Shadowmap texture memory: 1.3 MB (0.0 MB streaming, 1.3 MB non-streaming), 2 textures
[2018.11.28-21.35.19:534][843]DumpUnbuiltLightIteractions
[2018.11.28-21.35.19:534][843]Lights with unbuilt interactions: 0
[2018.11.28-21.35.19:534][843]
[2018.11.28-21.35.19:534][843]Primitives with unbuilt interactions: 0
[2018.11.28-21.35.19:617][844]Cmd: MAP CHECK NOTIFYRESULTS
[2018.11.28-21.35.19:618][844]MapCheck: New page: Main - 28 Nov 2018 21:35:19
[2018.11.28-21.35.19:686][844]MapCheck: Map check complete: 0 Error(s), 0 Warning(s), took 68.819ms to complete.
[2018.11.28-21.37.52:312][519]LogSlate: FSceneViewport::OnFocusLost() reason 0
[2018.11.28-21.37.55:861][896]LogEditor: Attempting to add actor of class 'Building' to level at 1400.00,1050.00,100.00
[2018.11.28-21.37.55:862][896]LogActor: Warning: Building /Game/MyContent/Maps/Main.Main:PersistentLevel.Building_0 has natively added scene component(s), but none of them were set as the actor's RootComponent - picking one arbitrarily
[2018.11.28-21.37.56:508][969]LogEditor: Attempting to add actor of class 'Building' to level at 1030.00,2050.00,50.00
[2018.11.28-21.37.56:511][969]LogActor: Warning: Building /Game/MyContent/Maps/Main.Main:PersistentLevel.Building_1 has natively added scene component(s), but none of them were set as the actor's RootComponent - picking one arbitrarily
[2018.11.28-21.38.15:077][121]LogEditorViewport: Clicking on Actor (LMB): Building (Building1)
[2018.11.28-21.38.16:537][291]LogSlate: FSceneViewport::OnFocusLost() reason 0
[2018.11.28-21.38.31:530][ 68]LogEditorViewport: Clicking on Actor (LMB): Building (Building1)
[2018.11.28-21.38.43:030][430]Cmd: DELETE
[2018.11.28-21.38.43:030][430]Cmd: ACTOR DELETE
[2018.11.28-21.38.43:047][430]LogEditorActor: Deleted Actor: Building
[2018.11.28-21.38.43:067][430]LogEditorActor: Deleted 1 Actors (0.029 secs)
[2018.11.28-21.38.45:476][719]LogSlate: FSceneViewport::OnFocusLost() reason 0
[2018.11.28-21.38.47:803][994]LogAssetEditorManager: Opening Asset editor for StaticMesh /Game/MyContent/Meshes/SM_Building.SM_Building
[2018.11.28-21.38.48:361][994]LogRenderer: Reallocating scene render targets to support 1432x924 Format 10 NumSamples 1 (Frame:1).
[2018.11.28-21.38.48:361][994]LogSlate: Took 0.000211 seconds to synchronously load lazily loaded font '../../../Engine/Content/Slate/Fonts/Roboto-Italic.ttf' (157K)
[2018.11.28-21.38.57:049][882]LogMaterial: Warning: Material /Game/MyContent/materials/M_White.M_White needed to have new flag set bUsedWithStaticLighting !
[2018.11.28-21.38.57:052][882]LogMaterial: Display: Missing cached shader map for material M_White, compiling. 
[2018.11.28-21.38.57:163][883]LogShaderCompilers: Display: Shaders left to compile 69
[2018.11.28-21.38.57:164][883]LogShaderCompilers: Display: Shaders left to compile 59
[2018.11.28-21.38.57:164][883]LogShaderCompilers: Display: Shaders left to compile 49
[2018.11.28-21.39.04:080][628]LogShaderCompilers: Display: Shaders left to compile 39
[2018.11.28-21.39.06:657][920]LogShaderCompilers: Display: Shaders left to compile 29
[2018.11.28-21.39.06:832][939]LogShaderCompilers: Display: Shaders left to compile 19
[2018.11.28-21.39.09:332][212]LogShaderCompilers: Display: Shaders left to compile 9
[2018.11.28-21.39.12:311][538]LogSlate: FSceneViewport::OnFocusLost() reason 2
[2018.11.28-21.39.17:847][ 28]Cmd: OBJ SAVEPACKAGE PACKAGE="/Game/MyContent/Meshes/SM_Building" FILE="A:/Projects/Unreal Engine Projects/LearningToDrive/LearningToDrive/Content/MyContent/Meshes/SM_Building.uasset" SILENT=true
[2018.11.28-21.39.17:872][ 28]LogSavePackage: Moving 'A:/Projects/Unreal Engine Projects/LearningToDrive/LearningToDrive/Saved/SM_BuildingA52C0D234CBEB73A1ACF59A3E6B858F3.tmp' to 'A:/Projects/Unreal Engine Projects/LearningToDrive/LearningToDrive/Content/MyContent/Meshes/SM_Building.uasset'
[2018.11.28-21.39.20:300][308]LogSlate: FSceneViewport::OnFocusLost() reason 0
[2018.11.28-21.39.20:432][323]LogSlate: Window 'SM_Building' being destroyed
[2018.11.28-21.39.22:196][524]LogSlate: FSceneViewport::OnFocusLost() reason 0
[2018.11.28-21.39.22:453][553]LogActorFactory: Actor Factory created SM_Building
[2018.11.28-21.39.23:483][676]LogActorFactory: Actor Factory created SM_Building
[2018.11.28-21.39.26:668][ 48]Cmd: DELETE
[2018.11.28-21.39.26:668][ 48]Cmd: ACTOR DELETE
[2018.11.28-21.39.26:672][ 48]LogEditorActor: Deleted Actor: StaticMeshActor
[2018.11.28-21.39.26:699][ 48]LogEditorActor: Deleted 1 Actors (0.031 secs)
[2018.11.28-21.42.00:686][773]LogSlate: FSceneViewport::OnFocusLost() reason 0
[2018.11.28-21.42.00:871][777]Candidate modules for hot reload:
[2018.11.28-21.42.00:871][777]  LearningToDrive
[2018.11.28-21.42.00:872][777]Launching UnrealBuildTool... [C:/Program Files/Epic Games/UE_4.20/Engine/Binaries/DotNET/UnrealBuildTool.exe  -ModuleWithSuffix=LearningToDrive,6469 Win64 Development -TargetType=Editor -Project="A:/Projects/Unreal Engine Projects/LearningToDrive/LearningToDrive/LearningToDrive.uproject" -canskiplink "A:/Projects/Unreal Engine Projects/LearningToDrive/LearningToDrive/LearningToDrive.uproject" ]
[2018.11.28-21.42.00:878][777]Warning: Starting HotReload took  0.1s.
[2018.11.28-21.42.19:609][  1]CompilerResultsLog: New page: Compilation - 28 Nov 2018 21:42:19
[2018.11.28-21.42.19:609][  1]CompilerResultsLog: Using 'git status' to determine working set for adaptive non-unity build.
[2018.11.28-21.42.19:609][  1]CompilerResultsLog: Creating makefile for hot reloading LearningToDriveEditor (.uproject file is newer)
[2018.11.28-21.42.19:609][  1]CompilerResultsLog: Compiling game modules for hot reload
[2018.11.28-21.42.19:609][  1]CompilerResultsLog: Using Visual Studio 2017 14.15.26726 toolchain (C:\Program Files (x86)\Microsoft Visual Studio\2017\Community\VC\Tools\MSVC\14.15.26726) and Windows 10.0.17134.0 SDK (C:\Program Files (x86)\Windows Kits\10).
[2018.11.28-21.42.19:609][  1]CompilerResultsLog: Parsing headers for LearningToDriveEditor
[2018.11.28-21.42.19:609][  1]CompilerResultsLog:   Running UnrealHeaderTool "A:\Projects\Unreal Engine Projects\LearningToDrive\LearningToDrive\LearningToDrive.uproject" "A:\Projects\Unreal Engine Projects\LearningToDrive\LearningToDrive\Intermediate\Build\Win64\LearningToDriveEditor\Development\LearningToDriveEditor.uhtmanifest" -LogCmds="loginit warning, logexit warning, logdatabase error" -Unattended -WarningsAsErrors -installed
[2018.11.28-21.42.19:609][  1]CompilerResultsLog: Reflection code generated for LearningToDriveEditor in 10.6628207 seconds
[2018.11.28-21.42.19:609][  1]CompilerResultsLog: Building 5 actions with 4 processes...
[2018.11.28-21.42.19:609][  1]CompilerResultsLog:   [1/5] LearningToDrive.init.gen.cpp
[2018.11.28-21.42.19:609][  1]CompilerResultsLog:   [2/5] Building.cpp
[2018.11.28-21.42.19:609][  1]CompilerResultsLog:   [3/5] Building.gen.cpp
[2018.11.28-21.42.19:609][  1]CompilerResultsLog:   [4/5] UE4Editor-LearningToDrive-6469.lib
[2018.11.28-21.42.19:609][  1]CompilerResultsLog:      Creating library A:\Projects\Unreal Engine Projects\LearningToDrive\LearningToDrive\Intermediate\Build\Win64\UE4Editor\Development\LearningToDrive\UE4Editor-LearningToDrive-6469.lib and object A:\Projects\Unreal Engine Projects\LearningToDrive\LearningToDrive\Intermediate\Build\Win64\UE4Editor\Development\LearningToDrive\UE4Editor-LearningToDrive-6469.exp
[2018.11.28-21.42.19:609][  1]CompilerResultsLog:   [5/5] UE4Editor-LearningToDrive-6469.dll
[2018.11.28-21.42.19:609][  1]CompilerResultsLog:      Creating library A:\Projects\Unreal Engine Projects\LearningToDrive\LearningToDrive\Intermediate\Build\Win64\UE4Editor\Development\LearningToDrive\UE4Editor-LearningToDrive-6469.suppressed.lib and object A:\Projects\Unreal Engine Projects\LearningToDrive\LearningToDrive\Intermediate\Build\Win64\UE4Editor\Development\LearningToDrive\UE4Editor-LearningToDrive-6469.suppressed.exp
[2018.11.28-21.42.19:609][  1]CompilerResultsLog: Total build time: 18.41 seconds (Parallel executor: 2.28 seconds)
[2018.11.28-21.42.19:609][  1]LogMainFrame: MainFrame: Module compiling took 18.762 seconds
[2018.11.28-21.42.19:644][  1]LogClass: Could not find existing class Building in package /Script/LearningToDrive for HotReload, assuming new class
[2018.11.28-21.42.19:647][  1]LogWindows: Windows GetLastError: The operation completed successfully. (0)
[2018.11.28-21.42.21:237][  1]LogWindows: Error: === Critical error: ===
[2018.11.28-21.42.21:237][  1]LogWindows: Error: 
[2018.11.28-21.42.21:237][  1]LogWindows: Error: Fatal error: [File:D:\Build\++UE4\Sync\Engine\Source\Runtime\CoreUObject\Private\UObject\UObjectGlobals.cpp] [Line: 3172] 
[2018.11.28-21.42.21:237][  1]LogWindows: Error: NewObject with empty name can't be used to create default subobjects (inside of UObject derived class constructor) as it produces inconsistent object names. Use ObjectInitializer.CreateDefaultSuobject<> instead.
[2018.11.28-21.42.21:237][  1]LogWindows: Error: 
[2018.11.28-21.42.21:237][  1]LogWindows: Error: 
[2018.11.28-21.42.21:237][  1]LogWindows: Error: [Callstack] 0x00007fffa909a388 KERNELBASE.dll!UnknownFunction []
[2018.11.28-21.42.21:237][  1]LogWindows: Error: [Callstack] 0x00007fff83fe6850 UE4Editor-ApplicationCore.dll!UnknownFunction []
[2018.11.28-21.42.21:237][  1]LogWindows: Error: [Callstack] 0x00007fff6f0962fc UE4Editor-Core.dll!UnknownFunction []
[2018.11.28-21.42.21:237][  1]LogWindows: Error: [Callstack] 0x00007fff6f0251db UE4Editor-Core.dll!UnknownFunction []
[2018.11.28-21.42.21:237][  1]LogWindows: Error: [Callstack] 0x00007fff7c27ddec UE4Editor-CoreUObject.dll!UnknownFunction []
[2018.11.28-21.42.21:237][  1]LogWindows: Error: [Callstack] 0x00007fff6ce04283 UE4Editor-Engine.dll!UnknownFunction []
[2018.11.28-21.42.21:237][  1]LogWindows: Error: [Callstack] 0x00007fff95f620e2 UE4Editor-LearningToDrive-6469.dll!ABuilding::ABuilding() [a:\projects\unreal engine projects\learningtodrive\learningtodrive\source\learningtodrive\building.cpp:17]
[2018.11.28-21.42.21:237][  1]LogWindows: Error: [Callstack] 0x00007fff7bfeaafd UE4Editor-CoreUObject.dll!UnknownFunction []
[2018.11.28-21.42.21:237][  1]LogWindows: Error: [Callstack] 0x00007fff7c2cdcf8 UE4Editor-CoreUObject.dll!UnknownFunction []
[2018.11.28-21.42.21:237][  1]LogWindows: Error: [Callstack] 0x00007fff7c2ada9f UE4Editor-CoreUObject.dll!UnknownFunction []
[2018.11.28-21.42.21:237][  1]LogWindows: Error: [Callstack] 0x00007fff7bff0a57 UE4Editor-CoreUObject.dll!UnknownFunction []
[2018.11.28-21.42.21:237][  1]LogWindows: Error: [Callstack] 0x00007fff6ef3e08e UE4Editor-Core.dll!UnknownFunction []
[2018.11.28-21.42.21:237][  1]LogWindows: Error: [Callstack] 0x00007fff6f0f7851 UE4Editor-Core.dll!UnknownFunction []
[2018.11.28-21.42.21:237][  1]LogWindows: Error: [Callstack] 0x00007fff6f0f6b49 UE4Editor-Core.dll!UnknownFunction []
[2018.11.28-21.42.21:238][  1]LogWindows: Error: [Callstack] 0x00007fff5a1e0673 UE4Editor-HotReload.dll!UnknownFunction []
[2018.11.28-21.42.21:238][  1]LogWindows: Error: [Callstack] 0x00007fff5a1de067 UE4Editor-HotReload.dll!UnknownFunction []
[2018.11.28-21.42.21:238][  1]LogWindows: Error: [Callstack] 0x00007fff5a1de9f7 UE4Editor-HotReload.dll!UnknownFunction []
[2018.11.28-21.42.21:238][  1]LogWindows: Error: [Callstack] 0x00007fff5a1f2d94 UE4Editor-HotReload.dll!UnknownFunction []
[2018.11.28-21.42.21:238][  1]LogWindows: Error: [Callstack] 0x00007fff6eec47b2 UE4Editor-Core.dll!UnknownFunction []
[2018.11.28-21.42.21:238][  1]LogWindows: Error: [Callstack] 0x00007ff7f3cc8269 UE4Editor.exe!UnknownFunction []
[2018.11.28-21.42.21:238][  1]LogWindows: Error: [Callstack] 0x00007ff7f3cd5b3c UE4Editor.exe!UnknownFunction []
[2018.11.28-21.42.21:238][  1]LogWindows: Error: [Callstack] 0x00007ff7f3cd5bba UE4Editor.exe!UnknownFunction []
[2018.11.28-21.42.21:238][  1]LogWindows: Error: [Callstack] 0x00007ff7f3ce3dac UE4Editor.exe!UnknownFunction []
[2018.11.28-21.42.21:238][  1]LogWindows: Error: [Callstack] 0x00007ff7f3ce5aaa UE4Editor.exe!UnknownFunction []
[2018.11.28-21.42.21:238][  1]LogWindows: Error: [Callstack] 0x00007fffab5e3034 KERNEL32.DLL!UnknownFunction []
[2018.11.28-21.42.21:238][  1]LogWindows: Error: [Callstack] 0x00007fffacce1471 ntdll.dll!UnknownFunction []
[2018.11.28-21.42.21:238][  1]LogWindows: Error: 
[2018.11.28-21.42.21:253][  1]LogExit: Executing StaticShutdownAfterError
[2018.11.28-21.42.21:256][  1]LogWindows: FPlatformMisc::RequestExit(1)
[2018.11.28-21.42.21:257][  1]Log file closed, 11/28/18 21:42:21
