Log file open, 12/02/18 21:19:52
LogWindows: Failed to load 'aqProf.dll' (GetLastError=126)
LogWindows: File 'aqProf.dll' does not exist
LogWindows: Failed to load 'VtuneApi.dll' (GetLastError=126)
LogWindows: File 'VtuneApi.dll' does not exist
LogWindows: Failed to load 'VtuneApi32e.dll' (GetLastError=126)
LogWindows: File 'VtuneApi32e.dll' does not exist
LogInit: Display: Running engine for game: LearningToDrive
LogPlatformFile: Not using cached read wrapper
LogTaskGraph: Started task graph with 5 named threads and 14 total threads with 3 sets of task threads.
LogStats: Stats thread started at 0.361111
LogD3D11RHI: Loaded GFSDK_Aftermath_Lib.x64.dll
LogICUInternationalization: Display: ICU TimeZone Detection - Raw Offset: +0:00, Platform Override: ''
LogPluginManager: Mounting plugin Paper2D
LogPluginManager: Mounting plugin AISupport
LogPluginManager: Mounting plugin LightPropagationVolume
LogPluginManager: Mounting plugin CLionSourceCodeAccess
LogPluginManager: Mounting plugin CodeLiteSourceCodeAccess
LogPluginManager: Mounting plugin GitSourceControl
LogPluginManager: Mounting plugin KDevelopSourceCodeAccess
LogPluginManager: Mounting plugin NullSourceCodeAccess
LogPluginManager: Mounting plugin PerforceSourceControl
LogPluginManager: Mounting plugin SubversionSourceControl
LogPluginManager: Mounting plugin UObjectPlugin
LogPluginManager: Mounting plugin VisualStudioCodeSourceCodeAccess
LogPluginManager: Mounting plugin VisualStudioSourceCodeAccess
LogPluginManager: Mounting plugin XCodeSourceCodeAccess
LogPluginManager: Mounting plugin AssetManagerEditor
LogPluginManager: Mounting plugin CryptoKeys
LogPluginManager: Mounting plugin DataValidation
LogPluginManager: Mounting plugin FacialAnimation
LogPluginManager: Mounting plugin GameplayTagsEditor
LogPluginManager: Mounting plugin MacGraphicsSwitching
LogPluginManager: Mounting plugin MeshEditor
LogPluginManager: Mounting plugin MobileLauncherProfileWizard
LogPluginManager: Mounting plugin PluginBrowser
LogPluginManager: Mounting plugin SpeedTreeImporter
LogPluginManager: Mounting plugin DatasmithContent
LogPluginManager: Mounting plugin AlembicImporter
LogPluginManager: Mounting plugin AppleImageUtils
LogPluginManager: Mounting plugin AppleVision
LogPluginManager: Mounting plugin BackChannel
LogPluginManager: Mounting plugin CharacterAI
LogPluginManager: Mounting plugin GeometryCache
LogPluginManager: Mounting plugin HTML5Networking
LogPluginManager: Mounting plugin ProxyLODPlugin
LogPluginManager: Mounting plugin MagicLeap
LogPluginManager: Mounting plugin MagicLeapEmulator
LogPluginManager: Mounting plugin MagicLeapMedia
LogPluginManager: Mounting plugin AndroidMedia
LogPluginManager: Mounting plugin AvfMedia
LogPluginManager: Mounting plugin ImgMedia
LogPluginManager: Mounting plugin LinearTimecode
LogPluginManager: Mounting plugin MediaCompositing
LogPluginManager: Mounting plugin MediaPlayerEditor
LogPluginManager: Mounting plugin WmfMedia
LogPluginManager: Mounting plugin TcpMessaging
LogPluginManager: Mounting plugin UdpMessaging
LogPluginManager: Mounting plugin ActorSequence
LogPluginManager: Mounting plugin LevelSequenceEditor
LogPluginManager: Mounting plugin MatineeToLevelSequence
LogPluginManager: Mounting plugin NetcodeUnitTest
LogPluginManager: Mounting plugin NUTUnrealEngine4
LogPluginManager: Mounting plugin OnlineSubsystemGooglePlay
LogPluginManager: Mounting plugin OnlineSubsystemIOS
LogPluginManager: Mounting plugin OnlineSubsystem
LogPluginManager: Mounting plugin OnlineSubsystemNull
LogPluginManager: Mounting plugin OnlineSubsystemUtils
LogPluginManager: Mounting plugin LauncherChunkInstaller
LogPluginManager: Mounting plugin AndroidDeviceProfileSelector
LogPluginManager: Mounting plugin AndroidMoviePlayer
LogPluginManager: Mounting plugin AndroidPermission
LogPluginManager: Mounting plugin AppleMoviePlayer
LogPluginManager: Mounting plugin ArchVisCharacter
LogPluginManager: Mounting plugin AudioCapture
LogPluginManager: Mounting plugin CableComponent
LogPluginManager: Mounting plugin CustomMeshComponent
LogPluginManager: Mounting plugin EditableMesh
LogPluginManager: Mounting plugin ExampleDeviceProfileSelector
LogPluginManager: Mounting plugin GoogleCloudMessaging
LogPluginManager: Mounting plugin ImmediatePhysics
LogPluginManager: Mounting plugin IOSDeviceProfileSelector
LogPluginManager: Mounting plugin LinuxDeviceProfileSelector
LogPluginManager: Mounting plugin LocationServicesBPLibrary
LogPluginManager: Mounting plugin MobilePatchingUtils
LogPluginManager: Mounting plugin OculusVR
LogPluginManager: Plugin shader directory ../../../Engine/Plugins/Runtime/Oculus/OculusVR/Shaders found
LogPluginManager: Mapping shader source directory ../../../Engine/Plugins/Runtime/Oculus/OculusVR/Shaders to virtual directory /Plugin/OculusVR
LogPluginManager: Mounting plugin PhysXVehicles
LogPluginManager: Mounting plugin ProceduralMeshComponent
LogPluginManager: Mounting plugin RuntimePhysXCooking
LogPluginManager: Mounting plugin SteamVR
LogPluginManager: Mounting plugin WindowsMoviePlayer
LogStreaming: Display: Took  0.121s to configure plugins.
LogInit: Using libcurl 7.55.1-DEV
LogInit:  - built for x86_64-pc-win32
LogInit:  - supports SSL with OpenSSL/1.0.2h
LogInit:  - supports HTTP deflate (compression) using libz 1.2.8
LogInit:  - other features:
LogInit:      CURL_VERSION_SSL
LogInit:      CURL_VERSION_LIBZ
LogInit:      CURL_VERSION_IPV6
LogInit:      CURL_VERSION_ASYNCHDNS
LogInit:      CURL_VERSION_LARGEFILE
LogInit:      CURL_VERSION_IDN
LogInit:  CurlRequestOptions (configurable via config and command line):
LogInit:  - bVerifyPeer = false  - Libcurl will NOT verify peer certificate
LogInit:  - bUseHttpProxy = false  - Libcurl will NOT use HTTP proxy
LogInit:  - bDontReuseConnections = false  - Libcurl will reuse connections
LogInit:  - CertBundlePath = nullptr  - Libcurl will use whatever was configured at build time.
LogInit:  - MaxHostConnections = 16  - Libcurl will limit the number of connections to a host
LogInit:  - LocalHostAddr = Default
LogInit:  - BufferSize = 65536
LogInit: WinSock: version 1.1 (2.2), MaxSocks=32767, MaxUdp=65467
LogInit: Build: ++UE4+Release-4.20-CL-4369336
LogInit: Engine Version: 4.20.3-4369336+++UE4+Release-4.20
LogInit: Compatible Engine Version: 4.20.0-4212847+++UE4+Release-4.20
LogInit: Net CL: 4212847
LogInit: OS: Windows 10 (), CPU: Intel(R) Core(TM) i5-6600 CPU @ 3.30GHz, GPU: NVIDIA GeForce GTX 970
LogInit: Compiled (64-bit): Sep 17 2018 12:26:19
LogInit: Compiled with Visual C++: 19.13.26129.00
LogInit: Build Configuration: Development
LogInit: Branch Name: ++UE4+Release-4.20
LogInit: Command Line: -EpicPortal -epicusername="TasGamer" -epicuserid=75455451a11a4e86936f96d58b7d0fbf -epiclocale=en-GB
LogInit: Base Directory: C:/Program Files/Epic Games/UE_4.20/Engine/Binaries/Win64/
LogInit: Installed Engine Build: 1
LogDevObjectVersion: Number of dev versions registered: 20
LogDevObjectVersion:   Dev-Blueprints (B0D832E4-1F89-4F0D-ACCF-7EB736FD4AA2): 10
LogDevObjectVersion:   Dev-Build (E1C64328-A22C-4D53-A36C-8E866417BD8C): 0
LogDevObjectVersion:   Dev-Core (375EC13C-06E4-48FB-B500-84F0262A717E): 2
LogDevObjectVersion:   Dev-Editor (E4B068ED-F494-42E9-A231-DA0B2E46BB41): 24
LogDevObjectVersion:   Dev-Framework (CFFC743F-43B0-4480-9391-14DF171D2073): 34
LogDevObjectVersion:   Dev-Mobile (B02B49B5-BB20-44E9-A304-32B752E40360): 2
LogDevObjectVersion:   Dev-Networking (A4E4105C-59A1-49B5-A7C5-40C4547EDFEE): 0
LogDevObjectVersion:   Dev-Online (39C831C9-5AE6-47DC-9A44-9C173E1C8E7C): 0
LogDevObjectVersion:   Dev-Physics (78F01B33-EBEA-4F98-B9B4-84EACCB95AA2): 0
LogDevObjectVersion:   Dev-Platform (6631380F-2D4D-43E0-8009-CF276956A95A): 0
LogDevObjectVersion:   Dev-Rendering (12F88B9F-8875-4AFC-A67C-D90C383ABD29): 26
LogDevObjectVersion:   Dev-Sequencer (7B5AE74C-D270-4C10-A958-57980B212A5A): 9
LogDevObjectVersion:   Dev-VR (D7296918-1DD6-4BDD-9DE2-64A83CC13884): 2
LogDevObjectVersion:   Dev-LoadTimes (C2A15278-BFE7-4AFE-6C17-90FF531DF755): 1
LogDevObjectVersion:   Private-Geometry (6EACA3D4-40EC-4CC1-B786-8BED09428FC5): 3
LogDevObjectVersion:   Dev-AnimPhys (29E575DD-E0A3-4627-9D10-D276232CDCEA): 17
LogDevObjectVersion:   Dev-ReflectionCapture (6B266CEC-1EC7-4B8F-A30B-E4D90942FC07): 1
LogDevObjectVersion:   Dev-Automation (0DF73D61-A23F-47EA-B727-89E90C41499A): 1
LogDevObjectVersion:   FortniteMain (601D1886-AC64-4F84-AA16-D3DE0DEAC7D6): 12
LogDevObjectVersion:   Dev-Enterprise (9DFFBCD6-494F-0158-E221-12823C92A888): 1
LogStreaming: Display: Took  0.003s to delete old logs.
LogInit: Presizing for max 8388607 objects, including 0 objects not considered by GC, pre-allocating 0 bytes for permanent pool.
LogInit: Object subsystem initialized
[2018.12.02-21.19.53:259][  0]LogInit: Selected Device Profile: [Windows]
[2018.12.02-21.19.53:259][  0]LogInit: Applying CVar settings loaded from the selected device profile: [Windows]
[2018.12.02-21.19.53:282][  0]LogHAL: Display: Platform has ~ 16 GB [17116667904 / 17179869184 / 16], which maps to Larger [LargestMinGB=32, LargerMinGB=12, DefaultMinGB=8, SmallerMinGB=6, SmallestMinGB=0)
[2018.12.02-21.19.53:282][  0]LogInit: Setting Device Profile CVar: [[r.Vulkan.UseRealUBs:1]]
[2018.12.02-21.19.53:282][  0]LogInit: Going up to parent DeviceProfile []
[2018.12.02-21.19.53:283][  0]LogInit: Computer: DESKTOP-C6U4EA4
[2018.12.02-21.19.53:283][  0]LogInit: User: ThomasSimon
[2018.12.02-21.19.53:283][  0]LogInit: CPU Page size=4096, Cores=4
[2018.12.02-21.19.53:283][  0]LogInit: High frequency timer resolution =3.234375 MHz
[2018.12.02-21.19.53:283][  0]LogMemory: Memory total: Physical=15.9GB (16GB approx)
[2018.12.02-21.19.53:283][  0]LogMemory: Platform Memory Stats for Windows
[2018.12.02-21.19.53:283][  0]LogMemory: Process Physical Memory: 100.86 MB used, 100.86 MB peak
[2018.12.02-21.19.53:283][  0]LogMemory: Process Virtual Memory: 84.47 MB used, 84.47 MB peak
[2018.12.02-21.19.53:283][  0]LogMemory: Physical Memory: 5493.77 MB used,  10829.95 MB free, 16323.73 MB total
[2018.12.02-21.19.53:283][  0]LogMemory: Virtual Memory: 4625.40 MB used,  10829.95 MB free, 134217728.00 MB total
[2018.12.02-21.19.53:394][  0]LogInit: Using OS detected language (en-GB).
[2018.12.02-21.19.53:394][  0]LogInit: Using OS detected locale (en-GB).
[2018.12.02-21.19.53:397][  0]LogTextLocalizationManager: No specific localization for 'en-GB' exists, so the 'en' localization will be used.
[2018.12.02-21.19.53:896][  0]LogStreaming: Display: Took  0.503s to InitEngineTextLocalization.
[2018.12.02-21.19.53:896][  0]LogInit: Setting process to per monitor DPI aware
[2018.12.02-21.19.53:966][  0]LogSlate: New Slate User Created.  User Index 0, Is Virtual User: 0
[2018.12.02-21.19.53:966][  0]LogSlate: Slate User Registered.  User Index 0, Is Virtual User: 0
[2018.12.02-21.19.56:521][  0]LogHMD: Failed to initialize OpenVR with code 110
[2018.12.02-21.19.56:521][  0]LogD3D11RHI: D3D11 adapters:
[2018.12.02-21.19.56:606][  0]LogD3D11RHI:    0. 'NVIDIA GeForce GTX 970' (Feature Level 11_0)
[2018.12.02-21.19.56:606][  0]LogD3D11RHI:       4043/0/8161 MB DedicatedVideo/DedicatedSystem/SharedSystem, Outputs:3, VendorId:0x10de
[2018.12.02-21.19.56:609][  0]LogD3D11RHI:    1. 'Microsoft Basic Render Driver' (Feature Level 11_0)
[2018.12.02-21.19.56:609][  0]LogD3D11RHI:       0/0/8161 MB DedicatedVideo/DedicatedSystem/SharedSystem, Outputs:0, VendorId:0x1414
[2018.12.02-21.19.56:609][  0]LogD3D11RHI: Chosen D3D11 Adapter: 0
[2018.12.02-21.19.56:616][  0]LogD3D11RHI: Creating new Direct3DDevice
[2018.12.02-21.19.56:616][  0]LogD3D11RHI:     GPU DeviceId: 0x13c2 (for the marketing name, search the web for "GPU Device Id")
[2018.12.02-21.19.56:616][  0]LogWindows: EnumDisplayDevices:
[2018.12.02-21.19.56:616][  0]LogWindows:    0. 'NVIDIA GeForce GTX 970' (P:0 D:1)
[2018.12.02-21.19.56:616][  0]LogWindows:    1. 'NVIDIA GeForce GTX 970' (P:0 D:1)
[2018.12.02-21.19.56:616][  0]LogWindows:    2. 'NVIDIA GeForce GTX 970' (P:1 D:1)
[2018.12.02-21.19.56:617][  0]LogWindows:    3. 'NVIDIA GeForce GTX 970' (P:0 D:0)
[2018.12.02-21.19.56:617][  0]LogWindows: DebugString: FoundDriverCount:4 
[2018.12.02-21.19.56:617][  0]LogD3D11RHI:     Adapter Name: NVIDIA GeForce GTX 970
[2018.12.02-21.19.56:617][  0]LogD3D11RHI:   Driver Version: 398.11 (internal:24.21.13.9811, unified:398.11)
[2018.12.02-21.19.56:617][  0]LogD3D11RHI:      Driver Date: 6-1-2018
[2018.12.02-21.19.56:617][  0]LogRHI: Texture pool is 2830 MB (70% of 4043 MB)
[2018.12.02-21.19.56:651][  0]LogD3D11RHI: Async texture creation enabled
[2018.12.02-21.19.56:673][  0]LogD3D11RHI: GPU Timing Frequency: 1000.000000 (Debug: 2 2)
[2018.12.02-21.19.56:728][  0]LogShaderCompilers: Guid format shader working directory is -13 characters bigger than the processId version (A:/Projects/Unreal Engine Projects/LearningToDrive/LearningToDrive/Intermediate/Shaders/WorkingDirectory/9788/).
[2018.12.02-21.19.56:728][  0]LogShaderCompilers: Cleaned the shader compiler working directory 'C:/Users/Thomas Simon/AppData/Local/Temp/UnrealShaderWorkingDir/4BC4B95447868362716566A45169D278/'.
[2018.12.02-21.19.57:002][  0]LogTemp: Display: Loaded TP AllDesktopTargetPlatform
[2018.12.02-21.19.57:020][  0]LogTemp: Display: Loaded TP MacClientTargetPlatform
[2018.12.02-21.19.57:038][  0]LogTemp: Display: Loaded TP MacNoEditorTargetPlatform
[2018.12.02-21.19.57:058][  0]LogTemp: Display: Loaded TP MacServerTargetPlatform
[2018.12.02-21.19.57:079][  0]LogTemp: Display: Loaded TP MacTargetPlatform
[2018.12.02-21.19.57:097][  0]LogTemp: Display: Loaded TP WindowsClientTargetPlatform
[2018.12.02-21.19.57:115][  0]LogTemp: Display: Loaded TP WindowsNoEditorTargetPlatform
[2018.12.02-21.19.57:134][  0]LogTemp: Display: Loaded TP WindowsServerTargetPlatform
[2018.12.02-21.19.57:146][  0]LogTemp: Display: Loaded TP WindowsTargetPlatform
[2018.12.02-21.19.57:230][  0]LogTemp: Display: Loaded TP AndroidTargetPlatform
[2018.12.02-21.19.57:230][  0]LogTemp: Display: Loaded TP AndroidTargetPlatform
[2018.12.02-21.19.57:230][  0]LogTemp: Display: Loaded TP AndroidTargetPlatform
[2018.12.02-21.19.57:230][  0]LogTemp: Display: Loaded TP AndroidTargetPlatform
[2018.12.02-21.19.57:230][  0]LogTemp: Display: Loaded TP AndroidTargetPlatform
[2018.12.02-21.19.57:230][  0]LogTemp: Display: Loaded TP AndroidTargetPlatform
[2018.12.02-21.19.57:230][  0]LogTemp: Display: Loaded TP AndroidTargetPlatform
[2018.12.02-21.19.57:230][  0]LogTemp: Display: Loaded TP AndroidTargetPlatform
[2018.12.02-21.19.57:230][  0]LogTemp: Display: Loaded TP AndroidTargetPlatform
[2018.12.02-21.19.57:230][  0]LogTemp: Display: Loaded TP AndroidTargetPlatform
[2018.12.02-21.19.57:230][  0]LogTemp: Display: Loaded TP AndroidTargetPlatform
[2018.12.02-21.19.57:230][  0]LogTemp: Display: Loaded TP AndroidTargetPlatform
[2018.12.02-21.19.57:230][  0]LogTemp: Display: Loaded TP AndroidTargetPlatform
[2018.12.02-21.19.57:230][  0]LogTemp: Display: Loaded TP AndroidTargetPlatform
[2018.12.02-21.19.57:230][  0]LogTemp: Display: Loaded TP AndroidTargetPlatform
[2018.12.02-21.19.57:230][  0]LogTemp: Display: Loaded TP AndroidTargetPlatform
[2018.12.02-21.19.57:230][  0]LogTemp: Display: Loaded TP AndroidTargetPlatform
[2018.12.02-21.19.57:230][  0]LogTemp: Display: Loaded TP AndroidTargetPlatform
[2018.12.02-21.19.57:237][  0]LogTemp: Display: Loaded TP HTML5TargetPlatform
[2018.12.02-21.19.57:313][  0]LogTemp: Display: Loaded TP IOSTargetPlatform
[2018.12.02-21.19.57:313][  0]LogTemp: Display: Loaded TP IOSTargetPlatform
[2018.12.02-21.19.57:341][  0]LogTemp: Display: Loaded TP TVOSTargetPlatform
[2018.12.02-21.19.57:341][  0]LogTemp: Display: Loaded TP TVOSTargetPlatform
[2018.12.02-21.19.57:358][  0]LogTemp: Display: Loaded TP LinuxClientTargetPlatform
[2018.12.02-21.19.57:375][  0]LogTemp: Display: Loaded TP LinuxNoEditorTargetPlatform
[2018.12.02-21.19.57:393][  0]LogTemp: Display: Loaded TP LinuxServerTargetPlatform
[2018.12.02-21.19.57:414][  0]LogTemp: Display: Loaded TP LinuxTargetPlatform
[2018.12.02-21.19.57:429][  0]LogTemp: Display: Loaded TP LuminTargetPlatform
[2018.12.02-21.19.57:429][  0]LogTargetPlatformManager: Display: Building Assets For Windows
[2018.12.02-21.19.57:644][  0]LogXGEController: Cleaning working directory: C:/Users/Thomas Simon/AppData/Local/Temp/UnrealXGEWorkingDir/
[2018.12.02-21.19.57:644][  0]LogXGEController: Cannot use XGE Controller as Incredibuild is not installed on this machine.
[2018.12.02-21.19.57:644][  0]LogShaderCompilers: Cannot use XGE Shader Compiler as Incredibuild is not installed on this machine.
[2018.12.02-21.19.57:644][  0]LogShaderCompilers: Display: Using Local Shader Compiler.
[2018.12.02-21.19.59:147][  0]LogDerivedDataCache: Display: Max Cache Size: 512 MB
[2018.12.02-21.19.59:507][  0]LogDerivedDataCache: Loaded boot cache 0.36s 71MB C:/Users/Thomas Simon/AppData/Local/UnrealEngine/4.20/DerivedDataCache/Boot.ddc.
[2018.12.02-21.19.59:507][  0]LogDerivedDataCache: Display: Loaded Boot cache: C:/Users/Thomas Simon/AppData/Local/UnrealEngine/4.20/DerivedDataCache/Boot.ddc
[2018.12.02-21.19.59:507][  0]LogDerivedDataCache: FDerivedDataBackendGraph:  Pak pak cache file A:/Projects/Unreal Engine Projects/LearningToDrive/LearningToDrive/DerivedDataCache/DDC.ddp not found, will not use a pak cache.
[2018.12.02-21.19.59:507][  0]LogDerivedDataCache: Unable to find inner node Pak for hierarchical cache Hierarchy.
[2018.12.02-21.19.59:507][  0]LogDerivedDataCache: FDerivedDataBackendGraph:  CompressedPak pak cache file A:/Projects/Unreal Engine Projects/LearningToDrive/LearningToDrive/DerivedDataCache/Compressed.ddp not found, will not use a pak cache.
[2018.12.02-21.19.59:507][  0]LogDerivedDataCache: Unable to find inner node CompressedPak for hierarchical cache Hierarchy.
[2018.12.02-21.19.59:538][  0]LogDerivedDataCache: Display: Pak cache opened for reading ../../../Engine/DerivedDataCache/Compressed.ddp.
[2018.12.02-21.19.59:552][  0]LogDerivedDataCache: Using Local data cache path C:/Users/Thomas Simon/AppData/Local/UnrealEngine/Common/DerivedDataCache: Writable
[2018.12.02-21.19.59:552][  0]LogDerivedDataCache: Shared data cache path not found in *engine.ini, will not use an Shared cache.
[2018.12.02-21.19.59:552][  0]LogDerivedDataCache: Unable to find inner node Shared for hierarchical cache Hierarchy.
[2018.12.02-21.19.59:570][  0]LogMaterial: Verifying Global Shaders for PCD3D_SM5
[2018.12.02-21.19.59:573][  0]LogSlate: Using FreeType 2.6.0
[2018.12.02-21.19.59:574][  0]LogSlate: SlateFontServices - WITH_FREETYPE: 1, WITH_HARFBUZZ: 1
[2018.12.02-21.19.59:678][  0]LogAssetRegistry: FAssetRegistry took 0.0269 seconds to start up
[2018.12.02-21.20.00:019][  0]LogInit: Selected Device Profile: [Windows]
[2018.12.02-21.20.00:282][  0]LogSimplygon: Simplygon DLL not present - disabling.
[2018.12.02-21.20.00:307][  0]LogMeshReduction: Using SimplygonSwarm for distributed automatic mesh merging
[2018.12.02-21.20.00:307][  0]LogMeshReduction: Using ProxyLODMeshReduction for automatic mesh merging
[2018.12.02-21.20.00:307][  0]LogMeshReduction: Using QuadricMeshReduction for automatic static mesh reduction
[2018.12.02-21.20.00:307][  0]LogMeshReduction: No automatic skeletal mesh reduction module available
[2018.12.02-21.20.00:337][  0]LogNetVersion: LearningToDrive 1.0.0, NetCL: 4212847, EngineNetVer: 5, GameNetVer: 0 (Checksum: 1667456807)
[2018.12.02-21.20.01:071][  0]LogPackageLocalizationCache: Processed 11 localized package path(s) for 2 prioritized culture(s) in 0.155851 seconds
[2018.12.02-21.20.01:080][  0]LogUObjectArray: 38425 objects as part of root set at end of initial load.
[2018.12.02-21.20.01:080][  0]LogUObjectAllocator: 6690864 out of 0 bytes used by permanent object pool.
[2018.12.02-21.20.01:080][  0]LogUObjectArray: CloseDisregardForGC: 0/0 objects in disregard for GC pool
[2018.12.02-21.20.13:011][  0]LogTcpMessaging: Initializing TcpMessaging bridge
[2018.12.02-21.20.13:030][  0]LogUdpMessaging: Initializing bridge on interface 0.0.0.0:0 to multicast group 230.0.0.1:6666.
[2018.12.02-21.20.13:613][  0]SourceControl: Source control is disabled
[2018.12.02-21.20.13:613][  0]SourceControl: Source control is disabled
[2018.12.02-21.20.13:633][  0]SourceControl: Source control is disabled
[2018.12.02-21.20.13:641][  0]SourceControl: Source control is disabled
[2018.12.02-21.20.14:085][  0]LogAndroidPermission: UAndroidPermissionCallbackProxy::GetInstance
[2018.12.02-21.20.14:165][  0]LogOcInput: OculusInput pre-init called
[2018.12.02-21.20.14:286][  0]LogEngine: Initializing Engine...
[2018.12.02-21.20.14:288][  0]LogHMD: Failed to initialize OpenVR with code 110
[2018.12.02-21.20.14:291][  0]LogStats: UGameplayTagsManager::ConstructGameplayTagTree: ImportINI prefixes -  0.000 s
[2018.12.02-21.20.14:291][  0]LogStats: UGameplayTagsManager::ConstructGameplayTagTree: Construct from data asset -  0.000 s
[2018.12.02-21.20.14:291][  0]LogStats: UGameplayTagsManager::ConstructGameplayTagTree: ImportINI -  0.000 s
[2018.12.02-21.20.14:291][  0]LogStats: UGameplayTagsManager::ConstructGameplayTagTree: GameplayTagTreeChangedEvent.Broadcast -  0.000 s
[2018.12.02-21.20.14:509][  0]LogInit: Initializing FReadOnlyCVARCache
[2018.12.02-21.20.14:530][  0]LogAIModule: Creating AISystem for world Untitled
[2018.12.02-21.20.14:547][  0]LogInit: XAudio2 using 'Headphones (High Definition Audio Device)' : 2 channels at 44.1 kHz using 16 bits per sample (channel mask 0x3)
[2018.12.02-21.20.14:562][  0]LogInit: FAudioDevice initialized.
[2018.12.02-21.20.14:562][  0]LogNetVersion: Set ProjectVersion to 1.0.0.0. Version Checksum will be recalculated on next use.
[2018.12.02-21.20.14:686][  0]LogDerivedDataCache: Saved boot cache 0.12s 71MB C:/Users/Thomas Simon/AppData/Local/UnrealEngine/4.20/DerivedDataCache/Boot.ddc.
[2018.12.02-21.20.14:692][  0]LogInit: Texture streaming: Enabled
[2018.12.02-21.20.14:731][  0]LogEngineSessionManager: EngineSessionManager initialized
[2018.12.02-21.20.14:731][  0]LogEngineSessionManager: EngineSessionManager sent abnormal shutdown report. Type=Crashed, SessionId={DC912064-427F-A9D5-3879-2BB4794E8686}
[2018.12.02-21.20.14:763][  0]LogInit: Transaction tracking system initialized
[2018.12.02-21.20.14:824][  0]BlueprintLog: New page: Editor Load
[2018.12.02-21.20.15:051][  0]LocalizationService: Localization service is disabled
[2018.12.02-21.20.15:521][  0]LogCook: Display: Max memory allowance for cook 16384mb min free memory 0mb
[2018.12.02-21.20.15:521][  0]LogCook: Display: Mobile HDR setting 1
[2018.12.02-21.20.15:521][  0]LogGameplayTags: Display: UGameplayTagsManager::DoneAddingNativeTags. DelegateIsBound: 0
[2018.12.02-21.20.15:521][  0]LogStats: UGameplayTagsManager::ConstructGameplayTagTree: ImportINI prefixes -  0.000 s
[2018.12.02-21.20.15:521][  0]LogStats: UGameplayTagsManager::ConstructGameplayTagTree: Construct from data asset -  0.000 s
[2018.12.02-21.20.15:521][  0]LogStats: UGameplayTagsManager::ConstructGameplayTagTree: ImportINI -  0.000 s
[2018.12.02-21.20.15:521][  0]LogStats: UGameplayTagsManager::ConstructGameplayTagTree: GameplayTagTreeChangedEvent.Broadcast -  0.000 s
[2018.12.02-21.20.16:130][  0]LogFileCache: Scanning file cache for directory 'A:/Projects/Unreal Engine Projects/LearningToDrive/LearningToDrive/Content/' took 0.01s
[2018.12.02-21.20.16:130][  0]SourceControl: Source control is disabled
[2018.12.02-21.20.16:131][  0]Cmd: MAP LOAD FILE="A:/Projects/Unreal Engine Projects/LearningToDrive/LearningToDrive/Content/MyContent/Maps/Main.umap" TEMPLATE=0 SHOWPROGRESS=1 FEATURELEVEL=3
[2018.12.02-21.20.16:131][  0]LightingResults: New page: Lighting Build
[2018.12.02-21.20.16:135][  0]MapCheck: New page: Map Check
[2018.12.02-21.20.16:135][  0]LightingResults: New page: Lighting Build
[2018.12.02-21.20.16:431][  0]LogAIModule: Creating AISystem for world Main
[2018.12.02-21.20.16:441][  0]LogEditorServer: Finished looking for orphan Actors (0.000 secs)
[2018.12.02-21.20.16:464][  0]Cmd: MAP CHECKDEP NOCLEARLOG
[2018.12.02-21.20.16:524][  0]MapCheck: Map check complete: 0 Error(s), 0 Warning(s), took 59.704ms to complete.
[2018.12.02-21.20.16:524][  0]LogFileHelpers: Loading map 'Main' took 0.393
[2018.12.02-21.20.16:746][  0]LogSlate: Updating window title bar state: overlay mode, drag disabled, window buttons hidden, title bar hidden
[2018.12.02-21.20.16:752][  0]LogSlate: Updating window title bar state: overlay mode, drag disabled, window buttons hidden, title bar hidden
[2018.12.02-21.20.16:760][  0]LogSlate: Updating window title bar state: overlay mode, drag disabled, window buttons hidden, title bar hidden
[2018.12.02-21.20.16:766][  0]LogSlate: Updating window title bar state: overlay mode, drag disabled, window buttons hidden, title bar hidden
[2018.12.02-21.20.16:779][  0]LogCollectionManager: Loaded 0 collections in 0.001380 seconds
[2018.12.02-21.20.16:834][  0]LogFileCache: Scanning file cache for directory 'A:/Projects/Unreal Engine Projects/LearningToDrive/LearningToDrive/Saved/Collections/' took 0.01s
[2018.12.02-21.20.16:834][  0]LogFileCache: Scanning file cache for directory 'A:/Projects/Unreal Engine Projects/LearningToDrive/LearningToDrive/Content/Developers/ThomasSimon/Collections/' took 0.01s
[2018.12.02-21.20.16:834][  0]LogFileCache: Scanning file cache for directory 'A:/Projects/Unreal Engine Projects/LearningToDrive/LearningToDrive/Content/Collections/' took 0.01s
[2018.12.02-21.20.16:834][  0]LogCollectionManager: Rebuilt the GUID cache for 0 collections in 0.000000 seconds
[2018.12.02-21.20.16:844][  0]LogContentBrowser: Native class hierarchy populated in 0.0101 seconds. Added 2580 classes and 607 folders.
[2018.12.02-21.20.16:852][  0]LogContentBrowser: Native class hierarchy updated for 'WidgetCarousel' in 0.0003 seconds. Added 0 classes and 0 folders.
[2018.12.02-21.20.17:696][  0]LogContentBrowser: Native class hierarchy updated for 'AddContentDialog' in 0.0006 seconds. Added 0 classes and 0 folders.
[2018.12.02-21.20.18:987][  0]LogSlate: Only BGRA pngs, bmps or icos are supported in by External Image Picker
[2018.12.02-21.20.19:042][  0]LogSlate: Took 0.000193 seconds to synchronously load lazily loaded font '../../../Engine/Content/Slate/Fonts/Roboto-Regular.ttf' (155K)
[2018.12.02-21.20.19:046][  0]LogSlate: Took 0.000211 seconds to synchronously load lazily loaded font '../../../Engine/Content/Slate/Fonts/Roboto-Bold.ttf' (160K)
[2018.12.02-21.20.19:050][  0]LogSlate: Took 0.002621 seconds to synchronously load lazily loaded font '../../../Engine/Content/Editor/Slate/Fonts/FontAwesome.ttf' (139K)
[2018.12.02-21.20.19:143][  0]LogTemp: Executing iPhonePackager certificates Engine -bundlename com.YourCompany.LearningToDrive
[2018.12.02-21.20.19:143][  0]LogTemp: CWD: C:\Program Files\Epic Games\UE_4.20\Engine\Binaries\DotNET\IOS
[2018.12.02-21.20.19:143][  0]LogTemp: Initial Dir: C:\Program Files\Epic Games\UE_4.20
[2018.12.02-21.20.19:143][  0]LogTemp: Env CWD: C:\Program Files\Epic Games\UE_4.20\Engine\Binaries\DotNET\IOS
[2018.12.02-21.20.19:143][  0]LogTemp: BranchPath = DESKTOP-C6U4EA4/C/Program Files/Epic Games/UE_4.20/Engine/Binaries --- GameBranchPath = DESKTOP-C6U4EA4/C/Program Files/Epic Games/UE_4.20/Engine/Binaries
[2018.12.02-21.20.19:143][  0]LogTemp: IPP ERROR: Could not find provision directory 'C:\Users\Thomas Simon\AppData\Local/Apple Computer/MobileDevice/Provisioning Profiles/'.
[2018.12.02-21.20.19:143][  0]LogRenderer: Reallocating scene render targets to support 1152x600 Format 10 NumSamples 1 (Frame:1).
[2018.12.02-21.20.19:196][  0]LogSlate: Took 0.002596 seconds to synchronously load lazily loaded font '../../../Engine/Content/Slate/Fonts/Roboto-Light.ttf' (167K)
[2018.12.02-21.20.19:299][  0]LogContentBrowser: Native class hierarchy updated for 'HierarchicalLODOutliner' in 0.0004 seconds. Added 0 classes and 0 folders.
[2018.12.02-21.20.19:299][  0]LogLoad: (Engine Initialization) Total time: 28.01 seconds
[2018.12.02-21.20.19:299][  0]LogLoad: (Engine Initialization) Total Blueprint compile time: 0.00 seconds
[2018.12.02-21.20.19:309][  0]LogWindowsTextInputMethodSystem: Display: IME system now deactivated.
[2018.12.02-21.20.19:312][  0]LogActor: Warning: Building /Engine/Transient.World_0:PersistentLevel.Building_0 has natively added scene component(s), but none of them were set as the actor's RootComponent - picking one arbitrarily
[2018.12.02-21.20.19:338][  0]LogContentStreaming: Texture pool size now 1000 MB
[2018.12.02-21.20.19:369][  1]LogAssetRegistry: Asset discovery search completed in 19.7135 seconds
[2018.12.02-21.20.19:371][  1]LogCollectionManager: Rebuilt the object cache for 0 collections in 0.000001 seconds (found 0 objects)
[2018.12.02-21.20.19:371][  1]LogCollectionManager: Fixed up redirectors for 0 collections in 0.000083 seconds (updated 0 objects)
[2018.12.02-21.20.20:336][104]LogSlate: Took 0.000198 seconds to synchronously load lazily loaded font '../../../Engine/Content/Slate/Fonts/Roboto-Light.ttf' (167K)
[2018.12.02-21.20.23:735][509]LogSlate: FSceneViewport::OnFocusLost() reason 0
[2018.12.02-21.20.31:526][442]LogSlate: FSceneViewport::OnFocusLost() reason 0
[2018.12.02-21.20.31:746][462]LogAIModule: Creating AISystem for world Menu
[2018.12.02-21.20.31:756][462]LogAssetEditorManager: Opening Asset editor for World /Game/MyContent/Maps/Menu.Menu
[2018.12.02-21.20.31:778][462]Cmd: MAP LOAD FILE="A:/Projects/Unreal Engine Projects/LearningToDrive/LearningToDrive/Content/MyContent/Maps/Menu.umap" TEMPLATE=0 SHOWPROGRESS=1 FEATURELEVEL=3
[2018.12.02-21.20.31:778][462]LightingResults: New page: Lighting Build
[2018.12.02-21.20.31:778][462]LoadErrors: New page: Loading map: Menu.umap
[2018.12.02-21.20.31:779][462]MapCheck: New page: Map Check
[2018.12.02-21.20.31:779][462]LightingResults: New page: Lighting Build
[2018.12.02-21.20.31:857][462]LogEditorServer: Finished looking for orphan Actors (0.000 secs)
[2018.12.02-21.20.31:902][462]Cmd: MAP CHECKDEP NOCLEARLOG
[2018.12.02-21.20.31:963][462]MapCheck: Map check complete: 0 Error(s), 0 Warning(s), took 60.927ms to complete.
[2018.12.02-21.20.31:964][462]LogFileHelpers: Loading map 'Menu' took 0.186
[2018.12.02-21.20.37:296][ 93]LogSlate: FSceneViewport::OnFocusLost() reason 0
[2018.12.02-21.20.37:565][119]LogAIModule: Creating AISystem for world Main
[2018.12.02-21.20.37:574][119]LogAssetEditorManager: Opening Asset editor for World /Game/MyContent/Maps/Main.Main
[2018.12.02-21.20.37:595][119]Cmd: MAP LOAD FILE="A:/Projects/Unreal Engine Projects/LearningToDrive/LearningToDrive/Content/MyContent/Maps/Main.umap" TEMPLATE=0 SHOWPROGRESS=1 FEATURELEVEL=3
[2018.12.02-21.20.37:595][119]LightingResults: New page: Lighting Build
[2018.12.02-21.20.37:596][119]LoadErrors: New page: Loading map: Main.umap
[2018.12.02-21.20.37:597][119]MapCheck: New page: Map Check
[2018.12.02-21.20.37:597][119]LightingResults: New page: Lighting Build
[2018.12.02-21.20.37:671][119]LogEditorServer: Finished looking for orphan Actors (0.000 secs)
[2018.12.02-21.20.37:715][119]Cmd: MAP CHECKDEP NOCLEARLOG
[2018.12.02-21.20.37:777][119]MapCheck: Map check complete: 0 Error(s), 0 Warning(s), took 62.301ms to complete.
[2018.12.02-21.20.37:779][119]LogFileHelpers: Loading map 'Main' took 0.183
[2018.12.02-21.20.41:040][502]LogSlate: FSceneViewport::OnFocusLost() reason 0
[2018.12.02-21.20.41:283][525]LogAIModule: Creating AISystem for world Menu
[2018.12.02-21.20.41:291][525]LogAssetEditorManager: Opening Asset editor for World /Game/MyContent/Maps/Menu.Menu
[2018.12.02-21.20.41:312][525]Cmd: MAP LOAD FILE="A:/Projects/Unreal Engine Projects/LearningToDrive/LearningToDrive/Content/MyContent/Maps/Menu.umap" TEMPLATE=0 SHOWPROGRESS=1 FEATURELEVEL=3
[2018.12.02-21.20.41:312][525]LightingResults: New page: Lighting Build
[2018.12.02-21.20.41:313][525]LoadErrors: New page: Loading map: Menu.umap
[2018.12.02-21.20.41:314][525]MapCheck: New page: Map Check
[2018.12.02-21.20.41:314][525]LightingResults: New page: Lighting Build
[2018.12.02-21.20.41:390][525]LogEditorServer: Finished looking for orphan Actors (0.000 secs)
[2018.12.02-21.20.41:436][525]Cmd: MAP CHECKDEP NOCLEARLOG
[2018.12.02-21.20.41:499][525]MapCheck: Map check complete: 0 Error(s), 0 Warning(s), took 62.622ms to complete.
[2018.12.02-21.20.41:500][525]LogFileHelpers: Loading map 'Menu' took 0.188
[2018.12.02-21.20.47:356][214]LogSlate: FSceneViewport::OnFocusLost() reason 0
[2018.12.02-21.20.48:273][320]LogEditorActor: Deleted Actor: Bp_Passenger2_C
[2018.12.02-21.20.48:294][320]LogEditorActor: Deleted 1 Actors (0.027 secs)
[2018.12.02-21.20.49:196][425]LogEditorActor: Deleted Actor: Bp_Passenger2_C
[2018.12.02-21.20.49:216][425]LogEditorActor: Deleted 1 Actors (0.023 secs)
[2018.12.02-21.20.59:604][669]LogEditorActor: Deleted Actor: SpawnBuildings
[2018.12.02-21.20.59:623][669]LogEditorActor: Deleted 1 Actors (0.022 secs)
[2018.12.02-21.21.01:039][838]LogEditorActor: Deleted Actor: BuildingManager
[2018.12.02-21.21.01:058][838]LogEditorActor: Deleted 1 Actors (0.022 secs)
[2018.12.02-21.21.14:130][402]LogSlate: FSceneViewport::OnFocusLost() reason 0
[2018.12.02-21.21.41:852][714]LogSlate: FSceneViewport::OnFocusLost() reason 0
[2018.12.02-21.21.41:960][727]LogTemp: Repeating last play command: Selected Viewport
[2018.12.02-21.21.41:975][727]LogPlayLevel: PlayLevel: No blueprints needed recompiling
[2018.12.02-21.21.41:990][727]PIE: New page: PIE session: Menu (2 Dec 2018 21:21:41)
[2018.12.02-21.21.41:990][727]LogPlayLevel: Creating play world package: /Game/MyContent/Maps/UEDPIE_0_Menu
[2018.12.02-21.21.42:005][727]LogPlayLevel: PIE: StaticDuplicateObject took: (0.014315s)
[2018.12.02-21.21.42:005][727]LogAIModule: Creating AISystem for world Menu
[2018.12.02-21.21.42:006][727]LogPlayLevel: PIE: World Init took: (0.000772s)
[2018.12.02-21.21.42:006][727]LogPlayLevel: PIE: Created PIE world by copying editor world from /Game/MyContent/Maps/Menu.Menu to /Game/MyContent/Maps/UEDPIE_0_Menu.Menu (0.015266s)
[2018.12.02-21.21.42:032][727]LogInit: XAudio2 using 'Headphones (High Definition Audio Device)' : 2 channels at 44.1 kHz using 16 bits per sample (channel mask 0x3)
[2018.12.02-21.21.42:044][727]LogInit: FAudioDevice initialized.
[2018.12.02-21.21.42:088][727]LogLoad: Game class is 'LearningToDriveGameModeBase'
[2018.12.02-21.21.42:090][727]LogWorld: Bringing World /Game/MyContent/Maps/UEDPIE_0_Menu.Menu up for play (max tick rate 0) at 2018.12.02-21.21.42
[2018.12.02-21.21.42:090][727]LogWorld: Bringing up level for play took: 0.001777
[2018.12.02-21.21.42:109][727]LogContentBrowser: Native class hierarchy updated for 'MovieSceneCapture' in 0.0003 seconds. Added 10 classes and 0 folders.
[2018.12.02-21.21.42:110][727]PIE: Play in editor start time for /Game/MyContent/Maps/UEDPIE_0_Menu -0.857
[2018.12.02-21.21.43:637][905]LogSlate: Updating window title bar state: overlay mode, drag disabled, window buttons hidden, title bar hidden
[2018.12.02-21.21.43:665][905]LogPlayLevel: Display: Shutting down PIE online subsystems
[2018.12.02-21.21.43:688][905]LogSlate: Updating window title bar state: overlay mode, drag disabled, window buttons hidden, title bar hidden
[2018.12.02-21.21.43:738][910]LogPlayLevel: Display: Destroying online subsystem :Context_3
[2018.12.02-21.21.52:013][865]LogEditorViewport: Clicking on Actor (LMB): PlayerStart (Player Start)
[2018.12.02-21.21.55:834][286]LogNavigationPoint: PostEditMove Clear paths rebuilt
[2018.12.02-21.22.32:445][559]Cmd: DELETE
[2018.12.02-21.22.32:445][559]Cmd: ACTOR DELETE
[2018.12.02-21.22.32:448][559]LogEditorActor: Deleted Actor: Brush
[2018.12.02-21.22.32:500][559]LogEditorActor: Deleted 1 Actors (0.055 secs)
[2018.12.02-21.22.33:268][644]Cmd: DELETE
[2018.12.02-21.22.33:268][644]Cmd: ACTOR DELETE
[2018.12.02-21.22.33:271][644]LogEditorActor: Deleted Actor: Brush
[2018.12.02-21.22.33:322][644]LogEditorActor: Deleted 1 Actors (0.054 secs)
[2018.12.02-21.22.33:938][711]Cmd: DELETE
[2018.12.02-21.22.33:938][711]Cmd: ACTOR DELETE
[2018.12.02-21.22.33:943][711]LogEditorActor: Deleted Actor: Brush
[2018.12.02-21.22.33:990][711]LogEditorActor: Deleted 1 Actors (0.051 secs)
[2018.12.02-21.22.34:582][775]Cmd: DELETE
[2018.12.02-21.22.34:582][775]Cmd: ACTOR DELETE
[2018.12.02-21.22.34:586][775]LogEditorActor: Deleted Actor: Brush
[2018.12.02-21.22.34:633][775]LogEditorActor: Deleted 1 Actors (0.051 secs)
[2018.12.02-21.22.35:407][861]Cmd: DELETE
[2018.12.02-21.22.35:407][861]Cmd: ACTOR DELETE
[2018.12.02-21.22.35:412][861]LogEditorActor: Deleted Actor: Brush
[2018.12.02-21.22.35:457][861]LogEditorActor: Deleted 1 Actors (0.050 secs)
[2018.12.02-21.22.36:274][952]Cmd: DELETE
[2018.12.02-21.22.36:274][952]Cmd: ACTOR DELETE
[2018.12.02-21.22.36:279][952]LogEditorActor: Deleted Actor: Brush
[2018.12.02-21.22.36:325][952]LogEditorActor: Deleted 1 Actors (0.051 secs)
[2018.12.02-21.22.36:918][ 16]Cmd: DELETE
[2018.12.02-21.22.36:918][ 16]Cmd: ACTOR DELETE
[2018.12.02-21.22.36:922][ 16]LogEditorActor: Deleted Actor: Brush
[2018.12.02-21.22.36:970][ 16]LogEditorActor: Deleted 1 Actors (0.052 secs)
[2018.12.02-21.22.37:524][ 75]Cmd: DELETE
[2018.12.02-21.22.37:524][ 75]Cmd: ACTOR DELETE
[2018.12.02-21.22.37:529][ 75]LogEditorActor: Deleted Actor: Brush
[2018.12.02-21.22.37:570][ 75]LogEditorActor: Deleted 1 Actors (0.046 secs)
[2018.12.02-21.22.38:703][204]Cmd: DELETE
[2018.12.02-21.22.38:703][204]Cmd: ACTOR DELETE
[2018.12.02-21.22.38:708][204]LogEditorActor: Deleted Actor: Brush
[2018.12.02-21.22.38:754][204]LogEditorActor: Deleted 1 Actors (0.052 secs)
[2018.12.02-21.22.39:328][266]Cmd: DELETE
[2018.12.02-21.22.39:328][266]Cmd: ACTOR DELETE
[2018.12.02-21.22.39:333][266]LogEditorActor: Deleted Actor: Brush
[2018.12.02-21.22.39:377][266]LogEditorActor: Deleted 1 Actors (0.048 secs)
[2018.12.02-21.22.40:230][362]Cmd: DELETE
[2018.12.02-21.22.40:230][362]Cmd: ACTOR DELETE
[2018.12.02-21.22.40:235][362]LogEditorActor: Deleted Actor: Brush
[2018.12.02-21.22.40:280][362]LogEditorActor: Deleted 1 Actors (0.050 secs)
[2018.12.02-21.22.41:115][455]Cmd: DELETE
[2018.12.02-21.22.41:115][455]Cmd: ACTOR DELETE
[2018.12.02-21.22.41:120][455]LogEditorActor: Deleted Actor: Brush
[2018.12.02-21.22.41:162][455]LogEditorActor: Deleted 1 Actors (0.047 secs)
[2018.12.02-21.22.42:185][571]Cmd: DELETE
[2018.12.02-21.22.42:185][571]Cmd: ACTOR DELETE
[2018.12.02-21.22.42:191][571]LogEditorActor: Deleted Actor: Brush
[2018.12.02-21.22.42:230][571]LogEditorActor: Deleted 1 Actors (0.045 secs)
[2018.12.02-21.22.42:920][647]Cmd: DELETE
[2018.12.02-21.22.42:920][647]Cmd: ACTOR DELETE
[2018.12.02-21.22.42:927][647]LogEditorActor: Deleted Actor: Brush
[2018.12.02-21.22.42:967][647]LogEditorActor: Deleted 1 Actors (0.046 secs)
[2018.12.02-21.22.43:748][734]Cmd: DELETE
[2018.12.02-21.22.43:748][734]Cmd: ACTOR DELETE
[2018.12.02-21.22.43:754][734]LogEditorActor: Deleted Actor: Brush
[2018.12.02-21.22.43:793][734]LogEditorActor: Deleted 1 Actors (0.045 secs)
[2018.12.02-21.22.45:020][875]Cmd: DELETE
[2018.12.02-21.22.45:020][875]Cmd: ACTOR DELETE
[2018.12.02-21.22.45:027][875]LogEditorActor: Deleted Actor: Brush
[2018.12.02-21.22.45:063][875]LogEditorActor: Deleted 1 Actors (0.044 secs)
[2018.12.02-21.22.45:899][969]Cmd: DELETE
[2018.12.02-21.22.45:899][969]Cmd: ACTOR DELETE
[2018.12.02-21.22.45:906][969]LogEditorActor: Deleted Actor: Brush
[2018.12.02-21.22.45:941][969]LogEditorActor: Deleted 1 Actors (0.042 secs)
[2018.12.02-21.22.46:742][ 59]Cmd: DELETE
[2018.12.02-21.22.46:742][ 59]Cmd: ACTOR DELETE
[2018.12.02-21.22.46:749][ 59]LogEditorActor: Deleted Actor: Brush
[2018.12.02-21.22.46:794][ 59]LogEditorActor: Deleted 1 Actors (0.052 secs)
[2018.12.02-21.22.47:847][179]Cmd: DELETE
[2018.12.02-21.22.47:847][179]Cmd: ACTOR DELETE
[2018.12.02-21.22.47:854][179]LogEditorActor: Deleted Actor: Brush
[2018.12.02-21.22.47:888][179]LogEditorActor: Deleted 1 Actors (0.041 secs)
[2018.12.02-21.22.54:067][406]Cmd: DELETE
[2018.12.02-21.22.54:067][406]Cmd: ACTOR DELETE
[2018.12.02-21.22.54:075][406]LogEditorActor: Deleted Actor: Brush
[2018.12.02-21.22.54:109][406]LogEditorActor: Deleted 1 Actors (0.041 secs)
[2018.12.02-21.22.55:660][590]LogEditorViewport: Clicking on Actor (LMB): DirectionalLight (Light Source)
[2018.12.02-21.22.56:096][639]Cmd: DELETE
[2018.12.02-21.22.56:096][639]Cmd: ACTOR DELETE
[2018.12.02-21.22.56:103][639]LogEditorActor: Actor Light Source is referenced by Sky Sphere.
[2018.12.02-21.22.56:121][639]LogSlate: FSceneViewport::OnFocusLost() reason 2
[2018.12.02-21.22.58:153][639]LogSlate: Window 'Message' being destroyed
[2018.12.02-21.22.58:179][639]LogEditorActor: Deleted 0 Actors (2.083 secs)
[2018.12.02-21.23.06:741][605]Cmd: DELETE
[2018.12.02-21.23.06:741][605]Cmd: ACTOR DELETE
[2018.12.02-21.23.06:743][605]LogEditorActor: Deleted Actor: Brush
[2018.12.02-21.23.06:782][605]LogEditorActor: Deleted 1 Actors (0.041 secs)
[2018.12.02-21.23.07:400][674]Cmd: DELETE
[2018.12.02-21.23.07:400][674]Cmd: ACTOR DELETE
[2018.12.02-21.23.07:408][674]LogEditorActor: Deleted Actor: Brush
[2018.12.02-21.23.07:441][674]LogEditorActor: Deleted 1 Actors (0.040 secs)
[2018.12.02-21.23.08:038][740]Cmd: DELETE
[2018.12.02-21.23.08:038][740]Cmd: ACTOR DELETE
[2018.12.02-21.23.08:046][740]LogEditorActor: Deleted Actor: Brush
[2018.12.02-21.23.08:081][740]LogEditorActor: Deleted 1 Actors (0.043 secs)
[2018.12.02-21.23.08:768][817]Cmd: DELETE
[2018.12.02-21.23.08:768][817]Cmd: ACTOR DELETE
[2018.12.02-21.23.08:776][817]LogEditorActor: Deleted Actor: Brush
[2018.12.02-21.23.08:806][817]LogEditorActor: Deleted 1 Actors (0.038 secs)
[2018.12.02-21.23.09:449][889]Cmd: DELETE
[2018.12.02-21.23.09:449][889]Cmd: ACTOR DELETE
[2018.12.02-21.23.09:457][889]LogEditorActor: Deleted Actor: Brush
[2018.12.02-21.23.09:489][889]LogEditorActor: Deleted 1 Actors (0.040 secs)
[2018.12.02-21.23.14:560][488]LogSlate: FSceneViewport::OnFocusLost() reason 0
[2018.12.02-21.23.25:668][813]LogSlate: FSceneViewport::OnFocusLost() reason 0
[2018.12.02-21.23.40:083][480]LogSlate: FSceneViewport::OnFocusLost() reason 0
[2018.12.02-21.23.56:840][416]LogSlate: FSceneViewport::OnFocusLost() reason 0
[2018.12.02-21.24.13:012][313]LogSlate: FSceneViewport::OnFocusLost() reason 0
[2018.12.02-21.24.14:047][434]LogActorFactory: Actor Factory created Wally
[2018.12.02-21.24.14:677][507]LogActorFactory: Actor Factory created Wally
[2018.12.02-21.24.17:245][790]LogSlate: FSceneViewport::OnFocusLost() reason 0
[2018.12.02-21.24.21:224][246]LogSlate: Took 0.000294 seconds to synchronously load lazily loaded font '../../../Engine/Content/Slate/Fonts/Roboto-Italic.ttf' (157K)
[2018.12.02-21.25.03:155][114]LogEditorViewport: Clicking on Actor (LMB): CameraActor (CameraActor)
[2018.12.02-21.25.07:085][526]LogEditorViewport: Clicking on Actor (LMB): SkeletalMeshActor (Sedan_SkelMesh)
[2018.12.02-21.25.09:711][824]LogSlate: FSceneViewport::OnFocusLost() reason 0
[2018.12.02-21.25.15:975][573]LogSlate: FSceneViewport::OnFocusLost() reason 0
[2018.12.02-21.25.19:889][ 25]LogEditorViewport: Clicking on Actor (LMB): CameraActor (CameraActor)
[2018.12.02-21.25.21:828][222]LogEditorViewport: Clicking on Actor (LMB): SkeletalMeshActor (Sedan_SkelMesh)
[2018.12.02-21.25.26:694][757]Cmd: TRANSACTION UNDO
[2018.12.02-21.25.26:694][757]LogEditorTransaction: Undo Move Actors
[2018.12.02-21.25.27:780][880]LogEditorViewport: Clicking on Actor (CTRL LMB): StaticMeshActor (Wally)
[2018.12.02-21.25.33:196][523]LogEditorViewport: Clicking on Actor (LMB): CameraActor (CameraActor)
[2018.12.02-21.25.34:508][660]LogSlate: FSceneViewport::OnFocusLost() reason 2
[2018.12.02-21.25.35:788][809]LogEditorViewport: Clicking on Actor (LMB): SkeletalMeshActor (Sedan_SkelMesh)
[2018.12.02-21.25.37:546][ 10]LogEditorViewport: Clicking on Actor (CTRL LMB): StaticMeshActor (Wally)
[2018.12.02-21.25.39:458][236]LogSlate: FSceneViewport::OnFocusLost() reason 0
[2018.12.02-21.25.43:116][673]LogEditorViewport: Clicking on Actor (LMB): CameraActor (CameraActor)
[2018.12.02-21.25.59:311][598]LogEditorViewport: Clicking on Actor (LMB): SkeletalMeshActor (Sedan_SkelMesh)
[2018.12.02-21.26.00:489][725]LogEditorViewport: Clicking on Actor (CTRL LMB): StaticMeshActor (Wally)
[2018.12.02-21.26.01:831][883]LogSlate: FSceneViewport::OnFocusLost() reason 0
[2018.12.02-21.26.05:234][289]LogEditorViewport: Clicking on Actor (LMB): CameraActor (CameraActor)
[2018.12.02-21.26.13:353][249]LogSlate: FSceneViewport::OnFocusLost() reason 0
[2018.12.02-21.26.13:562][272]LogActorFactory: Actor Factory created Wally
[2018.12.02-21.26.14:474][380]LogActorFactory: Actor Factory created Wally
[2018.12.02-21.26.17:143][689]LogSlate: FSceneViewport::OnFocusLost() reason 0
[2018.12.02-21.26.27:866][947]LogSlate: FSceneViewport::OnFocusLost() reason 0
[2018.12.02-21.26.32:104][453]LogEditorViewport: Clicking on Actor (LMB): CameraActor (CameraActor)
[2018.12.02-21.26.34:476][706]LogEditorViewport: Clicking on Actor (LMB): StaticMeshActor (Wally2)
[2018.12.02-21.26.36:052][883]LogSlate: FSceneViewport::OnFocusLost() reason 0
[2018.12.02-21.26.42:788][687]LogSlate: FSceneViewport::OnFocusLost() reason 0
[2018.12.02-21.26.46:961][179]LogEditorViewport: Clicking on Actor (LMB): CameraActor (CameraActor)
[2018.12.02-21.26.49:527][473]LogEditorViewport: Clicking on Actor (LMB): StaticMeshActor (Wally2)
[2018.12.02-21.26.52:472][809]LogEditorViewport: Clicking on Actor (LMB): CameraActor (CameraActor)
[2018.12.02-21.27.00:360][727]LogEditorViewport: Clicking on Actor (LMB): StaticMeshActor (Wally2)
[2018.12.02-21.27.03:718][ 82]LogEditorViewport: Clicking on Actor (LMB): CameraActor (CameraActor)
[2018.12.02-21.27.06:730][397]LogEditorViewport: Clicking on Actor (LMB): StaticMeshActor (Wally2)
[2018.12.02-21.27.10:968][884]LogEditorViewport: Clicking on Actor (LMB): CameraActor (CameraActor)
[2018.12.02-21.27.23:736][371]LogEditorViewport: Clicking on Actor (LMB): StaticMeshActor (Wally2)
[2018.12.02-21.27.28:886][973]LogEditorViewport: Clicking on Actor (LMB): CameraActor (CameraActor)
[2018.12.02-21.27.34:702][655]LogEditorViewport: Clicking on Actor (LMB): StaticMeshActor (Wally2)
[2018.12.02-21.27.39:278][189]LogEditorViewport: Clicking on Actor (LMB): CameraActor (CameraActor)
[2018.12.02-21.28.09:105][742]LogSlate: FSceneViewport::OnFocusLost() reason 2
[2018.12.02-21.28.12:990][199]MapCheck: New page: Map Check
[2018.12.02-21.28.13:009][199]LogSlate: FSceneViewport::OnFocusLost() reason 2
[2018.12.02-21.28.13:012][199]Cmd: MAP REBUILD ALLVISIBLE
[2018.12.02-21.28.13:016][199]LogEditorServer: Rebuildmap Clear paths rebuilt
[2018.12.02-21.28.13:091][199]LightingResults: New page: Lighting Build - 2 Dec 2018 21:28:13
[2018.12.02-21.28.13:176][199]LogSwarmInterface: [OpenConnection] Registering TCP channel ...
[2018.12.02-21.28.13:242][199]LogSwarmInterface: [OpenConnection] Connecting to agent ...
[2018.12.02-21.28.13:281][199]LogSwarmInterface: [TryOpenConnection] Testing the Agent
[2018.12.02-21.28.13:847][199]LogSwarmInterface: [TryOpenConnection] Opening Connection to Agent
[2018.12.02-21.28.13:847][199]LogSwarmInterface: [TryOpenConnection] Local Process ID is 9788
[2018.12.02-21.28.19:043][199]LogStaticLightingSystem: Warning: No importance volume found, so the scene bounding box was used.  You can optimize your scene's quality and lighting build times by adding importance volumes.
[2018.12.02-21.28.19:044][199]LogStaticLightingSystem: Running Lightmass w/ ImmediateImport mode ENABLED
[2018.12.02-21.28.19:044][199]LogStaticLightingSystem: Running Lightmass w/ ImmediateProcess mode ENABLED
[2018.12.02-21.28.19:044][199]LogStaticLightingSystem: Running Lightmass w/ Sorting mode ENABLED
[2018.12.02-21.28.19:044][199]LogStaticLightingSystem: Running Lightmass w/ Mapping paddings ENABLED
[2018.12.02-21.28.19:044][199]LogStaticLightingSystem: Running Lightmass w/ Mapping debug paddings DISABLED
[2018.12.02-21.28.19:273][199]LogEditorBuildUtils: Build time 0:06
[2018.12.02-21.28.19:340][200]LogMaterial: Display: Missing cached shader map for material FLightmassMaterialRenderer Wally_Mat, compiling. 
[2018.12.02-21.28.19:367][200]LogMaterial: Display: Missing cached shader map for material FLightmassMaterialRenderer Wally_Mat, compiling. 
[2018.12.02-21.28.19:371][200]LogShaderCompilers: Display: Shaders left to compile 2
[2018.12.02-21.28.19:411][201]LogShaderCompilers: Display: Shaders left to compile 2
[2018.12.02-21.28.26:448][696]Job is a success!
[2018.12.02-21.28.26:501][697]LogSlate: FSceneViewport::OnFocusLost() reason 2
[2018.12.02-21.28.26:554][697]LogVolumetricLightmapImport: Imported Volumetric Lightmap in 0.026s
[2018.12.02-21.28.26:554][697]LogVolumetricLightmapImport:      Indirection Texture 16x16x16 = 0.0Mb
[2018.12.02-21.28.26:555][697]LogVolumetricLightmapImport:      BrickData 1280x5x5 = 1.1Mb
[2018.12.02-21.28.26:555][697]LogVolumetricLightmapImport:      Bricks at Level
[2018.12.02-21.28.26:555][697]LogVolumetricLightmapImport:          0: 0.4% covering 100.0% of volume
[2018.12.02-21.28.26:555][697]LogVolumetricLightmapImport:          1: 6.3% covering 25.0% of volume
[2018.12.02-21.28.26:555][697]LogVolumetricLightmapImport:          2: 93.4% covering 5.8% of volume
[2018.12.02-21.28.26:698][697]LogMaterial: Warning: Material /Game/Other/Wally_Mat.Wally_Mat needed to have new flag set bUsedWithStaticLighting !
[2018.12.02-21.28.26:701][697]LogMaterial: Display: Missing cached shader map for material Wally_Mat, compiling. 
[2018.12.02-21.28.26:761][697]LogShaderCompilers: Display: Shaders left to compile 31
[2018.12.02-21.28.26:761][697]LogShaderCompilers: Display: Shaders left to compile 21
[2018.12.02-21.28.26:761][697]LogShaderCompilers: Display: Shaders left to compile 11
[2018.12.02-21.28.27:350][697]LogTexture: Display: Building textures: HQ_Lightmap1_1 (AutoDXT, 1024X1024)
[2018.12.02-21.28.27:350][697]LogTexture: Display: Building textures: LQ_Lightmap_1_1 (DXT1, 1024X1024)
[2018.12.02-21.28.27:350][697]LogTexture: Display: Building textures: HQ_Lightmap1_2 (AutoDXT, 1024X1024)
[2018.12.02-21.28.27:350][697]LogTexture: Display: Building textures: LQ_Lightmap_1_2 (DXT1, 1024X1024)
[2018.12.02-21.28.27:350][697]LogTexture: Display: Building textures: HQ_Lightmap1_3 (AutoDXT, 128X128)
[2018.12.02-21.28.27:350][697]LogTexture: Display: Building textures: LQ_Lightmap_1_3 (DXT1, 128X128)
[2018.12.02-21.28.27:350][697]LogTexture: Display: Building textures: HQ_Lightmap0_4 (AutoDXT, 64X64)
[2018.12.02-21.28.27:350][697]LogTexture: Display: Building textures: LQ_Lightmap_0_4 (DXT1, 64X64)
[2018.12.02-21.28.27:569][697]LogTexture: Display: Building textures: ShadowMapTexture2D_3 (G8, 128X64)
[2018.12.02-21.28.27:569][697]LogTexture: Display: Building textures: ShadowMapTexture2D_4 (G8, 32X32)
[2018.12.02-21.28.27:569][697]LogTexture: Display: Building textures: ShadowMapTexture2D_2 (G8, 1024X1024)
[2018.12.02-21.28.27:623][697]Lightmass on DESKTOP-C6U4EA4: 6.41 sec total, 119 ms importing, 7 ms setup, 878 ms photons, 5.30 sec processing, 0 ms extra exporting [28/28 mappings]. Threads: 21.1 sec total, 8.42 sec processing.
[2018.12.02-21.28.27:631][697]LogStaticLightingSystem: Illumination: 14.5 sec (583 ms encoding lightmaps, 218 ms encoding shadowmaps)
[2018.12.02-21.28.27:631][697]LogStaticLightingSystem: Lightmap texture memory:  4.0 MB (0.0 MB streaming, 4.0 MB non-streaming), 8 textures
[2018.12.02-21.28.27:631][697]LogStaticLightingSystem: Shadowmap texture memory: 1.3 MB (0.0 MB streaming, 1.3 MB non-streaming), 3 textures
[2018.12.02-21.28.28:052][697]DumpUnbuiltLightIteractions
[2018.12.02-21.28.28:052][697]Lights with unbuilt interactions: 0
[2018.12.02-21.28.28:053][697]
[2018.12.02-21.28.28:053][697]Primitives with unbuilt interactions: 0
[2018.12.02-21.28.28:067][697]LogSlate: FSceneViewport::OnFocusLost() reason 2
[2018.12.02-21.28.30:867][697]LogShaderCompilers: Display: Shaders left to compile 1
[2018.12.02-21.28.30:889][698]Cmd: MAP CHECK NOTIFYRESULTS
[2018.12.02-21.28.30:889][698]MapCheck: New page: Menu - 2 Dec 2018 21:28:30
[2018.12.02-21.28.30:956][698]MapCheck: Map check complete: 0 Error(s), 0 Warning(s), took 66.08ms to complete.
[2018.12.02-21.30.47:977][107]LogSavePackage: Moving 'A:/Projects/Unreal Engine Projects/LearningToDrive/LearningToDrive/Saved/Menu_Auto1B1E63A2C4674EA8B774B0580421E865A.tmp' to 'A:/Projects/Unreal Engine Projects/LearningToDrive/LearningToDrive/Saved/Autosaves/Game/MyContent/Maps/Menu_Auto1.umap'
[2018.12.02-21.30.47:984][107]LogFileHelpers: Editor autosave (incl. sublevels) for '/Game/MyContent/Maps/Menu' took 0.099
[2018.12.02-21.30.47:984][107]LogFileHelpers: Editor autosave (incl. sublevels) for all levels took 0.099
[2018.12.02-21.30.47:986][107]OBJ SavePackage: Generating thumbnails for [1] asset(s) in package [/Game/Other/Wally_Mat] ([1] browsable assets)...
[2018.12.02-21.30.48:028][107]OBJ SavePackage:     Rendered thumbnail for [Material /Game/Other/Wally_Mat.Wally_Mat]
[2018.12.02-21.30.48:028][107]OBJ SavePackage: Finished generating thumbnails for package [/Game/Other/Wally_Mat]
[2018.12.02-21.30.48:048][107]LogSavePackage: Moving 'A:/Projects/Unreal Engine Projects/LearningToDrive/LearningToDrive/Saved/Wally_Mat_Auto17EC37D3F44A0CD033EC386BBAC618843.tmp' to 'A:/Projects/Unreal Engine Projects/LearningToDrive/LearningToDrive/Saved/Autosaves/Game/Other/Wally_Mat_Auto1.uasset'
[2018.12.02-21.30.48:052][107]OBJ SavePackage: Generating thumbnails for [0] asset(s) in package [/Game/MyContent/Maps/Menu_BuiltData] ([1] browsable assets)...
[2018.12.02-21.30.48:052][107]OBJ SavePackage: Finished generating thumbnails for package [/Game/MyContent/Maps/Menu_BuiltData]
[2018.12.02-21.30.48:076][107]LogSavePackage: Moving 'A:/Projects/Unreal Engine Projects/LearningToDrive/LearningToDrive/Saved/Menu_BuiltData_Auto1C4FA5E194E6A7D0A247E0890E0B0136D.tmp' to 'A:/Projects/Unreal Engine Projects/LearningToDrive/LearningToDrive/Saved/Autosaves/Game/MyContent/Maps/Menu_BuiltData_Auto1.uasset'
[2018.12.02-21.30.48:078][107]LogFileHelpers: Auto-saving content packages took 0.094
[2018.12.02-21.30.59:927][144]LogSlate: FSceneViewport::OnFocusLost() reason 0
[2018.12.02-21.31.01:884][305]LogActorFactory: Actor Factory created SM_Mark
[2018.12.02-21.31.03:116][445]LogActorFactory: Actor Factory created SM_Mark
[2018.12.02-21.31.07:662][944]LogSlate: FSceneViewport::OnFocusLost() reason 0
[2018.12.02-21.31.11:823][441]LogSlate: FSceneViewport::OnFocusLost() reason 0
[2018.12.02-21.31.15:679][875]LogSlate: FSceneViewport::OnFocusLost() reason 0
[2018.12.02-21.31.20:756][481]LogSlate: FSceneViewport::OnFocusLost() reason 0
[2018.12.02-21.31.33:904][960]LogEditorViewport: Clicking on Actor (LMB): CameraActor (CameraActor)
[2018.12.02-21.31.54:733][423]LogSlate: FSceneViewport::OnFocusLost() reason 0
[2018.12.02-21.32.02:428][332]MapCheck: New page: Map Check
[2018.12.02-21.32.02:449][332]Cmd: MAP REBUILD ALLVISIBLE
[2018.12.02-21.32.02:449][332]LogEditorServer: Rebuildmap Clear paths rebuilt
[2018.12.02-21.32.02:532][332]LightingResults: New page: Lighting Build - 2 Dec 2018 21:32:02
[2018.12.02-21.32.02:540][332]LogSwarmInterface: [OpenConnection] Registering TCP channel ...
[2018.12.02-21.32.02:542][332]LogSwarmInterface: [OpenConnection] Connecting to agent ...
[2018.12.02-21.32.02:542][332]LogSwarmInterface: [TryOpenConnection] Testing the Agent
[2018.12.02-21.32.02:543][332]LogSwarmInterface: [TryOpenConnection] Opening Connection to Agent
[2018.12.02-21.32.02:543][332]LogSwarmInterface: [TryOpenConnection] Local Process ID is 9788
[2018.12.02-21.32.07:154][332]LogStaticLightingSystem: Warning: No importance volume found, so the scene bounding box was used.  You can optimize your scene's quality and lighting build times by adding importance volumes.
[2018.12.02-21.32.07:154][332]LogStaticLightingSystem: Running Lightmass w/ ImmediateImport mode ENABLED
[2018.12.02-21.32.07:154][332]LogStaticLightingSystem: Running Lightmass w/ ImmediateProcess mode ENABLED
[2018.12.02-21.32.07:154][332]LogStaticLightingSystem: Running Lightmass w/ Sorting mode ENABLED
[2018.12.02-21.32.07:154][332]LogStaticLightingSystem: Running Lightmass w/ Mapping paddings ENABLED
[2018.12.02-21.32.07:154][332]LogStaticLightingSystem: Running Lightmass w/ Mapping debug paddings DISABLED
[2018.12.02-21.32.07:335][332]LogEditorBuildUtils: Build time 0:04
[2018.12.02-21.32.07:351][332]LogMaterial: Display: Missing cached shader map for material FLightmassMaterialRenderer Wally_Mat, compiling. 
[2018.12.02-21.32.07:356][332]LogMaterial: Display: Missing cached shader map for material FLightmassMaterialRenderer Wally_Mat, compiling. 
[2018.12.02-21.32.07:373][332]LogShaderCompilers: Display: Shaders left to compile 4
[2018.12.02-21.32.07:383][333]LogMaterial: Display: Missing cached shader map for material FLightmassMaterialRenderer M_Red, compiling. 
[2018.12.02-21.32.07:390][333]LogShaderCompilers: Display: Shaders left to compile 2
[2018.12.02-21.32.07:390][333]LogMaterial: Display: Missing cached shader map for material FLightmassMaterialRenderer M_Red, compiling. 
[2018.12.02-21.32.07:394][333]LogShaderCompilers: Display: Shaders left to compile 2
[2018.12.02-21.32.14:424][851]Job is a success!
[2018.12.02-21.32.14:505][852]LogVolumetricLightmapImport: Imported Volumetric Lightmap in 0.022s
[2018.12.02-21.32.14:505][852]LogVolumetricLightmapImport:      Indirection Texture 16x16x16 = 0.0Mb
[2018.12.02-21.32.14:505][852]LogVolumetricLightmapImport:      BrickData 1280x5x5 = 1.1Mb
[2018.12.02-21.32.14:505][852]LogVolumetricLightmapImport:      Bricks at Level
[2018.12.02-21.32.14:505][852]LogVolumetricLightmapImport:          0: 0.4% covering 100.0% of volume
[2018.12.02-21.32.14:505][852]LogVolumetricLightmapImport:          1: 6.3% covering 25.0% of volume
[2018.12.02-21.32.14:505][852]LogVolumetricLightmapImport:          2: 93.4% covering 5.8% of volume
[2018.12.02-21.32.14:639][852]LogMaterial: Warning: Material /Game/MyContent/materials/M_Red.M_Red needed to have new flag set bUsedWithStaticLighting !
[2018.12.02-21.32.14:641][852]LogMaterial: Display: Missing cached shader map for material M_Red, compiling. 
[2018.12.02-21.32.14:684][852]LogShaderCompilers: Display: Shaders left to compile 69
[2018.12.02-21.32.14:684][852]LogShaderCompilers: Display: Shaders left to compile 59
[2018.12.02-21.32.14:684][852]LogShaderCompilers: Display: Shaders left to compile 49
[2018.12.02-21.32.15:385][852]LogTexture: Display: Building textures: HQ_Lightmap0_1 (AutoDXT, 1024X1024)
[2018.12.02-21.32.15:385][852]LogTexture: Display: Building textures: LQ_Lightmap_0_1 (DXT1, 1024X1024)
[2018.12.02-21.32.15:385][852]LogTexture: Display: Building textures: HQ_Lightmap0_2 (AutoDXT, 1024X1024)
[2018.12.02-21.32.15:385][852]LogTexture: Display: Building textures: LQ_Lightmap_0_2 (DXT1, 1024X1024)
[2018.12.02-21.32.15:385][852]LogTexture: Display: Building textures: HQ_Lightmap0_3 (AutoDXT, 256X256)
[2018.12.02-21.32.15:385][852]LogTexture: Display: Building textures: LQ_Lightmap_0_3 (DXT1, 256X256)
[2018.12.02-21.32.15:385][852]LogTexture: Display: Building textures: HQ_Lightmap1_4 (AutoDXT, 64X64)
[2018.12.02-21.32.15:385][852]LogTexture: Display: Building textures: LQ_Lightmap_1_4 (DXT1, 64X64)
[2018.12.02-21.32.15:600][852]LogTexture: Display: Building textures: ShadowMapTexture2D_6 (G8, 128X64)
[2018.12.02-21.32.15:600][852]LogTexture: Display: Building textures: ShadowMapTexture2D_7 (G8, 32X32)
[2018.12.02-21.32.15:600][852]LogTexture: Display: Building textures: ShadowMapTexture2D_5 (G8, 1024X1024)
[2018.12.02-21.32.15:642][852]LogStaticLightingSystem: Illumination: 13.0 sec (703 ms encoding lightmaps, 214 ms encoding shadowmaps)
[2018.12.02-21.32.15:642][852]LogStaticLightingSystem: Lightmap texture memory:  4.1 MB (0.1 MB streaming, 4.0 MB non-streaming), 8 textures
[2018.12.02-21.32.15:642][852]LogStaticLightingSystem: Shadowmap texture memory: 1.3 MB (0.0 MB streaming, 1.3 MB non-streaming), 3 textures
[2018.12.02-21.32.16:161][852]DumpUnbuiltLightIteractions
[2018.12.02-21.32.16:161][852]Lights with unbuilt interactions: 0
[2018.12.02-21.32.16:161][852]
[2018.12.02-21.32.16:161][852]Primitives with unbuilt interactions: 0
[2018.12.02-21.32.20:673][852]LogShaderCompilers: Display: Shaders left to compile 39
[2018.12.02-21.32.20:673][852]LogShaderCompilers: Display: Shaders left to compile 29
[2018.12.02-21.32.20:673][852]LogShaderCompilers: Display: Shaders left to compile 19
[2018.12.02-21.32.20:673][852]LogShaderCompilers: Display: Shaders left to compile 9
[2018.12.02-21.32.20:697][853]Cmd: MAP CHECK NOTIFYRESULTS
[2018.12.02-21.32.20:697][853]MapCheck: New page: Menu - 2 Dec 2018 21:32:20
[2018.12.02-21.32.20:757][853]MapCheck: Map check complete: 0 Error(s), 0 Warning(s), took 59.991ms to complete.
[2018.12.02-21.32.26:743][568]LogEditorViewport: Clicking on Actor (LMB): StaticMeshActor (SM_Mark)
[2018.12.02-21.32.28:129][723]LogSlate: FSceneViewport::OnFocusLost() reason 0
[2018.12.02-21.32.28:221][734]LogTemp: Repeating last play command: Selected Viewport
[2018.12.02-21.32.28:235][734]LogPlayLevel: PlayLevel: No blueprints needed recompiling
[2018.12.02-21.32.28:235][734]PIE: New page: PIE session: Menu (2 Dec 2018 21:32:28)
[2018.12.02-21.32.28:235][734]LogPlayLevel: Creating play world package: /Game/MyContent/Maps/UEDPIE_0_Menu
[2018.12.02-21.32.28:240][734]LogPlayLevel: PIE: StaticDuplicateObject took: (0.004703s)
[2018.12.02-21.32.28:241][734]LogAIModule: Creating AISystem for world Menu
[2018.12.02-21.32.28:241][734]LogPlayLevel: PIE: World Init took: (0.000724s)
[2018.12.02-21.32.28:241][734]LogPlayLevel: PIE: Created PIE world by copying editor world from /Game/MyContent/Maps/Menu.Menu to /Game/MyContent/Maps/UEDPIE_0_Menu.Menu (0.005570s)
[2018.12.02-21.32.28:268][734]LogInit: XAudio2 using 'Headphones (High Definition Audio Device)' : 2 channels at 44.1 kHz using 16 bits per sample (channel mask 0x3)
[2018.12.02-21.32.28:281][734]LogInit: FAudioDevice initialized.
[2018.12.02-21.32.28:316][734]LogLoad: Game class is 'LearningToDriveGameModeBase'
[2018.12.02-21.32.28:317][734]LogWorld: Bringing World /Game/MyContent/Maps/UEDPIE_0_Menu.Menu up for play (max tick rate 0) at 2018.12.02-21.32.28
[2018.12.02-21.32.28:317][734]LogWorld: Bringing up level for play took: 0.001147
[2018.12.02-21.32.28:330][734]PIE: Play in editor start time for /Game/MyContent/Maps/UEDPIE_0_Menu -0.638
[2018.12.02-21.32.36:582][720]LogSlate: Updating window title bar state: overlay mode, drag disabled, window buttons hidden, title bar hidden
[2018.12.02-21.32.36:617][720]LogPlayLevel: Display: Shutting down PIE online subsystems
[2018.12.02-21.32.36:640][720]LogSlate: Updating window title bar state: overlay mode, drag disabled, window buttons hidden, title bar hidden
[2018.12.02-21.32.36:684][722]LogPlayLevel: Display: Destroying online subsystem :Context_6
[2018.12.02-21.32.37:951][874]LogEditorViewport: Clicking on Actor (LMB): StaticMeshActor (SM_Mark)
[2018.12.02-21.32.51:567][495]LogSlate: FSceneViewport::OnFocusLost() reason 0
[2018.12.02-21.32.59:972][496]MapCheck: New page: Map Check
[2018.12.02-21.32.59:992][496]Cmd: MAP REBUILD ALLVISIBLE
[2018.12.02-21.32.59:992][496]LogEditorServer: Rebuildmap Clear paths rebuilt
[2018.12.02-21.33.00:104][496]LogMaterial: Display: Missing cached shader map for material FDebugViewModeMaterialProxy MaterialInstanceDynamic_0, compiling. 
[2018.12.02-21.33.00:113][496]LogMaterial: Display: Missing cached shader map for material FDebugViewModeMaterialProxy WorldGridMaterial, compiling. Is special engine material.
[2018.12.02-21.33.00:119][496]LogShaderCompilers: Display: Shaders left to compile 2
[2018.12.02-21.33.00:119][496]LogShaderCompilers: Display: Shaders left to compile 1
[2018.12.02-21.33.00:119][496]LogMaterial: Display: Missing cached shader map for material FDebugViewModeMaterialProxy M_DarkGrey, compiling. 
[2018.12.02-21.33.00:124][496]LogMaterial: Display: Missing cached shader map for material FDebugViewModeMaterialProxy M_Grey, compiling. 
[2018.12.02-21.33.00:129][496]LogShaderCompilers: Display: Shaders left to compile 1
[2018.12.02-21.33.00:129][496]LogMaterial: Display: Missing cached shader map for material FDebugViewModeMaterialProxy MatineeCam_mat, compiling. 
[2018.12.02-21.33.00:135][496]LogMaterial: Display: Missing cached shader map for material FDebugViewModeMaterialProxy M_Black, compiling. 
[2018.12.02-21.33.00:140][496]LogMaterial: Display: Missing cached shader map for material FDebugViewModeMaterialProxy M_Yellow, compiling. 
[2018.12.02-21.33.00:146][496]LogMaterial: Display: Missing cached shader map for material FDebugViewModeMaterialProxy M_Red, compiling. 
[2018.12.02-21.33.00:151][496]LogMaterial: Display: Missing cached shader map for material FDebugViewModeMaterialProxy M_White, compiling. 
[2018.12.02-21.33.00:157][496]LogMaterial: Display: Missing cached shader map for material FDebugViewModeMaterialProxy Wally_Mat, compiling. 
[2018.12.02-21.33.00:942][496]LogShaderCompilers: Display: Shaders left to compile 7
[2018.12.02-21.33.00:942][496]LogShaderCompilers: Display: Shaders left to compile 6
[2018.12.02-21.33.00:942][496]LogShaderCompilers: Display: Shaders left to compile 5
[2018.12.02-21.33.00:942][496]LogShaderCompilers: Display: Shaders left to compile 4
[2018.12.02-21.33.00:942][496]LogShaderCompilers: Display: Shaders left to compile 3
[2018.12.02-21.33.00:942][496]LogShaderCompilers: Display: Shaders left to compile 2
[2018.12.02-21.33.00:942][496]LogShaderCompilers: Display: Shaders left to compile 1
[2018.12.02-21.33.00:942][496]TextureStreamingBuild: Display: Compiling optional shaders took 0.842 seconds.
[2018.12.02-21.33.00:951][496]LogLevel: Display: Export Material TexCoord Scales took 0.009 seconds.
[2018.12.02-21.33.00:970][496]TextureStreamingBuild: Display: Build Texture Streaming took 0.018 seconds.
[2018.12.02-21.33.00:991][496]LightingResults: New page: Lighting Build - 2 Dec 2018 21:33:00
[2018.12.02-21.33.00:998][496]LogSwarmInterface: [OpenConnection] Registering TCP channel ...
[2018.12.02-21.33.01:000][496]LogSwarmInterface: [OpenConnection] Connecting to agent ...
[2018.12.02-21.33.01:000][496]LogSwarmInterface: [TryOpenConnection] Testing the Agent
[2018.12.02-21.33.01:001][496]LogSwarmInterface: [TryOpenConnection] Opening Connection to Agent
[2018.12.02-21.33.01:001][496]LogSwarmInterface: [TryOpenConnection] Local Process ID is 9788
[2018.12.02-21.33.05:520][496]LogStaticLightingSystem: Warning: No importance volume found, so the scene bounding box was used.  You can optimize your scene's quality and lighting build times by adding importance volumes.
[2018.12.02-21.33.05:521][496]LogStaticLightingSystem: Running Lightmass w/ ImmediateImport mode ENABLED
[2018.12.02-21.33.05:521][496]LogStaticLightingSystem: Running Lightmass w/ ImmediateProcess mode ENABLED
[2018.12.02-21.33.05:521][496]LogStaticLightingSystem: Running Lightmass w/ Sorting mode ENABLED
[2018.12.02-21.33.05:521][496]LogStaticLightingSystem: Running Lightmass w/ Mapping paddings ENABLED
[2018.12.02-21.33.05:521][496]LogStaticLightingSystem: Running Lightmass w/ Mapping debug paddings DISABLED
[2018.12.02-21.33.05:617][496]Cmd: MAP CHECK DONTDISPLAYDIALOG
[2018.12.02-21.33.05:617][496]MapCheck: New page: Menu - 2 Dec 2018 21:33:05
[2018.12.02-21.33.05:680][496]MapCheck: Map check complete: 0 Error(s), 0 Warning(s), took 62.816ms to complete.
[2018.12.02-21.33.05:704][496]LogEditorBuildUtils: Build time 0:05
[2018.12.02-21.33.05:741][496]LogMaterial: Display: Missing cached shader map for material FLightmassMaterialRenderer M_Red, compiling. 
[2018.12.02-21.33.05:747][496]LogMaterial: Display: Missing cached shader map for material FLightmassMaterialRenderer M_Red, compiling. 
[2018.12.02-21.33.05:768][496]LogShaderCompilers: Display: Shaders left to compile 4
[2018.12.02-21.33.14:032][161]Job is a success!
[2018.12.02-21.33.14:112][162]LogVolumetricLightmapImport: Imported Volumetric Lightmap in 0.023s
[2018.12.02-21.33.14:112][162]LogVolumetricLightmapImport:      Indirection Texture 16x16x16 = 0.0Mb
[2018.12.02-21.33.14:112][162]LogVolumetricLightmapImport:      BrickData 1280x5x5 = 1.1Mb
[2018.12.02-21.33.14:112][162]LogVolumetricLightmapImport:      Bricks at Level
[2018.12.02-21.33.14:112][162]LogVolumetricLightmapImport:          0: 0.4% covering 100.0% of volume
[2018.12.02-21.33.14:112][162]LogVolumetricLightmapImport:          1: 6.3% covering 25.0% of volume
[2018.12.02-21.33.14:112][162]LogVolumetricLightmapImport:          2: 93.4% covering 5.8% of volume
[2018.12.02-21.33.14:794][162]LogTexture: Display: Building textures: HQ_Lightmap1_1 (AutoDXT, 1024X1024)
[2018.12.02-21.33.14:794][162]LogTexture: Display: Building textures: LQ_Lightmap_1_1 (DXT1, 1024X1024)
[2018.12.02-21.33.14:794][162]LogTexture: Display: Building textures: HQ_Lightmap1_2 (AutoDXT, 1024X1024)
[2018.12.02-21.33.14:794][162]LogTexture: Display: Building textures: LQ_Lightmap_1_2 (DXT1, 1024X1024)
[2018.12.02-21.33.14:794][162]LogTexture: Display: Building textures: HQ_Lightmap1_3 (AutoDXT, 256X256)
[2018.12.02-21.33.14:794][162]LogTexture: Display: Building textures: LQ_Lightmap_1_3 (DXT1, 256X256)
[2018.12.02-21.33.14:794][162]LogTexture: Display: Building textures: HQ_Lightmap0_4 (AutoDXT, 64X64)
[2018.12.02-21.33.14:794][162]LogTexture: Display: Building textures: LQ_Lightmap_0_4 (DXT1, 64X64)
[2018.12.02-21.33.15:001][162]LogTexture: Display: Building textures: ShadowMapTexture2D_9 (G8, 128X64)
[2018.12.02-21.33.15:001][162]LogTexture: Display: Building textures: ShadowMapTexture2D_10 (G8, 32X32)
[2018.12.02-21.33.15:001][162]LogTexture: Display: Building textures: ShadowMapTexture2D_8 (G8, 1024X1024)
[2018.12.02-21.33.15:032][162]Lightmass on DESKTOP-C6U4EA4: 8.07 sec total, 114 ms importing, 9 ms setup, 972 ms photons, 6.94 sec processing, 0 ms extra exporting [29/29 mappings]. Threads: 27.7 sec total, 11.6 sec processing.
[2018.12.02-21.33.15:039][162]LogStaticLightingSystem: Illumination: 14.0 sec (540 ms encoding lightmaps, 204 ms encoding shadowmaps)
[2018.12.02-21.33.15:039][162]LogStaticLightingSystem: Lightmap texture memory:  4.1 MB (0.1 MB streaming, 4.0 MB non-streaming), 8 textures
[2018.12.02-21.33.15:039][162]LogStaticLightingSystem: Shadowmap texture memory: 1.3 MB (0.0 MB streaming, 1.3 MB non-streaming), 3 textures
[2018.12.02-21.33.15:529][162]DumpUnbuiltLightIteractions
[2018.12.02-21.33.15:529][162]Lights with unbuilt interactions: 0
[2018.12.02-21.33.15:529][162]
[2018.12.02-21.33.15:529][162]Primitives with unbuilt interactions: 0
[2018.12.02-21.33.15:579][163]Cmd: MAP CHECK NOTIFYRESULTS
[2018.12.02-21.33.15:579][163]MapCheck: New page: Menu - 2 Dec 2018 21:33:15
[2018.12.02-21.33.15:642][163]MapCheck: Map check complete: 0 Error(s), 0 Warning(s), took 62.115ms to complete.
[2018.12.02-21.33.21:642][856]LogEditorViewport: Clicking on Component (LMB): StaticMeshComponent (StaticMeshComponent0)
[2018.12.02-21.33.27:830][555]Cmd: SELECT NONE
[2018.12.02-21.33.29:108][708]LogEditorViewport: Clicking on Actor (LMB): StaticMeshActor (SM_Mark)
[2018.12.02-21.33.35:746][496]Cmd: DELETE
[2018.12.02-21.33.35:746][496]Cmd: ACTOR DELETE
[2018.12.02-21.33.35:748][496]LogEditorActor: Deleted Actor: StaticMeshActor
[2018.12.02-21.33.35:769][496]LogEditorActor: Deleted 1 Actors (0.023 secs)
[2018.12.02-21.33.36:969][640]LogSlate: FSceneViewport::OnFocusLost() reason 0
[2018.12.02-21.33.37:208][667]LogActorFactory: Actor Factory created SM_Mark
[2018.12.02-21.33.38:487][820]LogActorFactory: Actor Factory created SM_Mark
[2018.12.02-21.33.44:596][505]LogSlate: FSceneViewport::OnFocusLost() reason 0
[2018.12.02-21.33.48:306][948]LogSlate: FSceneViewport::OnFocusLost() reason 0
[2018.12.02-21.34.13:086][781]LogEditorViewport: Clicking on Actor (LMB): CameraActor (CameraActor)
[2018.12.02-21.34.52:306][848]LogSlate: FSceneViewport::OnFocusLost() reason 0
[2018.12.02-21.34.52:515][850]LogSavePackage: Moving 'A:/Projects/Unreal Engine Projects/LearningToDrive/LearningToDrive/Saved/MenuAB5AFCD6495AD607D56617AB8C927C52.tmp' to 'A:/Projects/Unreal Engine Projects/LearningToDrive/LearningToDrive/Content/MyContent/Maps/Menu.umap'
[2018.12.02-21.34.52:547][850]Cmd: OBJ SAVEPACKAGE PACKAGE="/Game/MyContent/Maps/Menu_BuiltData" FILE="A:/Projects/Unreal Engine Projects/LearningToDrive/LearningToDrive/Content/MyContent/Maps/Menu_BuiltData.uasset" SILENT=true
[2018.12.02-21.34.52:662][850]LogSavePackage: Moving 'A:/Projects/Unreal Engine Projects/LearningToDrive/LearningToDrive/Saved/Menu_BuiltData530BA161432A2CEA1C42569B1F930CD0.tmp' to 'A:/Projects/Unreal Engine Projects/LearningToDrive/LearningToDrive/Content/MyContent/Maps/Menu_BuiltData.uasset'
