Log file open, 12/02/18 00:58:12
LogWindows: Failed to load 'aqProf.dll' (GetLastError=126)
LogWindows: File 'aqProf.dll' does not exist
LogWindows: Failed to load 'VtuneApi.dll' (GetLastError=126)
LogWindows: File 'VtuneApi.dll' does not exist
LogWindows: Failed to load 'VtuneApi32e.dll' (GetLastError=126)
LogWindows: File 'VtuneApi32e.dll' does not exist
LogInit: Display: Running engine for game: LearningToDrive
LogPlatformFile: Not using cached read wrapper
LogTaskGraph: Started task graph with 5 named threads and 14 total threads with 3 sets of task threads.
LogStats: Stats thread started at 0.177744
LogD3D11RHI: Loaded GFSDK_Aftermath_Lib.x64.dll
LogICUInternationalization: Display: ICU TimeZone Detection - Raw Offset: +0:00, Platform Override: ''
LogPluginManager: Mounting plugin Paper2D
LogPluginManager: Mounting plugin AISupport
LogPluginManager: Mounting plugin LightPropagationVolume
LogPluginManager: Mounting plugin CLionSourceCodeAccess
LogPluginManager: Mounting plugin CodeLiteSourceCodeAccess
LogPluginManager: Mounting plugin GitSourceControl
LogPluginManager: Mounting plugin KDevelopSourceCodeAccess
LogPluginManager: Mounting plugin NullSourceCodeAccess
LogPluginManager: Mounting plugin PerforceSourceControl
LogPluginManager: Mounting plugin SubversionSourceControl
LogPluginManager: Mounting plugin UObjectPlugin
LogPluginManager: Mounting plugin VisualStudioCodeSourceCodeAccess
LogPluginManager: Mounting plugin VisualStudioSourceCodeAccess
LogPluginManager: Mounting plugin XCodeSourceCodeAccess
LogPluginManager: Mounting plugin AssetManagerEditor
LogPluginManager: Mounting plugin CryptoKeys
LogPluginManager: Mounting plugin DataValidation
LogPluginManager: Mounting plugin FacialAnimation
LogPluginManager: Mounting plugin GameplayTagsEditor
LogPluginManager: Mounting plugin MacGraphicsSwitching
LogPluginManager: Mounting plugin MeshEditor
LogPluginManager: Mounting plugin MobileLauncherProfileWizard
LogPluginManager: Mounting plugin PluginBrowser
LogPluginManager: Mounting plugin SpeedTreeImporter
LogPluginManager: Mounting plugin DatasmithContent
LogPluginManager: Mounting plugin AlembicImporter
LogPluginManager: Mounting plugin AppleImageUtils
LogPluginManager: Mounting plugin AppleVision
LogPluginManager: Mounting plugin BackChannel
LogPluginManager: Mounting plugin CharacterAI
LogPluginManager: Mounting plugin GeometryCache
LogPluginManager: Mounting plugin HTML5Networking
LogPluginManager: Mounting plugin ProxyLODPlugin
LogPluginManager: Mounting plugin MagicLeap
LogPluginManager: Mounting plugin MagicLeapEmulator
LogPluginManager: Mounting plugin MagicLeapMedia
LogPluginManager: Mounting plugin AndroidMedia
LogPluginManager: Mounting plugin AvfMedia
LogPluginManager: Mounting plugin ImgMedia
LogPluginManager: Mounting plugin LinearTimecode
LogPluginManager: Mounting plugin MediaCompositing
LogPluginManager: Mounting plugin MediaPlayerEditor
LogPluginManager: Mounting plugin WmfMedia
LogPluginManager: Mounting plugin TcpMessaging
LogPluginManager: Mounting plugin UdpMessaging
LogPluginManager: Mounting plugin ActorSequence
LogPluginManager: Mounting plugin LevelSequenceEditor
LogPluginManager: Mounting plugin MatineeToLevelSequence
LogPluginManager: Mounting plugin NetcodeUnitTest
LogPluginManager: Mounting plugin NUTUnrealEngine4
LogPluginManager: Mounting plugin OnlineSubsystemGooglePlay
LogPluginManager: Mounting plugin OnlineSubsystemIOS
LogPluginManager: Mounting plugin OnlineSubsystem
LogPluginManager: Mounting plugin OnlineSubsystemNull
LogPluginManager: Mounting plugin OnlineSubsystemUtils
LogPluginManager: Mounting plugin LauncherChunkInstaller
LogPluginManager: Mounting plugin AndroidDeviceProfileSelector
LogPluginManager: Mounting plugin AndroidMoviePlayer
LogPluginManager: Mounting plugin AndroidPermission
LogPluginManager: Mounting plugin AppleMoviePlayer
LogPluginManager: Mounting plugin ArchVisCharacter
LogPluginManager: Mounting plugin AudioCapture
LogPluginManager: Mounting plugin CableComponent
LogPluginManager: Mounting plugin CustomMeshComponent
LogPluginManager: Mounting plugin EditableMesh
LogPluginManager: Mounting plugin ExampleDeviceProfileSelector
LogPluginManager: Mounting plugin GoogleCloudMessaging
LogPluginManager: Mounting plugin ImmediatePhysics
LogPluginManager: Mounting plugin IOSDeviceProfileSelector
LogPluginManager: Mounting plugin LinuxDeviceProfileSelector
LogPluginManager: Mounting plugin LocationServicesBPLibrary
LogPluginManager: Mounting plugin MobilePatchingUtils
LogPluginManager: Mounting plugin OculusVR
LogPluginManager: Plugin shader directory ../../../Engine/Plugins/Runtime/Oculus/OculusVR/Shaders found
LogPluginManager: Mapping shader source directory ../../../Engine/Plugins/Runtime/Oculus/OculusVR/Shaders to virtual directory /Plugin/OculusVR
LogPluginManager: Mounting plugin PhysXVehicles
LogPluginManager: Mounting plugin ProceduralMeshComponent
LogPluginManager: Mounting plugin RuntimePhysXCooking
LogPluginManager: Mounting plugin SteamVR
LogPluginManager: Mounting plugin WindowsMoviePlayer
LogStreaming: Display: Took  0.117s to configure plugins.
LogInit: Using libcurl 7.55.1-DEV
LogInit:  - built for x86_64-pc-win32
LogInit:  - supports SSL with OpenSSL/1.0.2h
LogInit:  - supports HTTP deflate (compression) using libz 1.2.8
LogInit:  - other features:
LogInit:      CURL_VERSION_SSL
LogInit:      CURL_VERSION_LIBZ
LogInit:      CURL_VERSION_IPV6
LogInit:      CURL_VERSION_ASYNCHDNS
LogInit:      CURL_VERSION_LARGEFILE
LogInit:      CURL_VERSION_IDN
LogInit:  CurlRequestOptions (configurable via config and command line):
LogInit:  - bVerifyPeer = false  - Libcurl will NOT verify peer certificate
LogInit:  - bUseHttpProxy = false  - Libcurl will NOT use HTTP proxy
LogInit:  - bDontReuseConnections = false  - Libcurl will reuse connections
LogInit:  - CertBundlePath = nullptr  - Libcurl will use whatever was configured at build time.
LogInit:  - MaxHostConnections = 16  - Libcurl will limit the number of connections to a host
LogInit:  - LocalHostAddr = Default
LogInit:  - BufferSize = 65536
LogInit: WinSock: version 1.1 (2.2), MaxSocks=32767, MaxUdp=65467
LogInit: Build: ++UE4+Release-4.20-CL-4369336
LogInit: Engine Version: 4.20.3-4369336+++UE4+Release-4.20
LogInit: Compatible Engine Version: 4.20.0-4212847+++UE4+Release-4.20
LogInit: Net CL: 4212847
LogInit: OS: Windows 10 (), CPU: Intel(R) Core(TM) i5-6600 CPU @ 3.30GHz, GPU: NVIDIA GeForce GTX 970
LogInit: Compiled (64-bit): Sep 17 2018 12:26:19
LogInit: Compiled with Visual C++: 19.13.26129.00
LogInit: Build Configuration: Development
LogInit: Branch Name: ++UE4+Release-4.20
LogInit: Command Line:  
LogInit: Base Directory: C:/Program Files/Epic Games/UE_4.20/Engine/Binaries/Win64/
LogInit: Installed Engine Build: 1
LogDevObjectVersion: Number of dev versions registered: 20
LogDevObjectVersion:   Dev-Blueprints (B0D832E4-1F89-4F0D-ACCF-7EB736FD4AA2): 10
LogDevObjectVersion:   Dev-Build (E1C64328-A22C-4D53-A36C-8E866417BD8C): 0
LogDevObjectVersion:   Dev-Core (375EC13C-06E4-48FB-B500-84F0262A717E): 2
LogDevObjectVersion:   Dev-Editor (E4B068ED-F494-42E9-A231-DA0B2E46BB41): 24
LogDevObjectVersion:   Dev-Framework (CFFC743F-43B0-4480-9391-14DF171D2073): 34
LogDevObjectVersion:   Dev-Mobile (B02B49B5-BB20-44E9-A304-32B752E40360): 2
LogDevObjectVersion:   Dev-Networking (A4E4105C-59A1-49B5-A7C5-40C4547EDFEE): 0
LogDevObjectVersion:   Dev-Online (39C831C9-5AE6-47DC-9A44-9C173E1C8E7C): 0
LogDevObjectVersion:   Dev-Physics (78F01B33-EBEA-4F98-B9B4-84EACCB95AA2): 0
LogDevObjectVersion:   Dev-Platform (6631380F-2D4D-43E0-8009-CF276956A95A): 0
LogDevObjectVersion:   Dev-Rendering (12F88B9F-8875-4AFC-A67C-D90C383ABD29): 26
LogDevObjectVersion:   Dev-Sequencer (7B5AE74C-D270-4C10-A958-57980B212A5A): 9
LogDevObjectVersion:   Dev-VR (D7296918-1DD6-4BDD-9DE2-64A83CC13884): 2
LogDevObjectVersion:   Dev-LoadTimes (C2A15278-BFE7-4AFE-6C17-90FF531DF755): 1
LogDevObjectVersion:   Private-Geometry (6EACA3D4-40EC-4CC1-B786-8BED09428FC5): 3
LogDevObjectVersion:   Dev-AnimPhys (29E575DD-E0A3-4627-9D10-D276232CDCEA): 17
LogDevObjectVersion:   Dev-ReflectionCapture (6B266CEC-1EC7-4B8F-A30B-E4D90942FC07): 1
LogDevObjectVersion:   Dev-Automation (0DF73D61-A23F-47EA-B727-89E90C41499A): 1
LogDevObjectVersion:   FortniteMain (601D1886-AC64-4F84-AA16-D3DE0DEAC7D6): 12
LogDevObjectVersion:   Dev-Enterprise (9DFFBCD6-494F-0158-E221-12823C92A888): 1
LogStreaming: Display: Took  0.003s to delete old logs.
LogInit: Presizing for max 8388607 objects, including 0 objects not considered by GC, pre-allocating 0 bytes for permanent pool.
LogInit: Object subsystem initialized
[2018.12.02-00.58.12:907][  0]LogInit: Selected Device Profile: [Windows]
[2018.12.02-00.58.12:907][  0]LogInit: Applying CVar settings loaded from the selected device profile: [Windows]
[2018.12.02-00.58.12:916][  0]LogHAL: Display: Platform has ~ 16 GB [17116667904 / 17179869184 / 16], which maps to Larger [LargestMinGB=32, LargerMinGB=12, DefaultMinGB=8, SmallerMinGB=6, SmallestMinGB=0)
[2018.12.02-00.58.12:916][  0]LogInit: Setting Device Profile CVar: [[r.Vulkan.UseRealUBs:1]]
[2018.12.02-00.58.12:916][  0]LogInit: Going up to parent DeviceProfile []
[2018.12.02-00.58.12:916][  0]LogInit: Computer: DESKTOP-C6U4EA4
[2018.12.02-00.58.12:916][  0]LogInit: User: ThomasSimon
[2018.12.02-00.58.12:916][  0]LogInit: CPU Page size=4096, Cores=4
[2018.12.02-00.58.12:916][  0]LogInit: High frequency timer resolution =3.234375 MHz
[2018.12.02-00.58.12:917][  0]LogMemory: Memory total: Physical=15.9GB (16GB approx)
[2018.12.02-00.58.12:917][  0]LogMemory: Platform Memory Stats for Windows
[2018.12.02-00.58.12:917][  0]LogMemory: Process Physical Memory: 100.91 MB used, 100.91 MB peak
[2018.12.02-00.58.12:917][  0]LogMemory: Process Virtual Memory: 84.48 MB used, 84.48 MB peak
[2018.12.02-00.58.12:917][  0]LogMemory: Physical Memory: 5858.05 MB used,  10465.68 MB free, 16323.73 MB total
[2018.12.02-00.58.12:917][  0]LogMemory: Virtual Memory: 4625.40 MB used,  10465.68 MB free, 134217728.00 MB total
[2018.12.02-00.58.12:935][  0]LogInit: Using OS detected language (en-GB).
[2018.12.02-00.58.12:935][  0]LogInit: Using OS detected locale (en-GB).
[2018.12.02-00.58.12:936][  0]LogTextLocalizationManager: No specific localization for 'en-GB' exists, so the 'en' localization will be used.
[2018.12.02-00.58.13:269][  0]LogStreaming: Display: Took  0.334s to InitEngineTextLocalization.
[2018.12.02-00.58.13:269][  0]LogInit: Setting process to per monitor DPI aware
[2018.12.02-00.58.13:308][  0]LogSlate: New Slate User Created.  User Index 0, Is Virtual User: 0
[2018.12.02-00.58.13:308][  0]LogSlate: Slate User Registered.  User Index 0, Is Virtual User: 0
[2018.12.02-00.58.13:474][  0]LogHMD: Failed to initialize OpenVR with code 110
[2018.12.02-00.58.13:475][  0]LogD3D11RHI: D3D11 adapters:
[2018.12.02-00.58.13:551][  0]LogD3D11RHI:    0. 'NVIDIA GeForce GTX 970' (Feature Level 11_0)
[2018.12.02-00.58.13:551][  0]LogD3D11RHI:       4043/0/8161 MB DedicatedVideo/DedicatedSystem/SharedSystem, Outputs:3, VendorId:0x10de
[2018.12.02-00.58.13:553][  0]LogD3D11RHI:    1. 'Microsoft Basic Render Driver' (Feature Level 11_0)
[2018.12.02-00.58.13:553][  0]LogD3D11RHI:       0/0/8161 MB DedicatedVideo/DedicatedSystem/SharedSystem, Outputs:0, VendorId:0x1414
[2018.12.02-00.58.13:553][  0]LogD3D11RHI: Chosen D3D11 Adapter: 0
[2018.12.02-00.58.13:559][  0]LogD3D11RHI: Creating new Direct3DDevice
[2018.12.02-00.58.13:559][  0]LogD3D11RHI:     GPU DeviceId: 0x13c2 (for the marketing name, search the web for "GPU Device Id")
[2018.12.02-00.58.13:559][  0]LogWindows: EnumDisplayDevices:
[2018.12.02-00.58.13:559][  0]LogWindows:    0. 'NVIDIA GeForce GTX 970' (P:0 D:1)
[2018.12.02-00.58.13:560][  0]LogWindows:    1. 'NVIDIA GeForce GTX 970' (P:0 D:1)
[2018.12.02-00.58.13:560][  0]LogWindows:    2. 'NVIDIA GeForce GTX 970' (P:1 D:1)
[2018.12.02-00.58.13:560][  0]LogWindows:    3. 'NVIDIA GeForce GTX 970' (P:0 D:0)
[2018.12.02-00.58.13:560][  0]LogWindows: DebugString: FoundDriverCount:4 
[2018.12.02-00.58.13:560][  0]LogD3D11RHI:     Adapter Name: NVIDIA GeForce GTX 970
[2018.12.02-00.58.13:560][  0]LogD3D11RHI:   Driver Version: 398.11 (internal:24.21.13.9811, unified:398.11)
[2018.12.02-00.58.13:560][  0]LogD3D11RHI:      Driver Date: 6-1-2018
[2018.12.02-00.58.13:560][  0]LogRHI: Texture pool is 2830 MB (70% of 4043 MB)
[2018.12.02-00.58.13:591][  0]LogD3D11RHI: Async texture creation enabled
[2018.12.02-00.58.13:608][  0]LogD3D11RHI: GPU Timing Frequency: 1000.000000 (Debug: 2 2)
[2018.12.02-00.58.13:659][  0]LogShaderCompilers: Guid format shader working directory is -14 characters bigger than the processId version (A:/Projects/Unreal Engine Projects/LearningToDrive/LearningToDrive/Intermediate/Shaders/WorkingDirectory/17612/).
[2018.12.02-00.58.13:660][  0]LogShaderCompilers: Cleaned the shader compiler working directory 'C:/Users/Thomas Simon/AppData/Local/Temp/UnrealShaderWorkingDir/2278D08643780C495B1582B4D79EAFA5/'.
[2018.12.02-00.58.14:272][  0]LogTemp: Display: Loaded TP AllDesktopTargetPlatform
[2018.12.02-00.58.14:284][  0]LogTemp: Display: Loaded TP MacClientTargetPlatform
[2018.12.02-00.58.14:296][  0]LogTemp: Display: Loaded TP MacNoEditorTargetPlatform
[2018.12.02-00.58.14:309][  0]LogTemp: Display: Loaded TP MacServerTargetPlatform
[2018.12.02-00.58.14:321][  0]LogTemp: Display: Loaded TP MacTargetPlatform
[2018.12.02-00.58.14:334][  0]LogTemp: Display: Loaded TP WindowsClientTargetPlatform
[2018.12.02-00.58.14:346][  0]LogTemp: Display: Loaded TP WindowsNoEditorTargetPlatform
[2018.12.02-00.58.14:358][  0]LogTemp: Display: Loaded TP WindowsServerTargetPlatform
[2018.12.02-00.58.14:364][  0]LogTemp: Display: Loaded TP WindowsTargetPlatform
[2018.12.02-00.58.14:438][  0]LogTemp: Display: Loaded TP AndroidTargetPlatform
[2018.12.02-00.58.14:438][  0]LogTemp: Display: Loaded TP AndroidTargetPlatform
[2018.12.02-00.58.14:438][  0]LogTemp: Display: Loaded TP AndroidTargetPlatform
[2018.12.02-00.58.14:438][  0]LogTemp: Display: Loaded TP AndroidTargetPlatform
[2018.12.02-00.58.14:438][  0]LogTemp: Display: Loaded TP AndroidTargetPlatform
[2018.12.02-00.58.14:438][  0]LogTemp: Display: Loaded TP AndroidTargetPlatform
[2018.12.02-00.58.14:439][  0]LogTemp: Display: Loaded TP AndroidTargetPlatform
[2018.12.02-00.58.14:439][  0]LogTemp: Display: Loaded TP AndroidTargetPlatform
[2018.12.02-00.58.14:439][  0]LogTemp: Display: Loaded TP AndroidTargetPlatform
[2018.12.02-00.58.14:439][  0]LogTemp: Display: Loaded TP AndroidTargetPlatform
[2018.12.02-00.58.14:439][  0]LogTemp: Display: Loaded TP AndroidTargetPlatform
[2018.12.02-00.58.14:439][  0]LogTemp: Display: Loaded TP AndroidTargetPlatform
[2018.12.02-00.58.14:439][  0]LogTemp: Display: Loaded TP AndroidTargetPlatform
[2018.12.02-00.58.14:439][  0]LogTemp: Display: Loaded TP AndroidTargetPlatform
[2018.12.02-00.58.14:439][  0]LogTemp: Display: Loaded TP AndroidTargetPlatform
[2018.12.02-00.58.14:439][  0]LogTemp: Display: Loaded TP AndroidTargetPlatform
[2018.12.02-00.58.14:439][  0]LogTemp: Display: Loaded TP AndroidTargetPlatform
[2018.12.02-00.58.14:439][  0]LogTemp: Display: Loaded TP AndroidTargetPlatform
[2018.12.02-00.58.14:440][  0]LogTemp: Display: Loaded TP HTML5TargetPlatform
[2018.12.02-00.58.14:498][  0]LogTemp: Display: Loaded TP IOSTargetPlatform
[2018.12.02-00.58.14:498][  0]LogTemp: Display: Loaded TP IOSTargetPlatform
[2018.12.02-00.58.14:520][  0]LogTemp: Display: Loaded TP TVOSTargetPlatform
[2018.12.02-00.58.14:520][  0]LogTemp: Display: Loaded TP TVOSTargetPlatform
[2018.12.02-00.58.14:531][  0]LogTemp: Display: Loaded TP LinuxClientTargetPlatform
[2018.12.02-00.58.14:542][  0]LogTemp: Display: Loaded TP LinuxNoEditorTargetPlatform
[2018.12.02-00.58.14:554][  0]LogTemp: Display: Loaded TP LinuxServerTargetPlatform
[2018.12.02-00.58.14:565][  0]LogTemp: Display: Loaded TP LinuxTargetPlatform
[2018.12.02-00.58.14:574][  0]LogTemp: Display: Loaded TP LuminTargetPlatform
[2018.12.02-00.58.14:574][  0]LogTargetPlatformManager: Display: Building Assets For Windows
[2018.12.02-00.58.14:631][  0]LogXGEController: Cleaning working directory: C:/Users/Thomas Simon/AppData/Local/Temp/UnrealXGEWorkingDir/
[2018.12.02-00.58.14:631][  0]LogXGEController: Cannot use XGE Controller as Incredibuild is not installed on this machine.
[2018.12.02-00.58.14:631][  0]LogShaderCompilers: Cannot use XGE Shader Compiler as Incredibuild is not installed on this machine.
[2018.12.02-00.58.14:631][  0]LogShaderCompilers: Display: Using Local Shader Compiler.
[2018.12.02-00.58.15:283][  0]LogDerivedDataCache: Display: Max Cache Size: 512 MB
[2018.12.02-00.58.15:334][  0]LogDerivedDataCache: Loaded boot cache 0.05s 71MB C:/Users/Thomas Simon/AppData/Local/UnrealEngine/4.20/DerivedDataCache/Boot.ddc.
[2018.12.02-00.58.15:334][  0]LogDerivedDataCache: Display: Loaded Boot cache: C:/Users/Thomas Simon/AppData/Local/UnrealEngine/4.20/DerivedDataCache/Boot.ddc
[2018.12.02-00.58.15:335][  0]LogDerivedDataCache: FDerivedDataBackendGraph:  Pak pak cache file A:/Projects/Unreal Engine Projects/LearningToDrive/LearningToDrive/DerivedDataCache/DDC.ddp not found, will not use a pak cache.
[2018.12.02-00.58.15:335][  0]LogDerivedDataCache: Unable to find inner node Pak for hierarchical cache Hierarchy.
[2018.12.02-00.58.15:335][  0]LogDerivedDataCache: FDerivedDataBackendGraph:  CompressedPak pak cache file A:/Projects/Unreal Engine Projects/LearningToDrive/LearningToDrive/DerivedDataCache/Compressed.ddp not found, will not use a pak cache.
[2018.12.02-00.58.15:335][  0]LogDerivedDataCache: Unable to find inner node CompressedPak for hierarchical cache Hierarchy.
[2018.12.02-00.58.15:347][  0]LogDerivedDataCache: Display: Pak cache opened for reading ../../../Engine/DerivedDataCache/Compressed.ddp.
[2018.12.02-00.58.15:360][  0]LogDerivedDataCache: Using Local data cache path C:/Users/Thomas Simon/AppData/Local/UnrealEngine/Common/DerivedDataCache: Writable
[2018.12.02-00.58.15:360][  0]LogDerivedDataCache: Shared data cache path not found in *engine.ini, will not use an Shared cache.
[2018.12.02-00.58.15:360][  0]LogDerivedDataCache: Unable to find inner node Shared for hierarchical cache Hierarchy.
[2018.12.02-00.58.15:376][  0]LogMaterial: Verifying Global Shaders for PCD3D_SM5
[2018.12.02-00.58.15:378][  0]LogSlate: Using FreeType 2.6.0
[2018.12.02-00.58.15:378][  0]LogSlate: SlateFontServices - WITH_FREETYPE: 1, WITH_HARFBUZZ: 1
[2018.12.02-00.58.15:446][  0]LogAssetRegistry: FAssetRegistry took 0.0252 seconds to start up
[2018.12.02-00.58.15:722][  0]LogInit: Selected Device Profile: [Windows]
[2018.12.02-00.58.15:837][  0]LogSimplygon: Simplygon DLL not present - disabling.
[2018.12.02-00.58.15:840][  0]LogMeshReduction: Using SimplygonSwarm for distributed automatic mesh merging
[2018.12.02-00.58.15:840][  0]LogMeshReduction: Using ProxyLODMeshReduction for automatic mesh merging
[2018.12.02-00.58.15:840][  0]LogMeshReduction: Using QuadricMeshReduction for automatic static mesh reduction
[2018.12.02-00.58.15:840][  0]LogMeshReduction: No automatic skeletal mesh reduction module available
[2018.12.02-00.58.15:861][  0]LogNetVersion: LearningToDrive 1.0.0, NetCL: 4212847, EngineNetVer: 5, GameNetVer: 0 (Checksum: 1667456807)
[2018.12.02-00.58.16:339][  0]LogPackageLocalizationCache: Processed 11 localized package path(s) for 2 prioritized culture(s) in 0.129071 seconds
[2018.12.02-00.58.16:345][  0]LogUObjectArray: 38425 objects as part of root set at end of initial load.
[2018.12.02-00.58.16:345][  0]LogUObjectAllocator: 6690872 out of 0 bytes used by permanent object pool.
[2018.12.02-00.58.16:345][  0]LogUObjectArray: CloseDisregardForGC: 0/0 objects in disregard for GC pool
[2018.12.02-00.58.17:117][  0]LogTcpMessaging: Initializing TcpMessaging bridge
[2018.12.02-00.58.17:130][  0]LogUdpMessaging: Initializing bridge on interface 0.0.0.0:0 to multicast group 230.0.0.1:6666.
[2018.12.02-00.58.17:289][  0]SourceControl: Source control is disabled
[2018.12.02-00.58.17:289][  0]SourceControl: Source control is disabled
[2018.12.02-00.58.17:291][  0]SourceControl: Source control is disabled
[2018.12.02-00.58.17:291][  0]SourceControl: Source control is disabled
[2018.12.02-00.58.17:446][  0]LogAndroidPermission: UAndroidPermissionCallbackProxy::GetInstance
[2018.12.02-00.58.17:492][  0]LogOcInput: OculusInput pre-init called
[2018.12.02-00.58.17:545][  0]LogEngine: Initializing Engine...
[2018.12.02-00.58.17:546][  0]LogHMD: Failed to initialize OpenVR with code 110
[2018.12.02-00.58.17:547][  0]LogStats: UGameplayTagsManager::ConstructGameplayTagTree: ImportINI prefixes -  0.000 s
[2018.12.02-00.58.17:547][  0]LogStats: UGameplayTagsManager::ConstructGameplayTagTree: Construct from data asset -  0.000 s
[2018.12.02-00.58.17:547][  0]LogStats: UGameplayTagsManager::ConstructGameplayTagTree: ImportINI -  0.000 s
[2018.12.02-00.58.17:547][  0]LogStats: UGameplayTagsManager::ConstructGameplayTagTree: GameplayTagTreeChangedEvent.Broadcast -  0.000 s
[2018.12.02-00.58.17:736][  0]LogInit: Initializing FReadOnlyCVARCache
[2018.12.02-00.58.17:747][  0]LogAIModule: Creating AISystem for world Untitled
[2018.12.02-00.58.17:765][  0]LogInit: XAudio2 using 'Headphones (High Definition Audio Device)' : 2 channels at 44.1 kHz using 16 bits per sample (channel mask 0x3)
[2018.12.02-00.58.17:791][  0]LogInit: FAudioDevice initialized.
[2018.12.02-00.58.17:791][  0]LogNetVersion: Set ProjectVersion to 1.0.0.0. Version Checksum will be recalculated on next use.
[2018.12.02-00.58.17:862][  0]LogDerivedDataCache: Saved boot cache 0.07s 71MB C:/Users/Thomas Simon/AppData/Local/UnrealEngine/4.20/DerivedDataCache/Boot.ddc.
[2018.12.02-00.58.17:862][  0]LogInit: Texture streaming: Enabled
[2018.12.02-00.58.17:878][  0]LogEngineSessionManager: EngineSessionManager initialized
[2018.12.02-00.58.17:878][  0]LogEngineSessionManager: EngineSessionManager sent abnormal shutdown report. Type=Crashed, SessionId={252212B7-49FD-8726-847A-FAB03DC8B007}
[2018.12.02-00.58.17:891][  0]LogInit: Transaction tracking system initialized
[2018.12.02-00.58.17:913][  0]BlueprintLog: New page: Editor Load
[2018.12.02-00.58.17:982][  0]LocalizationService: Localization service is disabled
[2018.12.02-00.58.18:221][  0]LogCook: Display: Max memory allowance for cook 16384mb min free memory 0mb
[2018.12.02-00.58.18:221][  0]LogCook: Display: Mobile HDR setting 1
[2018.12.02-00.58.18:221][  0]LogGameplayTags: Display: UGameplayTagsManager::DoneAddingNativeTags. DelegateIsBound: 0
[2018.12.02-00.58.18:221][  0]LogStats: UGameplayTagsManager::ConstructGameplayTagTree: ImportINI prefixes -  0.000 s
[2018.12.02-00.58.18:221][  0]LogStats: UGameplayTagsManager::ConstructGameplayTagTree: Construct from data asset -  0.000 s
[2018.12.02-00.58.18:221][  0]LogStats: UGameplayTagsManager::ConstructGameplayTagTree: ImportINI -  0.000 s
[2018.12.02-00.58.18:221][  0]LogStats: UGameplayTagsManager::ConstructGameplayTagTree: GameplayTagTreeChangedEvent.Broadcast -  0.000 s
[2018.12.02-00.58.18:317][  0]LogFileCache: Scanning file cache for directory 'A:/Projects/Unreal Engine Projects/LearningToDrive/LearningToDrive/Content/' took 0.01s
[2018.12.02-00.58.18:317][  0]SourceControl: Source control is disabled
[2018.12.02-00.58.18:317][  0]Cmd: MAP LOAD FILE="A:/Projects/Unreal Engine Projects/LearningToDrive/LearningToDrive/Content/MyContent/Maps/Main.umap" TEMPLATE=0 SHOWPROGRESS=1 FEATURELEVEL=3
[2018.12.02-00.58.18:318][  0]LightingResults: New page: Lighting Build
[2018.12.02-00.58.18:320][  0]MapCheck: New page: Map Check
[2018.12.02-00.58.18:320][  0]LightingResults: New page: Lighting Build
[2018.12.02-00.58.18:535][  0]LogAIModule: Creating AISystem for world Main
[2018.12.02-00.58.18:543][  0]LogEditorServer: Finished looking for orphan Actors (0.000 secs)
[2018.12.02-00.58.18:565][  0]Cmd: MAP CHECKDEP NOCLEARLOG
[2018.12.02-00.58.18:621][  0]MapCheck: Map check complete: 0 Error(s), 0 Warning(s), took 56.733ms to complete.
[2018.12.02-00.58.18:621][  0]LogFileHelpers: Loading map 'Main' took 0.304
[2018.12.02-00.58.18:755][  0]LogSlate: Updating window title bar state: overlay mode, drag disabled, window buttons hidden, title bar hidden
[2018.12.02-00.58.18:762][  0]LogSlate: Updating window title bar state: overlay mode, drag disabled, window buttons hidden, title bar hidden
[2018.12.02-00.58.18:769][  0]LogSlate: Updating window title bar state: overlay mode, drag disabled, window buttons hidden, title bar hidden
[2018.12.02-00.58.18:776][  0]LogSlate: Updating window title bar state: overlay mode, drag disabled, window buttons hidden, title bar hidden
[2018.12.02-00.58.18:781][  0]LogCollectionManager: Loaded 0 collections in 0.001384 seconds
[2018.12.02-00.58.18:831][  0]LogFileCache: Scanning file cache for directory 'A:/Projects/Unreal Engine Projects/LearningToDrive/LearningToDrive/Saved/Collections/' took 0.01s
[2018.12.02-00.58.18:831][  0]LogFileCache: Scanning file cache for directory 'A:/Projects/Unreal Engine Projects/LearningToDrive/LearningToDrive/Content/Developers/ThomasSimon/Collections/' took 0.01s
[2018.12.02-00.58.18:831][  0]LogFileCache: Scanning file cache for directory 'A:/Projects/Unreal Engine Projects/LearningToDrive/LearningToDrive/Content/Collections/' took 0.01s
[2018.12.02-00.58.18:831][  0]LogCollectionManager: Rebuilt the GUID cache for 0 collections in 0.000001 seconds
[2018.12.02-00.58.18:839][  0]LogContentBrowser: Native class hierarchy populated in 0.0085 seconds. Added 2579 classes and 607 folders.
[2018.12.02-00.58.18:846][  0]LogContentBrowser: Native class hierarchy updated for 'WidgetCarousel' in 0.0003 seconds. Added 0 classes and 0 folders.
[2018.12.02-00.58.18:881][  0]LogContentBrowser: Native class hierarchy updated for 'AddContentDialog' in 0.0003 seconds. Added 0 classes and 0 folders.
[2018.12.02-00.58.19:831][  0]LogSlate: Only BGRA pngs, bmps or icos are supported in by External Image Picker
[2018.12.02-00.58.19:857][  0]LogSlate: Took 0.000742 seconds to synchronously load lazily loaded font '../../../Engine/Content/Slate/Fonts/Roboto-Regular.ttf' (155K)
[2018.12.02-00.58.19:860][  0]LogSlate: Took 0.000174 seconds to synchronously load lazily loaded font '../../../Engine/Content/Slate/Fonts/Roboto-Bold.ttf' (160K)
[2018.12.02-00.58.19:863][  0]LogSlate: Took 0.000162 seconds to synchronously load lazily loaded font '../../../Engine/Content/Editor/Slate/Fonts/FontAwesome.ttf' (139K)
[2018.12.02-00.58.19:940][  0]LogTemp: Executing iPhonePackager certificates Engine -bundlename com.YourCompany.LearningToDrive
[2018.12.02-00.58.19:940][  0]LogTemp: CWD: C:\Program Files\Epic Games\UE_4.20\Engine\Binaries\DotNET\IOS
[2018.12.02-00.58.19:940][  0]LogTemp: Initial Dir: C:\Program Files\Epic Games\UE_4.20
[2018.12.02-00.58.19:940][  0]LogTemp: Env CWD: C:\Program Files\Epic Games\UE_4.20\Engine\Binaries\DotNET\IOS
[2018.12.02-00.58.19:940][  0]LogTemp: BranchPath = DESKTOP-C6U4EA4/C/Program Files/Epic Games/UE_4.20/Engine/Binaries --- GameBranchPath = DESKTOP-C6U4EA4/C/Program Files/Epic Games/UE_4.20/Engine/Binaries
[2018.12.02-00.58.19:940][  0]LogTemp: IPP ERROR: Could not find provision directory 'C:\Users\Thomas Simon\AppData\Local/Apple Computer/MobileDevice/Provisioning Profiles/'.
[2018.12.02-00.58.19:940][  0]LogRenderer: Reallocating scene render targets to support 1152x600 Format 10 NumSamples 1 (Frame:1).
[2018.12.02-00.58.20:065][  0]LogContentBrowser: Native class hierarchy updated for 'HierarchicalLODOutliner' in 0.0003 seconds. Added 0 classes and 0 folders.
[2018.12.02-00.58.20:065][  0]LogLoad: (Engine Initialization) Total time: 8.41 seconds
[2018.12.02-00.58.20:065][  0]LogLoad: (Engine Initialization) Total Blueprint compile time: 0.00 seconds
[2018.12.02-00.58.20:091][  0]LogWindowsTextInputMethodSystem: Display: IME system now deactivated.
[2018.12.02-00.58.20:117][  0]LogContentStreaming: Texture pool size now 1000 MB
[2018.12.02-00.58.20:138][  0]LogSlate: Took 0.000252 seconds to synchronously load lazily loaded font '../../../Engine/Content/Slate/Fonts/Roboto-Light.ttf' (167K)
[2018.12.02-00.58.20:158][  1]LogAssetRegistry: Asset discovery search completed in 4.7339 seconds
[2018.12.02-00.58.20:159][  1]LogCollectionManager: Rebuilt the object cache for 0 collections in 0.000001 seconds (found 0 objects)
[2018.12.02-00.58.20:160][  1]LogCollectionManager: Fixed up redirectors for 0 collections in 0.000057 seconds (updated 0 objects)
[2018.12.02-00.58.21:098][109]LogSlate: Took 0.000173 seconds to synchronously load lazily loaded font '../../../Engine/Content/Slate/Fonts/Roboto-Light.ttf' (167K)
[2018.12.02-00.58.29:863][160]LogSlate: FSceneViewport::OnFocusLost() reason 0
[2018.12.02-01.00.43:003][ 20]LogSlate: FSceneViewport::OnFocusLost() reason 0
[2018.12.02-01.00.43:192][ 20]Candidate modules for hot reload:
[2018.12.02-01.00.43:192][ 20]  LearningToDrive
[2018.12.02-01.00.43:193][ 20]Launching UnrealBuildTool... [C:/Program Files/Epic Games/UE_4.20/Engine/Binaries/DotNET/UnrealBuildTool.exe  -ModuleWithSuffix=LearningToDrive,4270 Win64 Development -TargetType=Editor -Project="A:/Projects/Unreal Engine Projects/LearningToDrive/LearningToDrive/LearningToDrive.uproject" -canskiplink "A:/Projects/Unreal Engine Projects/LearningToDrive/LearningToDrive/LearningToDrive.uproject" ]
[2018.12.02-01.00.43:198][ 20]Warning: Starting HotReload took  0.0s.
[2018.12.02-01.01.02:482][448]CompilerResultsLog: New page: Compilation - 2 Dec 2018 01:01:02
[2018.12.02-01.01.02:482][448]CompilerResultsLog: Using 'git status' to determine working set for adaptive non-unity build.
[2018.12.02-01.01.02:482][448]CompilerResultsLog: Creating makefile for hot reloading LearningToDriveEditor (ini files are newer than UBTMakefile)
[2018.12.02-01.01.02:482][448]CompilerResultsLog: Compiling game modules for hot reload
[2018.12.02-01.01.02:482][448]CompilerResultsLog: Using Visual Studio 2017 14.15.26726 toolchain (C:\Program Files (x86)\Microsoft Visual Studio\2017\Community\VC\Tools\MSVC\14.15.26726) and Windows 10.0.17134.0 SDK (C:\Program Files (x86)\Windows Kits\10).
[2018.12.02-01.01.02:482][448]CompilerResultsLog: Parsing headers for LearningToDriveEditor
[2018.12.02-01.01.02:482][448]CompilerResultsLog:   Running UnrealHeaderTool "A:\Projects\Unreal Engine Projects\LearningToDrive\LearningToDrive\LearningToDrive.uproject" "A:\Projects\Unreal Engine Projects\LearningToDrive\LearningToDrive\Intermediate\Build\Win64\LearningToDriveEditor\Development\LearningToDriveEditor.uhtmanifest" -LogCmds="loginit warning, logexit warning, logdatabase error" -Unattended -WarningsAsErrors -installed
[2018.12.02-01.01.02:483][448]CompilerResultsLog: Reflection code generated for LearningToDriveEditor in 10.2631769 seconds
[2018.12.02-01.01.02:483][448]CompilerResultsLog: Building 5 actions with 4 processes...
[2018.12.02-01.01.02:483][448]CompilerResultsLog:   [1/5] Passenger.gen.cpp
[2018.12.02-01.01.02:483][448]CompilerResultsLog:   [2/5] LearningToDrive.init.gen.cpp
[2018.12.02-01.01.02:483][448]CompilerResultsLog:   [3/5] Passenger.cpp
[2018.12.02-01.01.02:483][448]CompilerResultsLog:   [4/5] UE4Editor-LearningToDrive-4270.lib
[2018.12.02-01.01.02:483][448]CompilerResultsLog:      Creating library A:\Projects\Unreal Engine Projects\LearningToDrive\LearningToDrive\Intermediate\Build\Win64\UE4Editor\Development\LearningToDrive\UE4Editor-LearningToDrive-4270.lib and object A:\Projects\Unreal Engine Projects\LearningToDrive\LearningToDrive\Intermediate\Build\Win64\UE4Editor\Development\LearningToDrive\UE4Editor-LearningToDrive-4270.exp
[2018.12.02-01.01.02:483][448]CompilerResultsLog:   [5/5] UE4Editor-LearningToDrive-4270.dll
[2018.12.02-01.01.02:483][448]CompilerResultsLog:      Creating library A:\Projects\Unreal Engine Projects\LearningToDrive\LearningToDrive\Intermediate\Build\Win64\UE4Editor\Development\LearningToDrive\UE4Editor-LearningToDrive-4270.suppressed.lib and object A:\Projects\Unreal Engine Projects\LearningToDrive\LearningToDrive\Intermediate\Build\Win64\UE4Editor\Development\LearningToDrive\UE4Editor-LearningToDrive-4270.suppressed.exp
[2018.12.02-01.01.02:483][448]CompilerResultsLog: Total build time: 18.88 seconds (Parallel executor: 1.71 seconds)
[2018.12.02-01.01.02:483][448]LogMainFrame: MainFrame: Module compiling took 19.304 seconds
[2018.12.02-01.01.02:525][448]LogClass: Could not find existing class Passenger in package /Script/LearningToDrive for HotReload, assuming new class
[2018.12.02-01.01.02:527][448]LogWindows: Windows GetLastError: The operation completed successfully. (0)
[2018.12.02-01.01.04:019][448]LogWindows: Error: === Critical error: ===
[2018.12.02-01.01.04:019][448]LogWindows: Error: 
[2018.12.02-01.01.04:019][448]LogWindows: Error: Fatal error: [File:D:\Build\++UE4\Sync\Engine\Source\Runtime\CoreUObject\Private\UObject\UObjectGlobals.cpp] [Line: 3751] 
[2018.12.02-01.01.04:019][448]LogWindows: Error: Default subobject StaticMeshComponent statisMeshComponent already exists for Passenger /Script/LearningToDrive.Default__Passenger.
[2018.12.02-01.01.04:019][448]LogWindows: Error: 
[2018.12.02-01.01.04:019][448]LogWindows: Error: 
[2018.12.02-01.01.04:019][448]LogWindows: Error: [Callstack] 0x00007fffa909a388 KERNELBASE.dll!UnknownFunction []
[2018.12.02-01.01.04:019][448]LogWindows: Error: [Callstack] 0x00007fff85136850 UE4Editor-ApplicationCore.dll!UnknownFunction []
[2018.12.02-01.01.04:019][448]LogWindows: Error: [Callstack] 0x00007fff622d62fc UE4Editor-Core.dll!UnknownFunction []
[2018.12.02-01.01.04:019][448]LogWindows: Error: [Callstack] 0x00007fff622651db UE4Editor-Core.dll!UnknownFunction []
[2018.12.02-01.01.04:019][448]LogWindows: Error: [Callstack] 0x00007fff61d94ef4 UE4Editor-CoreUObject.dll!UnknownFunction []
[2018.12.02-01.01.04:019][448]LogWindows: Error: [Callstack] 0x00007fff61cb8b1e UE4Editor-CoreUObject.dll!UnknownFunction []
[2018.12.02-01.01.04:019][448]LogWindows: Error: [Callstack] 0x00007fffa3a84ffd UE4Editor-LearningToDrive-4270.dll!APassenger::APassenger() [a:\projects\unreal engine projects\learningtodrive\learningtodrive\source\learningtodrive\passenger.cpp:21]
[2018.12.02-01.01.04:019][448]LogWindows: Error: [Callstack] 0x00007fff61afaafd UE4Editor-CoreUObject.dll!UnknownFunction []
[2018.12.02-01.01.04:019][448]LogWindows: Error: [Callstack] 0x00007fff61dddcf8 UE4Editor-CoreUObject.dll!UnknownFunction []
[2018.12.02-01.01.04:019][448]LogWindows: Error: [Callstack] 0x00007fff61dbda9f UE4Editor-CoreUObject.dll!UnknownFunction []
[2018.12.02-01.01.04:019][448]LogWindows: Error: [Callstack] 0x00007fff61b00a57 UE4Editor-CoreUObject.dll!UnknownFunction []
[2018.12.02-01.01.04:019][448]LogWindows: Error: [Callstack] 0x00007fff6217e08e UE4Editor-Core.dll!UnknownFunction []
[2018.12.02-01.01.04:019][448]LogWindows: Error: [Callstack] 0x00007fff62337851 UE4Editor-Core.dll!UnknownFunction []
[2018.12.02-01.01.04:019][448]LogWindows: Error: [Callstack] 0x00007fff62336b49 UE4Editor-Core.dll!UnknownFunction []
[2018.12.02-01.01.04:019][448]LogWindows: Error: [Callstack] 0x00007fff48070673 UE4Editor-HotReload.dll!UnknownFunction []
[2018.12.02-01.01.04:019][448]LogWindows: Error: [Callstack] 0x00007fff4806e067 UE4Editor-HotReload.dll!UnknownFunction []
[2018.12.02-01.01.04:019][448]LogWindows: Error: [Callstack] 0x00007fff4806e9f7 UE4Editor-HotReload.dll!UnknownFunction []
[2018.12.02-01.01.04:019][448]LogWindows: Error: [Callstack] 0x00007fff48082d94 UE4Editor-HotReload.dll!UnknownFunction []
[2018.12.02-01.01.04:019][448]LogWindows: Error: [Callstack] 0x00007fff621047b2 UE4Editor-Core.dll!UnknownFunction []
[2018.12.02-01.01.04:020][448]LogWindows: Error: [Callstack] 0x00007ff781c38269 UE4Editor.exe!UnknownFunction []
[2018.12.02-01.01.04:020][448]LogWindows: Error: [Callstack] 0x00007ff781c45b3c UE4Editor.exe!UnknownFunction []
[2018.12.02-01.01.04:020][448]LogWindows: Error: [Callstack] 0x00007ff781c45bba UE4Editor.exe!UnknownFunction []
[2018.12.02-01.01.04:020][448]LogWindows: Error: [Callstack] 0x00007ff781c53dac UE4Editor.exe!UnknownFunction []
[2018.12.02-01.01.04:020][448]LogWindows: Error: [Callstack] 0x00007ff781c55aaa UE4Editor.exe!UnknownFunction []
[2018.12.02-01.01.04:020][448]LogWindows: Error: [Callstack] 0x00007fffab5e3034 KERNEL32.DLL!UnknownFunction []
[2018.12.02-01.01.04:020][448]LogWindows: Error: [Callstack] 0x00007fffacce1471 ntdll.dll!UnknownFunction []
[2018.12.02-01.01.04:020][448]LogWindows: Error: 
[2018.12.02-01.01.04:035][448]LogExit: Executing StaticShutdownAfterError
[2018.12.02-01.01.04:036][448]LogWindows: FPlatformMisc::RequestExit(1)
[2018.12.02-01.01.04:039][448]Log file closed, 12/02/18 01:01:04
