Log file open, 11/26/18 18:17:11
LogWindows: Failed to load 'aqProf.dll' (GetLastError=126)
LogWindows: File 'aqProf.dll' does not exist
LogWindows: Failed to load 'VtuneApi.dll' (GetLastError=126)
LogWindows: File 'VtuneApi.dll' does not exist
LogWindows: Failed to load 'VtuneApi32e.dll' (GetLastError=126)
LogWindows: File 'VtuneApi32e.dll' does not exist
LogInit: Display: Running engine for game: LearningToDrive
LogPlatformFile: Not using cached read wrapper
LogTaskGraph: Started task graph with 5 named threads and 14 total threads with 3 sets of task threads.
LogStats: Stats thread started at 0.555228
LogD3D11RHI: Loaded GFSDK_Aftermath_Lib.x64.dll
LogICUInternationalization: Display: ICU TimeZone Detection - Raw Offset: +0:00, Platform Override: ''
LogPluginManager: Mounting plugin Paper2D
LogPluginManager: Mounting plugin AISupport
LogPluginManager: Mounting plugin LightPropagationVolume
LogPluginManager: Mounting plugin CLionSourceCodeAccess
LogPluginManager: Mounting plugin CodeLiteSourceCodeAccess
LogPluginManager: Mounting plugin GitSourceControl
LogPluginManager: Mounting plugin KDevelopSourceCodeAccess
LogPluginManager: Mounting plugin NullSourceCodeAccess
LogPluginManager: Mounting plugin PerforceSourceControl
LogPluginManager: Mounting plugin SubversionSourceControl
LogPluginManager: Mounting plugin UObjectPlugin
LogPluginManager: Mounting plugin VisualStudioCodeSourceCodeAccess
LogPluginManager: Mounting plugin VisualStudioSourceCodeAccess
LogPluginManager: Mounting plugin XCodeSourceCodeAccess
LogPluginManager: Mounting plugin AssetManagerEditor
LogPluginManager: Mounting plugin CryptoKeys
LogPluginManager: Mounting plugin DataValidation
LogPluginManager: Mounting plugin FacialAnimation
LogPluginManager: Mounting plugin GameplayTagsEditor
LogPluginManager: Mounting plugin MacGraphicsSwitching
LogPluginManager: Mounting plugin MeshEditor
LogPluginManager: Mounting plugin MobileLauncherProfileWizard
LogPluginManager: Mounting plugin PluginBrowser
LogPluginManager: Mounting plugin SpeedTreeImporter
LogPluginManager: Mounting plugin DatasmithContent
LogPluginManager: Mounting plugin AlembicImporter
LogPluginManager: Mounting plugin AppleImageUtils
LogPluginManager: Mounting plugin AppleVision
LogPluginManager: Mounting plugin BackChannel
LogPluginManager: Mounting plugin CharacterAI
LogPluginManager: Mounting plugin GeometryCache
LogPluginManager: Mounting plugin HTML5Networking
LogPluginManager: Mounting plugin ProxyLODPlugin
LogPluginManager: Mounting plugin MagicLeap
LogPluginManager: Mounting plugin MagicLeapEmulator
LogPluginManager: Mounting plugin MagicLeapMedia
LogPluginManager: Mounting plugin AndroidMedia
LogPluginManager: Mounting plugin AvfMedia
LogPluginManager: Mounting plugin ImgMedia
LogPluginManager: Mounting plugin LinearTimecode
LogPluginManager: Mounting plugin MediaCompositing
LogPluginManager: Mounting plugin MediaPlayerEditor
LogPluginManager: Mounting plugin WmfMedia
LogPluginManager: Mounting plugin TcpMessaging
LogPluginManager: Mounting plugin UdpMessaging
LogPluginManager: Mounting plugin ActorSequence
LogPluginManager: Mounting plugin LevelSequenceEditor
LogPluginManager: Mounting plugin MatineeToLevelSequence
LogPluginManager: Mounting plugin NetcodeUnitTest
LogPluginManager: Mounting plugin NUTUnrealEngine4
LogPluginManager: Mounting plugin OnlineSubsystemGooglePlay
LogPluginManager: Mounting plugin OnlineSubsystemIOS
LogPluginManager: Mounting plugin OnlineSubsystem
LogPluginManager: Mounting plugin OnlineSubsystemNull
LogPluginManager: Mounting plugin OnlineSubsystemUtils
LogPluginManager: Mounting plugin LauncherChunkInstaller
LogPluginManager: Mounting plugin AndroidDeviceProfileSelector
LogPluginManager: Mounting plugin AndroidMoviePlayer
LogPluginManager: Mounting plugin AndroidPermission
LogPluginManager: Mounting plugin AppleMoviePlayer
LogPluginManager: Mounting plugin ArchVisCharacter
LogPluginManager: Mounting plugin AudioCapture
LogPluginManager: Mounting plugin CableComponent
LogPluginManager: Mounting plugin CustomMeshComponent
LogPluginManager: Mounting plugin EditableMesh
LogPluginManager: Mounting plugin ExampleDeviceProfileSelector
LogPluginManager: Mounting plugin GoogleCloudMessaging
LogPluginManager: Mounting plugin ImmediatePhysics
LogPluginManager: Mounting plugin IOSDeviceProfileSelector
LogPluginManager: Mounting plugin LinuxDeviceProfileSelector
LogPluginManager: Mounting plugin LocationServicesBPLibrary
LogPluginManager: Mounting plugin MobilePatchingUtils
LogPluginManager: Mounting plugin OculusVR
LogPluginManager: Plugin shader directory ../../../Engine/Plugins/Runtime/Oculus/OculusVR/Shaders found
LogPluginManager: Mapping shader source directory ../../../Engine/Plugins/Runtime/Oculus/OculusVR/Shaders to virtual directory /Plugin/OculusVR
LogPluginManager: Mounting plugin PhysXVehicles
LogPluginManager: Mounting plugin ProceduralMeshComponent
LogPluginManager: Mounting plugin RuntimePhysXCooking
LogPluginManager: Mounting plugin SteamVR
LogPluginManager: Mounting plugin WindowsMoviePlayer
LogStreaming: Display: Took  0.113s to configure plugins.
LogInit: Using libcurl 7.55.1-DEV
LogInit:  - built for x86_64-pc-win32
LogInit:  - supports SSL with OpenSSL/1.0.2h
LogInit:  - supports HTTP deflate (compression) using libz 1.2.8
LogInit:  - other features:
LogInit:      CURL_VERSION_SSL
LogInit:      CURL_VERSION_LIBZ
LogInit:      CURL_VERSION_IPV6
LogInit:      CURL_VERSION_ASYNCHDNS
LogInit:      CURL_VERSION_LARGEFILE
LogInit:      CURL_VERSION_IDN
LogInit:  CurlRequestOptions (configurable via config and command line):
LogInit:  - bVerifyPeer = false  - Libcurl will NOT verify peer certificate
LogInit:  - bUseHttpProxy = false  - Libcurl will NOT use HTTP proxy
LogInit:  - bDontReuseConnections = false  - Libcurl will reuse connections
LogInit:  - CertBundlePath = nullptr  - Libcurl will use whatever was configured at build time.
LogInit:  - MaxHostConnections = 16  - Libcurl will limit the number of connections to a host
LogInit:  - LocalHostAddr = Default
LogInit:  - BufferSize = 65536
LogInit: WinSock: version 1.1 (2.2), MaxSocks=32767, MaxUdp=65467
LogInit: Build: ++UE4+Release-4.20-CL-4369336
LogInit: Engine Version: 4.20.3-4369336+++UE4+Release-4.20
LogInit: Compatible Engine Version: 4.20.0-4212847+++UE4+Release-4.20
LogInit: Net CL: 4212847
LogInit: OS: Windows 10 (), CPU: Intel(R) Core(TM) i5-6600 CPU @ 3.30GHz, GPU: NVIDIA GeForce GTX 970
LogInit: Compiled (64-bit): Sep 17 2018 12:26:19
LogInit: Compiled with Visual C++: 19.13.26129.00
LogInit: Build Configuration: Development
LogInit: Branch Name: ++UE4+Release-4.20
LogInit: Command Line:  
LogInit: Base Directory: C:/Program Files/Epic Games/UE_4.20/Engine/Binaries/Win64/
LogInit: Installed Engine Build: 1
LogDevObjectVersion: Number of dev versions registered: 20
LogDevObjectVersion:   Dev-Blueprints (B0D832E4-1F89-4F0D-ACCF-7EB736FD4AA2): 10
LogDevObjectVersion:   Dev-Build (E1C64328-A22C-4D53-A36C-8E866417BD8C): 0
LogDevObjectVersion:   Dev-Core (375EC13C-06E4-48FB-B500-84F0262A717E): 2
LogDevObjectVersion:   Dev-Editor (E4B068ED-F494-42E9-A231-DA0B2E46BB41): 24
LogDevObjectVersion:   Dev-Framework (CFFC743F-43B0-4480-9391-14DF171D2073): 34
LogDevObjectVersion:   Dev-Mobile (B02B49B5-BB20-44E9-A304-32B752E40360): 2
LogDevObjectVersion:   Dev-Networking (A4E4105C-59A1-49B5-A7C5-40C4547EDFEE): 0
LogDevObjectVersion:   Dev-Online (39C831C9-5AE6-47DC-9A44-9C173E1C8E7C): 0
LogDevObjectVersion:   Dev-Physics (78F01B33-EBEA-4F98-B9B4-84EACCB95AA2): 0
LogDevObjectVersion:   Dev-Platform (6631380F-2D4D-43E0-8009-CF276956A95A): 0
LogDevObjectVersion:   Dev-Rendering (12F88B9F-8875-4AFC-A67C-D90C383ABD29): 26
LogDevObjectVersion:   Dev-Sequencer (7B5AE74C-D270-4C10-A958-57980B212A5A): 9
LogDevObjectVersion:   Dev-VR (D7296918-1DD6-4BDD-9DE2-64A83CC13884): 2
LogDevObjectVersion:   Dev-LoadTimes (C2A15278-BFE7-4AFE-6C17-90FF531DF755): 1
LogDevObjectVersion:   Private-Geometry (6EACA3D4-40EC-4CC1-B786-8BED09428FC5): 3
LogDevObjectVersion:   Dev-AnimPhys (29E575DD-E0A3-4627-9D10-D276232CDCEA): 17
LogDevObjectVersion:   Dev-ReflectionCapture (6B266CEC-1EC7-4B8F-A30B-E4D90942FC07): 1
LogDevObjectVersion:   Dev-Automation (0DF73D61-A23F-47EA-B727-89E90C41499A): 1
LogDevObjectVersion:   FortniteMain (601D1886-AC64-4F84-AA16-D3DE0DEAC7D6): 12
LogDevObjectVersion:   Dev-Enterprise (9DFFBCD6-494F-0158-E221-12823C92A888): 1
LogStreaming: Display: Took  0.000s to delete old logs.
LogInit: Presizing for max 8388607 objects, including 0 objects not considered by GC, pre-allocating 0 bytes for permanent pool.
LogInit: Object subsystem initialized
[2018.11.26-18.17.11:862][  0]LogInit: Selected Device Profile: [Windows]
[2018.11.26-18.17.11:862][  0]LogInit: Applying CVar settings loaded from the selected device profile: [Windows]
[2018.11.26-18.17.11:873][  0]LogHAL: Display: Platform has ~ 16 GB [17116667904 / 17179869184 / 16], which maps to Larger [LargestMinGB=32, LargerMinGB=12, DefaultMinGB=8, SmallerMinGB=6, SmallestMinGB=0)
[2018.11.26-18.17.11:873][  0]LogInit: Setting Device Profile CVar: [[r.Vulkan.UseRealUBs:1]]
[2018.11.26-18.17.11:873][  0]LogInit: Going up to parent DeviceProfile []
[2018.11.26-18.17.11:874][  0]LogInit: Computer: DESKTOP-C6U4EA4
[2018.11.26-18.17.11:874][  0]LogInit: User: ThomasSimon
[2018.11.26-18.17.11:874][  0]LogInit: CPU Page size=4096, Cores=4
[2018.11.26-18.17.11:874][  0]LogInit: High frequency timer resolution =3.234375 MHz
[2018.11.26-18.17.11:875][  0]LogMemory: Memory total: Physical=15.9GB (16GB approx)
[2018.11.26-18.17.11:875][  0]LogMemory: Platform Memory Stats for Windows
[2018.11.26-18.17.11:875][  0]LogMemory: Process Physical Memory: 100.55 MB used, 100.55 MB peak
[2018.11.26-18.17.11:875][  0]LogMemory: Process Virtual Memory: 84.27 MB used, 84.27 MB peak
[2018.11.26-18.17.11:875][  0]LogMemory: Physical Memory: 5227.43 MB used,  11096.30 MB free, 16323.73 MB total
[2018.11.26-18.17.11:875][  0]LogMemory: Virtual Memory: 4625.40 MB used,  11096.30 MB free, 134217728.00 MB total
[2018.11.26-18.17.12:043][  0]LogInit: Using OS detected language (en-GB).
[2018.11.26-18.17.12:043][  0]LogInit: Using OS detected locale (en-GB).
[2018.11.26-18.17.12:044][  0]LogTextLocalizationManager: No specific localization for 'en-GB' exists, so the 'en' localization will be used.
[2018.11.26-18.17.12:404][  0]LogStreaming: Display: Took  0.360s to InitEngineTextLocalization.
[2018.11.26-18.17.12:405][  0]LogInit: Setting process to per monitor DPI aware
[2018.11.26-18.17.12:471][  0]LogSlate: New Slate User Created.  User Index 0, Is Virtual User: 0
[2018.11.26-18.17.12:471][  0]LogSlate: Slate User Registered.  User Index 0, Is Virtual User: 0
[2018.11.26-18.17.12:770][  0]LogHMD: Failed to initialize OpenVR with code 110
[2018.11.26-18.17.12:770][  0]LogD3D11RHI: D3D11 adapters:
[2018.11.26-18.17.12:862][  0]LogD3D11RHI:    0. 'NVIDIA GeForce GTX 970' (Feature Level 11_0)
[2018.11.26-18.17.12:862][  0]LogD3D11RHI:       4043/0/8161 MB DedicatedVideo/DedicatedSystem/SharedSystem, Outputs:3, VendorId:0x10de
[2018.11.26-18.17.12:864][  0]LogD3D11RHI:    1. 'Microsoft Basic Render Driver' (Feature Level 11_0)
[2018.11.26-18.17.12:864][  0]LogD3D11RHI:       0/0/8161 MB DedicatedVideo/DedicatedSystem/SharedSystem, Outputs:0, VendorId:0x1414
[2018.11.26-18.17.12:864][  0]LogD3D11RHI: Chosen D3D11 Adapter: 0
[2018.11.26-18.17.12:871][  0]LogD3D11RHI: Creating new Direct3DDevice
[2018.11.26-18.17.12:871][  0]LogD3D11RHI:     GPU DeviceId: 0x13c2 (for the marketing name, search the web for "GPU Device Id")
[2018.11.26-18.17.12:871][  0]LogWindows: EnumDisplayDevices:
[2018.11.26-18.17.12:871][  0]LogWindows:    0. 'NVIDIA GeForce GTX 970' (P:0 D:1)
[2018.11.26-18.17.12:872][  0]LogWindows:    1. 'NVIDIA GeForce GTX 970' (P:0 D:1)
[2018.11.26-18.17.12:872][  0]LogWindows:    2. 'NVIDIA GeForce GTX 970' (P:1 D:1)
[2018.11.26-18.17.12:872][  0]LogWindows:    3. 'NVIDIA GeForce GTX 970' (P:0 D:0)
[2018.11.26-18.17.12:872][  0]LogWindows: DebugString: FoundDriverCount:4 
[2018.11.26-18.17.12:872][  0]LogD3D11RHI:     Adapter Name: NVIDIA GeForce GTX 970
[2018.11.26-18.17.12:873][  0]LogD3D11RHI:   Driver Version: 398.11 (internal:24.21.13.9811, unified:398.11)
[2018.11.26-18.17.12:873][  0]LogD3D11RHI:      Driver Date: 6-1-2018
[2018.11.26-18.17.12:873][  0]LogRHI: Texture pool is 2830 MB (70% of 4043 MB)
[2018.11.26-18.17.12:905][  0]LogD3D11RHI: Async texture creation enabled
[2018.11.26-18.17.12:933][  0]LogD3D11RHI: GPU Timing Frequency: 1000.000000 (Debug: 2 2)
[2018.11.26-18.17.12:986][  0]LogShaderCompilers: Guid format shader working directory is -14 characters bigger than the processId version (A:/Projects/Unreal Engine Projects/LearningToDrive/LearningToDrive/Intermediate/Shaders/WorkingDirectory/11416/).
[2018.11.26-18.17.12:986][  0]LogShaderCompilers: Cleaned the shader compiler working directory 'C:/Users/Thomas Simon/AppData/Local/Temp/UnrealShaderWorkingDir/E2FFDB274F0C8A6A1824F0B0BB53EE26/'.
[2018.11.26-18.17.13:245][  0]LogTemp: Display: Loaded TP AllDesktopTargetPlatform
[2018.11.26-18.17.13:268][  0]LogTemp: Display: Loaded TP MacClientTargetPlatform
[2018.11.26-18.17.13:291][  0]LogTemp: Display: Loaded TP MacNoEditorTargetPlatform
[2018.11.26-18.17.13:314][  0]LogTemp: Display: Loaded TP MacServerTargetPlatform
[2018.11.26-18.17.13:338][  0]LogTemp: Display: Loaded TP MacTargetPlatform
[2018.11.26-18.17.13:362][  0]LogTemp: Display: Loaded TP WindowsClientTargetPlatform
[2018.11.26-18.17.13:386][  0]LogTemp: Display: Loaded TP WindowsNoEditorTargetPlatform
[2018.11.26-18.17.13:409][  0]LogTemp: Display: Loaded TP WindowsServerTargetPlatform
[2018.11.26-18.17.13:427][  0]LogTemp: Display: Loaded TP WindowsTargetPlatform
[2018.11.26-18.17.13:512][  0]LogTemp: Display: Loaded TP AndroidTargetPlatform
[2018.11.26-18.17.13:513][  0]LogTemp: Display: Loaded TP AndroidTargetPlatform
[2018.11.26-18.17.13:513][  0]LogTemp: Display: Loaded TP AndroidTargetPlatform
[2018.11.26-18.17.13:513][  0]LogTemp: Display: Loaded TP AndroidTargetPlatform
[2018.11.26-18.17.13:513][  0]LogTemp: Display: Loaded TP AndroidTargetPlatform
[2018.11.26-18.17.13:513][  0]LogTemp: Display: Loaded TP AndroidTargetPlatform
[2018.11.26-18.17.13:513][  0]LogTemp: Display: Loaded TP AndroidTargetPlatform
[2018.11.26-18.17.13:513][  0]LogTemp: Display: Loaded TP AndroidTargetPlatform
[2018.11.26-18.17.13:513][  0]LogTemp: Display: Loaded TP AndroidTargetPlatform
[2018.11.26-18.17.13:513][  0]LogTemp: Display: Loaded TP AndroidTargetPlatform
[2018.11.26-18.17.13:513][  0]LogTemp: Display: Loaded TP AndroidTargetPlatform
[2018.11.26-18.17.13:513][  0]LogTemp: Display: Loaded TP AndroidTargetPlatform
[2018.11.26-18.17.13:513][  0]LogTemp: Display: Loaded TP AndroidTargetPlatform
[2018.11.26-18.17.13:513][  0]LogTemp: Display: Loaded TP AndroidTargetPlatform
[2018.11.26-18.17.13:513][  0]LogTemp: Display: Loaded TP AndroidTargetPlatform
[2018.11.26-18.17.13:513][  0]LogTemp: Display: Loaded TP AndroidTargetPlatform
[2018.11.26-18.17.13:513][  0]LogTemp: Display: Loaded TP AndroidTargetPlatform
[2018.11.26-18.17.13:513][  0]LogTemp: Display: Loaded TP AndroidTargetPlatform
[2018.11.26-18.17.13:527][  0]LogTemp: Display: Loaded TP HTML5TargetPlatform
[2018.11.26-18.17.13:620][  0]LogTemp: Display: Loaded TP IOSTargetPlatform
[2018.11.26-18.17.13:620][  0]LogTemp: Display: Loaded TP IOSTargetPlatform
[2018.11.26-18.17.13:651][  0]LogTemp: Display: Loaded TP TVOSTargetPlatform
[2018.11.26-18.17.13:651][  0]LogTemp: Display: Loaded TP TVOSTargetPlatform
[2018.11.26-18.17.13:674][  0]LogTemp: Display: Loaded TP LinuxClientTargetPlatform
[2018.11.26-18.17.13:697][  0]LogTemp: Display: Loaded TP LinuxNoEditorTargetPlatform
[2018.11.26-18.17.13:720][  0]LogTemp: Display: Loaded TP LinuxServerTargetPlatform
[2018.11.26-18.17.13:746][  0]LogTemp: Display: Loaded TP LinuxTargetPlatform
[2018.11.26-18.17.13:765][  0]LogTemp: Display: Loaded TP LuminTargetPlatform
[2018.11.26-18.17.13:765][  0]LogTargetPlatformManager: Display: Building Assets For Windows
[2018.11.26-18.17.14:148][  0]LogXGEController: Cleaning working directory: C:/Users/Thomas Simon/AppData/Local/Temp/UnrealXGEWorkingDir/
[2018.11.26-18.17.14:148][  0]LogXGEController: Cannot use XGE Controller as Incredibuild is not installed on this machine.
[2018.11.26-18.17.14:148][  0]LogShaderCompilers: Cannot use XGE Shader Compiler as Incredibuild is not installed on this machine.
[2018.11.26-18.17.14:148][  0]LogShaderCompilers: Display: Using Local Shader Compiler.
[2018.11.26-18.17.14:986][  0]LogDerivedDataCache: Display: Max Cache Size: 512 MB
[2018.11.26-18.17.15:306][  0]LogDerivedDataCache: Loaded boot cache 0.32s 73MB C:/Users/Thomas Simon/AppData/Local/UnrealEngine/4.20/DerivedDataCache/Boot.ddc.
[2018.11.26-18.17.15:307][  0]LogDerivedDataCache: Display: Loaded Boot cache: C:/Users/Thomas Simon/AppData/Local/UnrealEngine/4.20/DerivedDataCache/Boot.ddc
[2018.11.26-18.17.15:307][  0]LogDerivedDataCache: FDerivedDataBackendGraph:  Pak pak cache file A:/Projects/Unreal Engine Projects/LearningToDrive/LearningToDrive/DerivedDataCache/DDC.ddp not found, will not use a pak cache.
[2018.11.26-18.17.15:307][  0]LogDerivedDataCache: Unable to find inner node Pak for hierarchical cache Hierarchy.
[2018.11.26-18.17.15:307][  0]LogDerivedDataCache: FDerivedDataBackendGraph:  CompressedPak pak cache file A:/Projects/Unreal Engine Projects/LearningToDrive/LearningToDrive/DerivedDataCache/Compressed.ddp not found, will not use a pak cache.
[2018.11.26-18.17.15:307][  0]LogDerivedDataCache: Unable to find inner node CompressedPak for hierarchical cache Hierarchy.
[2018.11.26-18.17.15:325][  0]LogDerivedDataCache: Display: Pak cache opened for reading ../../../Engine/DerivedDataCache/Compressed.ddp.
[2018.11.26-18.17.15:339][  0]LogDerivedDataCache: Using Local data cache path C:/Users/Thomas Simon/AppData/Local/UnrealEngine/Common/DerivedDataCache: Writable
[2018.11.26-18.17.15:339][  0]LogDerivedDataCache: Shared data cache path not found in *engine.ini, will not use an Shared cache.
[2018.11.26-18.17.15:339][  0]LogDerivedDataCache: Unable to find inner node Shared for hierarchical cache Hierarchy.
[2018.11.26-18.17.15:360][  0]LogMaterial: Verifying Global Shaders for PCD3D_SM5
[2018.11.26-18.17.15:365][  0]LogSlate: Using FreeType 2.6.0
[2018.11.26-18.17.15:368][  0]LogSlate: SlateFontServices - WITH_FREETYPE: 1, WITH_HARFBUZZ: 1
[2018.11.26-18.17.15:661][  0]LogAssetRegistry: FAssetRegistry took 0.0277 seconds to start up
[2018.11.26-18.17.16:032][  0]LogInit: Selected Device Profile: [Windows]
[2018.11.26-18.17.16:364][  0]LogSimplygon: Simplygon DLL not present - disabling.
[2018.11.26-18.17.16:410][  0]LogMeshReduction: Using SimplygonSwarm for distributed automatic mesh merging
[2018.11.26-18.17.16:411][  0]LogMeshReduction: Using ProxyLODMeshReduction for automatic mesh merging
[2018.11.26-18.17.16:411][  0]LogMeshReduction: Using QuadricMeshReduction for automatic static mesh reduction
[2018.11.26-18.17.16:411][  0]LogMeshReduction: No automatic skeletal mesh reduction module available
[2018.11.26-18.17.16:452][  0]LogNetVersion: LearningToDrive 1.0.0, NetCL: 4212847, EngineNetVer: 5, GameNetVer: 0 (Checksum: 1667456807)
[2018.11.26-18.17.17:184][  0]LogPackageLocalizationCache: Processed 11 localized package path(s) for 2 prioritized culture(s) in 0.115838 seconds
[2018.11.26-18.17.17:193][  0]LogUObjectArray: 38425 objects as part of root set at end of initial load.
[2018.11.26-18.17.17:193][  0]LogUObjectAllocator: 6690872 out of 0 bytes used by permanent object pool.
[2018.11.26-18.17.17:193][  0]LogUObjectArray: CloseDisregardForGC: 0/0 objects in disregard for GC pool
[2018.11.26-18.17.21:472][  0]LogTcpMessaging: Initializing TcpMessaging bridge
[2018.11.26-18.17.21:498][  0]LogUdpMessaging: Initializing bridge on interface 0.0.0.0:0 to multicast group 230.0.0.1:6666.
[2018.11.26-18.17.21:913][  0]SourceControl: Source control is disabled
[2018.11.26-18.17.21:913][  0]SourceControl: Source control is disabled
[2018.11.26-18.17.21:953][  0]SourceControl: Source control is disabled
[2018.11.26-18.17.21:968][  0]SourceControl: Source control is disabled
[2018.11.26-18.17.22:635][  0]LogAndroidPermission: UAndroidPermissionCallbackProxy::GetInstance
[2018.11.26-18.17.22:769][  0]LogOcInput: OculusInput pre-init called
[2018.11.26-18.17.22:906][  0]LogEngine: Initializing Engine...
[2018.11.26-18.17.22:908][  0]LogHMD: Failed to initialize OpenVR with code 110
[2018.11.26-18.17.22:910][  0]LogStats: UGameplayTagsManager::ConstructGameplayTagTree: ImportINI prefixes -  0.000 s
[2018.11.26-18.17.22:910][  0]LogStats: UGameplayTagsManager::ConstructGameplayTagTree: Construct from data asset -  0.000 s
[2018.11.26-18.17.22:910][  0]LogStats: UGameplayTagsManager::ConstructGameplayTagTree: ImportINI -  0.000 s
[2018.11.26-18.17.22:910][  0]LogStats: UGameplayTagsManager::ConstructGameplayTagTree: GameplayTagTreeChangedEvent.Broadcast -  0.000 s
[2018.11.26-18.17.23:107][  0]LogInit: Initializing FReadOnlyCVARCache
[2018.11.26-18.17.23:180][  0]LogAIModule: Creating AISystem for world Untitled
[2018.11.26-18.17.23:206][  0]LogInit: XAudio2 using 'Headphones (High Definition Audio Device)' : 2 channels at 44.1 kHz using 16 bits per sample (channel mask 0x3)
[2018.11.26-18.17.23:229][  0]LogInit: FAudioDevice initialized.
[2018.11.26-18.17.23:230][  0]LogNetVersion: Set ProjectVersion to 1.0.0.0. Version Checksum will be recalculated on next use.
[2018.11.26-18.17.23:299][  0]LogDerivedDataCache: Saved boot cache 0.07s 73MB C:/Users/Thomas Simon/AppData/Local/UnrealEngine/4.20/DerivedDataCache/Boot.ddc.
[2018.11.26-18.17.23:300][  0]LogInit: Texture streaming: Enabled
[2018.11.26-18.17.23:370][  0]LogEngineSessionManager: EngineSessionManager initialized
[2018.11.26-18.17.23:417][  0]LogWindowsTextInputMethodSystem: Display: IME system now deactivated.
[2018.11.26-18.17.23:483][  0]LogInit: Transaction tracking system initialized
[2018.11.26-18.17.23:639][  0]BlueprintLog: New page: Editor Load
[2018.11.26-18.17.24:196][  0]LocalizationService: Localization service is disabled
[2018.11.26-18.17.25:065][  0]LogCook: Display: Max memory allowance for cook 16384mb min free memory 0mb
[2018.11.26-18.17.25:065][  0]LogCook: Display: Mobile HDR setting 1
[2018.11.26-18.17.25:066][  0]LogFileCache: Scanning file cache for directory 'A:/Projects/Unreal Engine Projects/LearningToDrive/LearningToDrive/Content/' took 0.01s
[2018.11.26-18.17.25:066][  0]LogGameplayTags: Display: UGameplayTagsManager::DoneAddingNativeTags. DelegateIsBound: 0
[2018.11.26-18.17.25:066][  0]LogStats: UGameplayTagsManager::ConstructGameplayTagTree: ImportINI prefixes -  0.000 s
[2018.11.26-18.17.25:066][  0]LogStats: UGameplayTagsManager::ConstructGameplayTagTree: Construct from data asset -  0.000 s
[2018.11.26-18.17.25:066][  0]LogStats: UGameplayTagsManager::ConstructGameplayTagTree: ImportINI -  0.000 s
[2018.11.26-18.17.25:066][  0]LogStats: UGameplayTagsManager::ConstructGameplayTagTree: GameplayTagTreeChangedEvent.Broadcast -  0.000 s
[2018.11.26-18.17.26:660][  0]SourceControl: Source control is disabled
[2018.11.26-18.17.26:661][  0]Cmd: MAP LOAD FILE="A:/Projects/Unreal Engine Projects/LearningToDrive/LearningToDrive/Content/MyContent/Maps/Main.umap" TEMPLATE=0 SHOWPROGRESS=1 FEATURELEVEL=3
[2018.11.26-18.17.26:663][  0]LightingResults: New page: Lighting Build
[2018.11.26-18.17.26:677][  0]MapCheck: New page: Map Check
[2018.11.26-18.17.26:677][  0]LightingResults: New page: Lighting Build
[2018.11.26-18.17.26:805][  0]LogLinker: Warning: Can't find file '/Game/MyContent/Maps/Main_BuiltData'
[2018.11.26-18.17.26:805][  0]LogLinker: Warning: Can't find file for asset '/Game/MyContent/Maps/Main_BuiltData' while loading A:/Projects/Unreal Engine Projects/LearningToDrive/LearningToDrive/Content/MyContent/Maps/Main.umap.
[2018.11.26-18.17.26:805][  0]LoadErrors: Error: /Game/MyContent/Maps/Main : Can't find file for asset. /Game/MyContent/Maps/Main_BuiltData
[2018.11.26-18.17.26:806][  0]LogLinker: Warning: Can't find file '/Game/MyContent/Maps/Main_BuiltData'
[2018.11.26-18.17.26:807][  0]LogLinker: Warning: Can't find file for asset '/Game/MyContent/Maps/Main_BuiltData' while loading A:/Projects/Unreal Engine Projects/LearningToDrive/LearningToDrive/Content/MyContent/Maps/Main.umap.
[2018.11.26-18.17.26:807][  0]LoadErrors: Error: /Game/MyContent/Maps/Main : Can't find file for asset. /Game/MyContent/Maps/Main_BuiltData
[2018.11.26-18.17.26:813][  0]LogLinker: Warning: Can't find file '/Game/MyContent/Maps/Main_BuiltData'
[2018.11.26-18.17.26:813][  0]LoadErrors: Failed to load /Game/MyContent/Maps/Main_BuiltData.Main_BuiltData Referenced by PersistentLevel
[2018.11.26-18.17.26:813][  0]LogLinker: Warning: Can't find file for asset '/Game/MyContent/Maps/Main_BuiltData' while loading NULL.
[2018.11.26-18.17.26:813][  0]LoadErrors: Failed to load /Game/MyContent/Maps/Main_BuiltData.Main_BuiltData Referenced by PersistentLevel
[2018.11.26-18.17.26:890][  0]LogAIModule: Creating AISystem for world Main
[2018.11.26-18.17.26:908][  0]LogEditorServer: Finished looking for orphan Actors (0.000 secs)
[2018.11.26-18.17.26:934][  0]Cmd: MAP CHECKDEP NOCLEARLOG
[2018.11.26-18.17.26:993][  0]MapCheck: Map check complete: 0 Error(s), 0 Warning(s), took 58.656ms to complete.
[2018.11.26-18.17.26:993][  0]LogFileHelpers: Loading map 'Main' took 0.332
[2018.11.26-18.17.27:172][  0]LogSlate: Updating window title bar state: overlay mode, drag disabled, window buttons hidden, title bar hidden
[2018.11.26-18.17.27:180][  0]LogSlate: Updating window title bar state: overlay mode, drag disabled, window buttons hidden, title bar hidden
[2018.11.26-18.17.27:187][  0]LogSlate: Updating window title bar state: overlay mode, drag disabled, window buttons hidden, title bar hidden
[2018.11.26-18.17.27:194][  0]LogSlate: Updating window title bar state: overlay mode, drag disabled, window buttons hidden, title bar hidden
[2018.11.26-18.17.27:216][  0]LogCollectionManager: Loaded 0 collections in 0.001348 seconds
[2018.11.26-18.17.27:285][  0]LogFileCache: Scanning file cache for directory 'A:/Projects/Unreal Engine Projects/LearningToDrive/LearningToDrive/Saved/Collections/' took 0.01s
[2018.11.26-18.17.27:285][  0]LogFileCache: Scanning file cache for directory 'A:/Projects/Unreal Engine Projects/LearningToDrive/LearningToDrive/Content/Developers/ThomasSimon/Collections/' took 0.01s
[2018.11.26-18.17.27:285][  0]LogFileCache: Scanning file cache for directory 'A:/Projects/Unreal Engine Projects/LearningToDrive/LearningToDrive/Content/Collections/' took 0.01s
[2018.11.26-18.17.27:285][  0]LogCollectionManager: Rebuilt the GUID cache for 0 collections in 0.000000 seconds
[2018.11.26-18.17.27:296][  0]LogContentBrowser: Native class hierarchy populated in 0.0105 seconds. Added 2575 classes and 607 folders.
[2018.11.26-18.17.27:317][  0]LogContentBrowser: Native class hierarchy updated for 'WidgetCarousel' in 0.0003 seconds. Added 0 classes and 0 folders.
[2018.11.26-18.17.27:548][  0]LogContentBrowser: Native class hierarchy updated for 'AddContentDialog' in 0.0003 seconds. Added 0 classes and 0 folders.
[2018.11.26-18.17.28:840][  0]LogSlate: Only BGRA pngs, bmps or icos are supported in by External Image Picker
[2018.11.26-18.17.28:888][  0]LogSlate: Took 0.011357 seconds to synchronously load lazily loaded font '../../../Engine/Content/Slate/Fonts/Roboto-Regular.ttf' (155K)
[2018.11.26-18.17.28:897][  0]LogSlate: Took 0.003766 seconds to synchronously load lazily loaded font '../../../Engine/Content/Slate/Fonts/Roboto-Bold.ttf' (160K)
[2018.11.26-18.17.28:902][  0]LogSlate: Took 0.002714 seconds to synchronously load lazily loaded font '../../../Engine/Content/Editor/Slate/Fonts/FontAwesome.ttf' (139K)
[2018.11.26-18.17.28:969][  0]LogTemp: Executing iPhonePackager certificates Engine -bundlename com.YourCompany.LearningToDrive
[2018.11.26-18.17.28:969][  0]LogTemp: CWD: C:\Program Files\Epic Games\UE_4.20\Engine\Binaries\DotNET\IOS
[2018.11.26-18.17.28:969][  0]LogTemp: Initial Dir: C:\Program Files\Epic Games\UE_4.20
[2018.11.26-18.17.28:969][  0]LogTemp: Env CWD: C:\Program Files\Epic Games\UE_4.20\Engine\Binaries\DotNET\IOS
[2018.11.26-18.17.28:969][  0]LogTemp: BranchPath = DESKTOP-C6U4EA4/C/Program Files/Epic Games/UE_4.20/Engine/Binaries --- GameBranchPath = DESKTOP-C6U4EA4/C/Program Files/Epic Games/UE_4.20/Engine/Binaries
[2018.11.26-18.17.28:969][  0]LogTemp: IPP ERROR: Could not find provision directory 'C:\Users\Thomas Simon\AppData\Local/Apple Computer/MobileDevice/Provisioning Profiles/'.
[2018.11.26-18.17.28:969][  0]LogRenderer: Reallocating scene render targets to support 1152x600 Format 10 NumSamples 1 (Frame:1).
[2018.11.26-18.17.29:118][  0]LogContentBrowser: Native class hierarchy updated for 'HierarchicalLODOutliner' in 0.0003 seconds. Added 0 classes and 0 folders.
[2018.11.26-18.17.29:119][  0]LogLoad: (Engine Initialization) Total time: 19.75 seconds
[2018.11.26-18.17.29:119][  0]LogLoad: (Engine Initialization) Total Blueprint compile time: 0.00 seconds
[2018.11.26-18.17.29:156][  0]LogContentStreaming: Texture pool size now 1000 MB
[2018.11.26-18.17.29:173][  1]LogAssetRegistry: Asset discovery search completed in 13.5352 seconds
[2018.11.26-18.17.29:175][  1]LogCollectionManager: Rebuilt the object cache for 0 collections in 0.000000 seconds (found 0 objects)
[2018.11.26-18.17.29:175][  1]LogCollectionManager: Fixed up redirectors for 0 collections in 0.000090 seconds (updated 0 objects)
[2018.11.26-18.17.30:152][107]LogSlate: Took 0.002754 seconds to synchronously load lazily loaded font '../../../Engine/Content/Slate/Fonts/Roboto-Light.ttf' (167K)
[2018.11.26-18.17.34:972][683]LogSlate: FSceneViewport::OnFocusLost() reason 0
[2018.11.26-18.17.37:628][998]LogSlate: Took 0.000150 seconds to synchronously load lazily loaded font '../../../Engine/Content/Slate/Fonts/Roboto-Light.ttf' (167K)
[2018.11.26-18.17.39:538][226]LogTemp: Repeating last play command: Selected Viewport
[2018.11.26-18.17.39:552][226]LogPlayLevel: PlayLevel: No blueprints needed recompiling
[2018.11.26-18.17.39:568][226]PIE: New page: PIE session: Main (26 Nov 2018 18:17:39)
[2018.11.26-18.17.39:568][226]LogPlayLevel: Creating play world package: /Game/MyContent/Maps/UEDPIE_0_Main
[2018.11.26-18.17.39:572][226]LogPlayLevel: PIE: StaticDuplicateObject took: (0.003988s)
[2018.11.26-18.17.39:572][226]LogAIModule: Creating AISystem for world Main
[2018.11.26-18.17.39:573][226]LogPlayLevel: PIE: World Init took: (0.000693s)
[2018.11.26-18.17.39:573][226]LogPlayLevel: PIE: Created PIE world by copying editor world from /Game/MyContent/Maps/Main.Main to /Game/MyContent/Maps/UEDPIE_0_Main.Main (0.004820s)
[2018.11.26-18.17.39:600][226]LogInit: XAudio2 using 'Headphones (High Definition Audio Device)' : 2 channels at 44.1 kHz using 16 bits per sample (channel mask 0x3)
[2018.11.26-18.17.39:612][226]LogInit: FAudioDevice initialized.
[2018.11.26-18.17.39:698][226]LogMaterial: Display: Missing cached shader map for material M_Red, compiling. 
[2018.11.26-18.17.39:759][226]LogMaterial: Display: Missing cached shader map for material M_Grey, compiling. 
[2018.11.26-18.17.39:788][226]LogShaderCompilers: Display: Shaders left to compile 60
[2018.11.26-18.17.39:788][226]LogShaderCompilers: Display: Shaders left to compile 50
[2018.11.26-18.17.39:788][226]LogShaderCompilers: Display: Shaders left to compile 40
[2018.11.26-18.17.39:788][226]LogSkeletalMesh: Building Skeletal Mesh Sedan_SkelMesh...
[2018.11.26-18.17.39:808][226]LogSkeletalMesh: Built Skeletal Mesh [0.02s] /Game/Other/Sedan/Sedan_SkelMesh.Sedan_SkelMesh
[2018.11.26-18.17.39:812][226]LogMaterial: Display: Missing cached shader map for material M_Black, compiling. 
[2018.11.26-18.17.39:838][226]LogMaterial: Display: Missing cached shader map for material M_White, compiling. 
[2018.11.26-18.17.39:868][226]LogMaterial: Display: Missing cached shader map for material M_Yellow, compiling. 
[2018.11.26-18.17.39:895][226]LogLoad: Game class is 'Bp_LearningToDriveGameModeBase_C'
[2018.11.26-18.17.39:897][226]LogWorld: Bringing World /Game/MyContent/Maps/UEDPIE_0_Main.Main up for play (max tick rate 0) at 2018.11.26-18.17.39
[2018.11.26-18.17.39:897][226]LogWorld: Bringing up level for play took: 0.000588
[2018.11.26-18.17.39:922][226]LogContentBrowser: Native class hierarchy updated for 'MovieSceneCapture' in 0.0003 seconds. Added 10 classes and 0 folders.
[2018.11.26-18.17.39:931][226]PIE: Play in editor start time for /Game/MyContent/Maps/UEDPIE_0_Main 1.28
[2018.11.26-18.17.42:502][517]LogSlate: Updating window title bar state: overlay mode, drag disabled, window buttons hidden, title bar hidden
[2018.11.26-18.17.42:534][517]LogPlayLevel: Display: Shutting down PIE online subsystems
[2018.11.26-18.17.42:557][517]LogSlate: Updating window title bar state: overlay mode, drag disabled, window buttons hidden, title bar hidden
[2018.11.26-18.17.42:601][520]LogPlayLevel: Display: Destroying online subsystem :Context_2
[2018.11.26-18.17.45:637][866]LogShaderCompilers: Display: Shaders left to compile 270
[2018.11.26-18.17.46:978][ 18]LogShaderCompilers: Display: Shaders left to compile 260
[2018.11.26-18.17.47:482][ 75]LogShaderCompilers: Display: Shaders left to compile 250
[2018.11.26-18.17.50:756][441]LogShaderCompilers: Display: Shaders left to compile 240
[2018.11.26-18.17.51:150][486]LogShaderCompilers: Display: Shaders left to compile 230
[2018.11.26-18.17.52:442][632]LogShaderCompilers: Display: Shaders left to compile 220
[2018.11.26-18.17.53:434][745]LogShaderCompilers: Display: Shaders left to compile 210
[2018.11.26-18.17.55:657][995]LogShaderCompilers: Display: Shaders left to compile 200
[2018.11.26-18.17.55:832][ 15]LogShaderCompilers: Display: Shaders left to compile 190
[2018.11.26-18.17.57:649][223]LogShaderCompilers: Display: Shaders left to compile 180
[2018.11.26-18.17.58:552][326]LogShaderCompilers: Display: Shaders left to compile 170
[2018.11.26-18.17.59:672][453]LogShaderCompilers: Display: Shaders left to compile 160
[2018.11.26-18.18.00:150][507]LogShaderCompilers: Display: Shaders left to compile 150
[2018.11.26-18.18.02:636][791]LogShaderCompilers: Display: Shaders left to compile 140
[2018.11.26-18.18.02:795][809]LogShaderCompilers: Display: Shaders left to compile 130
[2018.11.26-18.18.04:245][975]LogShaderCompilers: Display: Shaders left to compile 120
[2018.11.26-18.18.05:639][132]LogShaderCompilers: Display: Shaders left to compile 110
[2018.11.26-18.18.06:783][261]LogShaderCompilers: Display: Shaders left to compile 100
[2018.11.26-18.18.06:849][269]LogShaderCompilers: Display: Shaders left to compile 90
[2018.11.26-18.18.09:914][620]LogShaderCompilers: Display: Shaders left to compile 80
[2018.11.26-18.18.10:000][630]LogShaderCompilers: Display: Shaders left to compile 70
[2018.11.26-18.18.11:183][765]LogShaderCompilers: Display: Shaders left to compile 60
[2018.11.26-18.18.12:803][950]LogShaderCompilers: Display: Shaders left to compile 50
[2018.11.26-18.18.13:601][ 41]LogShaderCompilers: Display: Shaders left to compile 40
[2018.11.26-18.18.13:974][ 82]LogShaderCompilers: Display: Shaders left to compile 30
[2018.11.26-18.18.16:676][390]LogShaderCompilers: Display: Shaders left to compile 20
[2018.11.26-18.18.17:047][433]LogShaderCompilers: Display: Shaders left to compile 10
[2018.11.26-18.18.27:443][659]LogSlate: FSceneViewport::OnFocusLost() reason 0
[2018.11.26-18.18.27:569][674]LogTemp: Repeating last play command: Selected Viewport
[2018.11.26-18.18.27:582][674]LogPlayLevel: PlayLevel: No blueprints needed recompiling
[2018.11.26-18.18.27:582][674]PIE: New page: PIE session: Main (26 Nov 2018 18:18:27)
[2018.11.26-18.18.27:582][674]LogPlayLevel: Creating play world package: /Game/MyContent/Maps/UEDPIE_0_Main
[2018.11.26-18.18.27:585][674]LogPlayLevel: PIE: StaticDuplicateObject took: (0.002838s)
[2018.11.26-18.18.27:585][674]LogAIModule: Creating AISystem for world Main
[2018.11.26-18.18.27:586][674]LogPlayLevel: PIE: World Init took: (0.000626s)
[2018.11.26-18.18.27:586][674]LogPlayLevel: PIE: Created PIE world by copying editor world from /Game/MyContent/Maps/Main.Main to /Game/MyContent/Maps/UEDPIE_0_Main.Main (0.003580s)
[2018.11.26-18.18.27:615][674]LogInit: XAudio2 using 'Headphones (High Definition Audio Device)' : 2 channels at 44.1 kHz using 16 bits per sample (channel mask 0x3)
[2018.11.26-18.18.27:627][674]LogInit: FAudioDevice initialized.
[2018.11.26-18.18.27:659][674]LogLoad: Game class is 'Bp_LearningToDriveGameModeBase_C'
[2018.11.26-18.18.27:660][674]LogWorld: Bringing World /Game/MyContent/Maps/UEDPIE_0_Main.Main up for play (max tick rate 0) at 2018.11.26-18.18.27
[2018.11.26-18.18.27:661][674]LogWorld: Bringing up level for play took: 0.000524
[2018.11.26-18.18.27:673][674]PIE: Play in editor start time for /Game/MyContent/Maps/UEDPIE_0_Main 1.021
[2018.11.26-18.19.16:401][510]LogSlate: Updating window title bar state: overlay mode, drag disabled, window buttons hidden, title bar hidden
[2018.11.26-18.19.16:433][510]LogPlayLevel: Display: Shutting down PIE online subsystems
[2018.11.26-18.19.16:455][510]LogSlate: Updating window title bar state: overlay mode, drag disabled, window buttons hidden, title bar hidden
[2018.11.26-18.19.16:506][515]LogPlayLevel: Display: Destroying online subsystem :Context_4
[2018.11.26-18.19.17:907][683]LogSlate: FSceneViewport::OnFocusLost() reason 0
[2018.11.26-18.19.18:024][697]MapCheck: New page: Map Check
[2018.11.26-18.19.18:045][697]Cmd: MAP REBUILD ALLVISIBLE
[2018.11.26-18.19.18:045][697]LogEditorServer: Rebuildmap Clear paths rebuilt
[2018.11.26-18.19.18:143][697]LogMaterial: Display: Missing cached shader map for material FDebugViewModeMaterialProxy MaterialInstanceDynamic_0, compiling. 
[2018.11.26-18.19.18:151][697]LogMaterial: Display: Missing cached shader map for material FDebugViewModeMaterialProxy WorldGridMaterial, compiling. Is special engine material.
[2018.11.26-18.19.20:847][697]LogShaderCompilers: Display: Shaders left to compile 2
[2018.11.26-18.19.20:847][697]LogShaderCompilers: Display: Shaders left to compile 1
[2018.11.26-18.19.20:847][697]TextureStreamingBuild: Display: Compiling optional shaders took 2.708 seconds.
[2018.11.26-18.19.20:851][697]LogLevel: Display: Export Material TexCoord Scales took 0.004 seconds.
[2018.11.26-18.19.20:857][697]TextureStreamingBuild: Display: Build Texture Streaming took 0.006 seconds.
[2018.11.26-18.19.20:877][697]LightingResults: New page: Lighting Build - 26 Nov 2018 18:19:20
[2018.11.26-18.19.20:928][697]LogSwarmInterface: [OpenConnection] Registering TCP channel ...
[2018.11.26-18.19.20:979][697]LogSwarmInterface: [OpenConnection] Connecting to agent ...
[2018.11.26-18.19.20:990][697]LogSwarmInterface: [TryOpenConnection] Testing the Agent
[2018.11.26-18.19.21:544][697]LogSwarmInterface: [TryOpenConnection] Opening Connection to Agent
[2018.11.26-18.19.21:544][697]LogSwarmInterface: [TryOpenConnection] Local Process ID is 11416
[2018.11.26-18.19.26:505][697]LogStaticLightingSystem: Warning: No importance volume found, so the scene bounding box was used.  You can optimize your scene's quality and lighting build times by adding importance volumes.
[2018.11.26-18.19.26:505][697]LogStaticLightingSystem: Running Lightmass w/ ImmediateImport mode ENABLED
[2018.11.26-18.19.26:505][697]LogStaticLightingSystem: Running Lightmass w/ ImmediateProcess mode ENABLED
[2018.11.26-18.19.26:505][697]LogStaticLightingSystem: Running Lightmass w/ Sorting mode ENABLED
[2018.11.26-18.19.26:505][697]LogStaticLightingSystem: Running Lightmass w/ Mapping paddings ENABLED
[2018.11.26-18.19.26:505][697]LogStaticLightingSystem: Running Lightmass w/ Mapping debug paddings DISABLED
[2018.11.26-18.19.26:653][697]Cmd: MAP CHECK DONTDISPLAYDIALOG
[2018.11.26-18.19.26:653][697]MapCheck: New page: Main - 26 Nov 2018 18:19:26
[2018.11.26-18.19.26:715][697]MapCheck: Map check complete: 0 Error(s), 0 Warning(s), took 61.292ms to complete.
[2018.11.26-18.19.26:738][697]LogEditorBuildUtils: Build time 0:08
[2018.11.26-18.19.28:401][797]Job is a success!
[2018.11.26-18.19.28:468][799]LogVolumetricLightmapImport: Imported Volumetric Lightmap in 0.013s
[2018.11.26-18.19.28:468][799]LogVolumetricLightmapImport:      Indirection Texture 16x16x16 = 0.0Mb
[2018.11.26-18.19.28:468][799]LogVolumetricLightmapImport:      BrickData 150x5x5 = 0.1Mb
[2018.11.26-18.19.28:468][799]LogVolumetricLightmapImport:      Bricks at Level
[2018.11.26-18.19.28:468][799]LogVolumetricLightmapImport:          0: 3.3% covering 100.0% of volume
[2018.11.26-18.19.28:468][799]LogVolumetricLightmapImport:          1: 13.3% covering 6.3% of volume
[2018.11.26-18.19.28:468][799]LogVolumetricLightmapImport:          2: 83.3% covering 0.6% of volume
[2018.11.26-18.19.28:611][799]LogTexture: Display: Building textures: HQ_Lightmap0_1 (AutoDXT, 1024X1024)
[2018.11.26-18.19.28:611][799]LogTexture: Display: Building textures: LQ_Lightmap_0_1 (DXT1, 1024X1024)
[2018.11.26-18.19.28:611][799]LogTexture: Display: Building textures: HQ_Lightmap0_2 (AutoDXT, 64X64)
[2018.11.26-18.19.28:611][799]LogTexture: Display: Building textures: LQ_Lightmap_0_2 (DXT1, 64X64)
[2018.11.26-18.19.28:611][799]LogTexture: Display: Building textures: ShadowMapTexture2D_1 (G8, 32X32)
[2018.11.26-18.19.28:611][799]LogTexture: Display: Building textures: ShadowMapTexture2D_0 (G8, 128X512)
[2018.11.26-18.19.28:644][799]Lightmass on DESKTOP-C6U4EA4: 1.14 sec total, 108 ms importing, 6 ms setup, 165 ms photons, 791 ms processing, 0 ms extra exporting [7/7 mappings]. Threads: 3.13 sec total, 738 ms processing.
[2018.11.26-18.19.28:679][799]LogStaticLightingSystem: Illumination: 7.78 sec (108 ms encoding lightmaps, 19 ms encoding shadowmaps)
[2018.11.26-18.19.28:679][799]LogStaticLightingSystem: Lightmap texture memory:  2.0 MB (0.0 MB streaming, 2.0 MB non-streaming), 4 textures
[2018.11.26-18.19.28:679][799]LogStaticLightingSystem: Shadowmap texture memory: 0.1 MB (0.0 MB streaming, 0.1 MB non-streaming), 2 textures
[2018.11.26-18.19.29:512][799]DumpUnbuiltLightIteractions
[2018.11.26-18.19.29:512][799]Lights with unbuilt interactions: 0
[2018.11.26-18.19.29:512][799]
[2018.11.26-18.19.29:512][799]Primitives with unbuilt interactions: 0
[2018.11.26-18.19.29:571][800]Cmd: MAP CHECK NOTIFYRESULTS
[2018.11.26-18.19.29:572][800]MapCheck: New page: Main - 26 Nov 2018 18:19:29
[2018.11.26-18.19.29:630][800]MapCheck: Map check complete: 0 Error(s), 0 Warning(s), took 58.229ms to complete.
[2018.11.26-18.19.33:573][273]LogTemp: Repeating last play command: Selected Viewport
[2018.11.26-18.19.33:586][273]LogPlayLevel: PlayLevel: No blueprints needed recompiling
[2018.11.26-18.19.33:586][273]PIE: New page: PIE session: Main (26 Nov 2018 18:19:33)
[2018.11.26-18.19.33:586][273]LogPlayLevel: Creating play world package: /Game/MyContent/Maps/UEDPIE_0_Main
[2018.11.26-18.19.33:589][273]LogPlayLevel: PIE: StaticDuplicateObject took: (0.003079s)
[2018.11.26-18.19.33:590][273]LogAIModule: Creating AISystem for world Main
[2018.11.26-18.19.33:590][273]LogPlayLevel: PIE: World Init took: (0.000756s)
[2018.11.26-18.19.33:590][273]LogPlayLevel: PIE: Created PIE world by copying editor world from /Game/MyContent/Maps/Main.Main to /Game/MyContent/Maps/UEDPIE_0_Main.Main (0.003980s)
[2018.11.26-18.19.33:616][273]LogInit: XAudio2 using 'Headphones (High Definition Audio Device)' : 2 channels at 44.1 kHz using 16 bits per sample (channel mask 0x3)
[2018.11.26-18.19.33:628][273]LogInit: FAudioDevice initialized.
[2018.11.26-18.19.33:659][273]LogLoad: Game class is 'Bp_LearningToDriveGameModeBase_C'
[2018.11.26-18.19.33:660][273]LogWorld: Bringing World /Game/MyContent/Maps/UEDPIE_0_Main.Main up for play (max tick rate 0) at 2018.11.26-18.19.33
[2018.11.26-18.19.33:661][273]LogWorld: Bringing up level for play took: 0.000721
[2018.11.26-18.19.33:673][273]PIE: Play in editor start time for /Game/MyContent/Maps/UEDPIE_0_Main 1.022
[2018.11.26-18.20.14:358][144]LogSlate: Updating window title bar state: overlay mode, drag disabled, window buttons hidden, title bar hidden
[2018.11.26-18.20.14:389][144]LogPlayLevel: Display: Shutting down PIE online subsystems
[2018.11.26-18.20.14:412][144]LogSlate: Updating window title bar state: overlay mode, drag disabled, window buttons hidden, title bar hidden
[2018.11.26-18.20.14:462][149]LogPlayLevel: Display: Destroying online subsystem :Context_5
[2018.11.26-18.20.18:557][640]LogSlate: FSceneViewport::OnFocusLost() reason 0
[2018.11.26-18.20.18:727][651]LogSavePackage: Moving 'A:/Projects/Unreal Engine Projects/LearningToDrive/LearningToDrive/Saved/Main3B19E9A64321EB0ADB5EE794874DAAD4.tmp' to 'A:/Projects/Unreal Engine Projects/LearningToDrive/LearningToDrive/Content/MyContent/Maps/Main.umap'
[2018.11.26-18.20.18:755][651]Cmd: OBJ SAVEPACKAGE PACKAGE="/Game/MyContent/Maps/Main_BuiltData" FILE="A:/Projects/Unreal Engine Projects/LearningToDrive/LearningToDrive/Content/MyContent/Maps/Main_BuiltData.uasset" SILENT=true
[2018.11.26-18.20.18:789][651]LogSavePackage: Moving 'A:/Projects/Unreal Engine Projects/LearningToDrive/LearningToDrive/Saved/Main_BuiltData3EC292D34C1F82328D31E594EB34A9B3.tmp' to 'A:/Projects/Unreal Engine Projects/LearningToDrive/LearningToDrive/Content/MyContent/Maps/Main_BuiltData.uasset'
[2018.11.26-18.27.06:730][ 85]LogTemp: Repeating last play command: Selected Viewport
[2018.11.26-18.27.06:744][ 85]LogPlayLevel: PlayLevel: No blueprints needed recompiling
[2018.11.26-18.27.06:744][ 85]PIE: New page: PIE session: Main (26 Nov 2018 18:27:06)
[2018.11.26-18.27.06:744][ 85]LogPlayLevel: Creating play world package: /Game/MyContent/Maps/UEDPIE_0_Main
[2018.11.26-18.27.06:748][ 85]LogPlayLevel: PIE: StaticDuplicateObject took: (0.003825s)
[2018.11.26-18.27.06:749][ 85]LogAIModule: Creating AISystem for world Main
[2018.11.26-18.27.06:749][ 85]LogPlayLevel: PIE: World Init took: (0.001257s)
[2018.11.26-18.27.06:749][ 85]LogPlayLevel: PIE: Created PIE world by copying editor world from /Game/MyContent/Maps/Main.Main to /Game/MyContent/Maps/UEDPIE_0_Main.Main (0.005301s)
[2018.11.26-18.27.06:776][ 85]LogInit: XAudio2 using 'Headphones (High Definition Audio Device)' : 2 channels at 44.1 kHz using 16 bits per sample (channel mask 0x3)
[2018.11.26-18.27.06:790][ 85]LogInit: FAudioDevice initialized.
[2018.11.26-18.27.06:823][ 85]LogLoad: Game class is 'Bp_LearningToDriveGameModeBase_C'
[2018.11.26-18.27.06:824][ 85]LogWorld: Bringing World /Game/MyContent/Maps/UEDPIE_0_Main.Main up for play (max tick rate 0) at 2018.11.26-18.27.06
[2018.11.26-18.27.06:824][ 85]LogWorld: Bringing up level for play took: 0.000600
[2018.11.26-18.27.06:838][ 85]PIE: Play in editor start time for /Game/MyContent/Maps/UEDPIE_0_Main 0.186
[2018.11.26-18.28.02:332][720]LogSlate: Updating window title bar state: overlay mode, drag disabled, window buttons hidden, title bar hidden
[2018.11.26-18.28.02:363][720]LogPlayLevel: Display: Shutting down PIE online subsystems
[2018.11.26-18.28.02:385][720]LogSlate: Updating window title bar state: overlay mode, drag disabled, window buttons hidden, title bar hidden
[2018.11.26-18.28.02:435][725]LogPlayLevel: Display: Destroying online subsystem :Context_6
[2018.11.26-18.31.54:098][176]LogSlate: FSceneViewport::OnFocusLost() reason 0
[2018.11.26-18.31.54:235][176]LogTemp: Repeating last play command: Selected Viewport
[2018.11.26-18.31.54:247][176]LogPlayLevel: PlayLevel: No blueprints needed recompiling
[2018.11.26-18.31.54:248][176]PIE: New page: PIE session: Main (26 Nov 2018 18:31:54)
[2018.11.26-18.31.54:248][176]LogPlayLevel: Creating play world package: /Game/MyContent/Maps/UEDPIE_0_Main
[2018.11.26-18.31.54:251][176]LogPlayLevel: PIE: StaticDuplicateObject took: (0.003186s)
[2018.11.26-18.31.54:252][176]LogAIModule: Creating AISystem for world Main
[2018.11.26-18.31.54:252][176]LogPlayLevel: PIE: World Init took: (0.000851s)
[2018.11.26-18.31.54:252][176]LogPlayLevel: PIE: Created PIE world by copying editor world from /Game/MyContent/Maps/Main.Main to /Game/MyContent/Maps/UEDPIE_0_Main.Main (0.004179s)
[2018.11.26-18.31.54:280][176]LogInit: XAudio2 using 'Headphones (High Definition Audio Device)' : 2 channels at 44.1 kHz using 16 bits per sample (channel mask 0x3)
[2018.11.26-18.31.54:291][176]LogInit: FAudioDevice initialized.
[2018.11.26-18.31.54:326][176]LogLoad: Game class is 'Bp_LearningToDriveGameModeBase_C'
[2018.11.26-18.31.54:327][176]LogWorld: Bringing World /Game/MyContent/Maps/UEDPIE_0_Main.Main up for play (max tick rate 0) at 2018.11.26-18.31.54
[2018.11.26-18.31.54:327][176]LogWorld: Bringing up level for play took: 0.000606
[2018.11.26-18.31.54:341][176]PIE: Play in editor start time for /Game/MyContent/Maps/UEDPIE_0_Main -0.311
[2018.11.26-18.32.01:950][ 66]LogSlate: Updating window title bar state: overlay mode, drag disabled, window buttons hidden, title bar hidden
[2018.11.26-18.32.01:982][ 66]LogPlayLevel: Display: Shutting down PIE online subsystems
[2018.11.26-18.32.02:004][ 66]LogSlate: Updating window title bar state: overlay mode, drag disabled, window buttons hidden, title bar hidden
[2018.11.26-18.32.02:053][ 71]LogPlayLevel: Display: Destroying online subsystem :Context_7
[2018.11.26-18.32.40:213][649]LogSlate: FSceneViewport::OnFocusLost() reason 0
[2018.11.26-18.32.40:271][656]LogTemp: Repeating last play command: Selected Viewport
[2018.11.26-18.32.40:283][656]LogPlayLevel: PlayLevel: No blueprints needed recompiling
[2018.11.26-18.32.40:283][656]PIE: New page: PIE session: Main (26 Nov 2018 18:32:40)
[2018.11.26-18.32.40:283][656]LogPlayLevel: Creating play world package: /Game/MyContent/Maps/UEDPIE_0_Main
[2018.11.26-18.32.40:286][656]LogPlayLevel: PIE: StaticDuplicateObject took: (0.002972s)
[2018.11.26-18.32.40:287][656]LogAIModule: Creating AISystem for world Main
[2018.11.26-18.32.40:287][656]LogPlayLevel: PIE: World Init took: (0.000722s)
[2018.11.26-18.32.40:287][656]LogPlayLevel: PIE: Created PIE world by copying editor world from /Game/MyContent/Maps/Main.Main to /Game/MyContent/Maps/UEDPIE_0_Main.Main (0.003833s)
[2018.11.26-18.32.40:314][656]LogInit: XAudio2 using 'Headphones (High Definition Audio Device)' : 2 channels at 44.1 kHz using 16 bits per sample (channel mask 0x3)
[2018.11.26-18.32.40:325][656]LogInit: FAudioDevice initialized.
[2018.11.26-18.32.40:353][656]LogLoad: Game class is 'Bp_LearningToDriveGameModeBase_C'
[2018.11.26-18.32.40:354][656]LogWorld: Bringing World /Game/MyContent/Maps/UEDPIE_0_Main.Main up for play (max tick rate 0) at 2018.11.26-18.32.40
[2018.11.26-18.32.40:355][656]LogWorld: Bringing up level for play took: 0.000651
[2018.11.26-18.32.40:367][656]PIE: Play in editor start time for /Game/MyContent/Maps/UEDPIE_0_Main -0.284
[2018.11.26-18.32.49:966][805]LogSlate: Updating window title bar state: overlay mode, drag disabled, window buttons hidden, title bar hidden
[2018.11.26-18.32.49:996][805]LogPlayLevel: Display: Shutting down PIE online subsystems
[2018.11.26-18.32.50:018][805]LogSlate: Updating window title bar state: overlay mode, drag disabled, window buttons hidden, title bar hidden
[2018.11.26-18.32.50:068][809]LogPlayLevel: Display: Destroying online subsystem :Context_8
[2018.11.26-18.32.54:821][379]LogSlate: FSceneViewport::OnFocusLost() reason 0
[2018.11.26-18.32.55:624][473]LogAssetEditorManager: Opening Asset editor for Blueprint /Game/MyContent/Blueprints/Bp_RearWheel.Bp_RearWheel
[2018.11.26-18.32.56:044][473]LogContentBrowser: Native class hierarchy updated for 'BlueprintGraph' in 0.0007 seconds. Added 116 classes and 0 folders.
[2018.11.26-18.33.11:230][201]LogAssetEditorManager: Opening Asset editor for Blueprint /Game/MyContent/Blueprints/Bp_PlayerCar.Bp_PlayerCar
[2018.11.26-18.33.11:531][201]LogSlate: Took 0.005161 seconds to synchronously load lazily loaded font '../../../Engine/Content/Slate/Fonts/Roboto-BoldCondensed.ttf' (158K)
[2018.11.26-18.33.12:877][355]LogSlate: Took 0.007895 seconds to synchronously load lazily loaded font '../../../Engine/Content/Slate/Fonts/Roboto-Italic.ttf' (157K)
[2018.11.26-18.33.24:510][742]BlueprintLog: New page: Compile Bp_PlayerCar
[2018.11.26-18.33.25:103][781]LogSavePackage: Moving 'A:/Projects/Unreal Engine Projects/LearningToDrive/LearningToDrive/Saved/Bp_PlayerCar5F71AB7A45468DB1DC6E588AF54B0C1D.tmp' to 'A:/Projects/Unreal Engine Projects/LearningToDrive/LearningToDrive/Content/MyContent/Blueprints/Bp_PlayerCar.uasset'
[2018.11.26-18.33.26:192][910]LogTemp: Repeating last play command: Selected Viewport
[2018.11.26-18.33.26:207][910]LogPlayLevel: PlayLevel: No blueprints needed recompiling
[2018.11.26-18.33.26:207][910]PIE: New page: PIE session: Main (26 Nov 2018 18:33:26)
[2018.11.26-18.33.26:207][910]LogPlayLevel: Creating play world package: /Game/MyContent/Maps/UEDPIE_0_Main
[2018.11.26-18.33.26:210][910]LogPlayLevel: PIE: StaticDuplicateObject took: (0.002662s)
[2018.11.26-18.33.26:210][910]LogAIModule: Creating AISystem for world Main
[2018.11.26-18.33.26:211][910]LogPlayLevel: PIE: World Init took: (0.000633s)
[2018.11.26-18.33.26:211][910]LogPlayLevel: PIE: Created PIE world by copying editor world from /Game/MyContent/Maps/Main.Main to /Game/MyContent/Maps/UEDPIE_0_Main.Main (0.003424s)
[2018.11.26-18.33.26:246][910]LogInit: XAudio2 using 'Headphones (High Definition Audio Device)' : 2 channels at 44.1 kHz using 16 bits per sample (channel mask 0x3)
[2018.11.26-18.33.26:255][910]LogInit: FAudioDevice initialized.
[2018.11.26-18.33.26:282][910]LogLoad: Game class is 'Bp_LearningToDriveGameModeBase_C'
[2018.11.26-18.33.26:283][910]LogWorld: Bringing World /Game/MyContent/Maps/UEDPIE_0_Main.Main up for play (max tick rate 0) at 2018.11.26-18.33.26
[2018.11.26-18.33.26:284][910]LogWorld: Bringing up level for play took: 0.000599
[2018.11.26-18.33.26:296][910]PIE: Play in editor start time for /Game/MyContent/Maps/UEDPIE_0_Main -0.355
[2018.11.26-18.33.47:809][485]LogSlate: Updating window title bar state: overlay mode, drag disabled, window buttons hidden, title bar hidden
[2018.11.26-18.33.47:839][485]LogPlayLevel: Display: Shutting down PIE online subsystems
[2018.11.26-18.33.47:869][485]LogSlate: Updating window title bar state: overlay mode, drag disabled, window buttons hidden, title bar hidden
[2018.11.26-18.33.47:913][488]LogPlayLevel: Display: Destroying online subsystem :Context_12
[2018.11.26-18.49.18:354][894]LogSlate: FSceneViewport::OnFocusLost() reason 0
[2018.11.26-18.49.18:572][901]LogSlate: Window 'LearningToDrive - Unreal Editor' being destroyed
[2018.11.26-18.49.18:768][902]Cmd: QUIT_EDITOR
[2018.11.26-18.49.19:334][902]LogWindowsTextInputMethodSystem: Display: IME system now deactivated.
[2018.11.26-18.49.19:345][902]LogExit: Preparing to exit.
[2018.11.26-18.49.20:588][902]LogExit: Editor shut down
[2018.11.26-18.49.20:588][902]LogExit: Transaction tracking system shut down
[2018.11.26-18.49.21:322][902]LogExit: Object subsystem successfully closed.
[2018.11.26-18.49.21:337][902]LogShaderCompilers: Display: Shaders left to compile 0
[2018.11.26-18.49.21:340][902]LogD3D11RHI: Shutdown
[2018.11.26-18.49.21:340][902]LogD3D11RHI: CleanupD3DDevice
[2018.11.26-18.49.21:341][902]LogD3D11RHI: ~FD3D11DynamicRHI
[2018.11.26-18.49.21:376][902]LogModuleManager: Shutting down and abandoning module BlueprintGraph (622)
[2018.11.26-18.49.21:376][902]LogModuleManager: Shutting down and abandoning module HierarchicalLODUtilities (620)
[2018.11.26-18.49.21:376][902]LogModuleManager: Shutting down and abandoning module MovieSceneCapture (618)
[2018.11.26-18.49.21:376][902]LogModuleManager: Shutting down and abandoning module Voice (616)
[2018.11.26-18.49.21:376][902]LogModuleManager: Shutting down and abandoning module HierarchicalLODOutliner (614)
[2018.11.26-18.49.21:376][902]LogModuleManager: Shutting down and abandoning module ExternalImagePicker (612)
[2018.11.26-18.49.21:376][902]LogModuleManager: Shutting down and abandoning module AddContentDialog (610)
[2018.11.26-18.49.21:376][902]LogModuleManager: Shutting down and abandoning module WidgetCarousel (609)
[2018.11.26-18.49.21:376][902]LogModuleManager: Shutting down and abandoning module EditorWidgets (606)
[2018.11.26-18.49.21:376][902]LogModuleManager: Shutting down and abandoning module CollectionManager (604)
[2018.11.26-18.49.21:377][902]LogModuleManager: Shutting down and abandoning module SceneOutliner (602)
[2018.11.26-18.49.21:377][902]LogModuleManager: Shutting down and abandoning module StatsViewer (600)
[2018.11.26-18.49.21:377][902]LogModuleManager: Shutting down and abandoning module FoliageEdit (598)
[2018.11.26-18.49.21:377][902]LogModuleManager: Shutting down and abandoning module LandscapeEditor (596)
[2018.11.26-18.49.21:378][902]LogModuleManager: Shutting down and abandoning module MeshPaintMode (594)
[2018.11.26-18.49.21:378][902]LogModuleManager: Shutting down and abandoning module SceneDepthPickerMode (592)
[2018.11.26-18.49.21:378][902]LogModuleManager: Shutting down and abandoning module ActorPickerMode (590)
[2018.11.26-18.49.21:378][902]LogModuleManager: Shutting down and abandoning module GeometryMode (588)
[2018.11.26-18.49.21:378][902]LogModuleManager: Shutting down and abandoning module TextureAlignMode (586)
[2018.11.26-18.49.21:378][902]LogModuleManager: Shutting down and abandoning module BspMode (584)
[2018.11.26-18.49.21:378][902]LogModuleManager: Shutting down and abandoning module PIEPreviewDeviceProfileSelector (582)
[2018.11.26-18.49.21:378][902]LogModuleManager: Shutting down and abandoning module SequenceRecorderSections (580)
[2018.11.26-18.49.21:378][902]LogModuleManager: Shutting down and abandoning module AutomationWorker (578)
[2018.11.26-18.49.21:378][902]LogModuleManager: Shutting down and abandoning module AudioCaptureEditor (576)
[2018.11.26-18.49.21:378][902]LogModuleManager: Shutting down and abandoning module SequenceRecorder (575)
[2018.11.26-18.49.21:378][902]LogModuleManager: Shutting down and abandoning module MatineeToLevelSequence (572)
[2018.11.26-18.49.21:378][902]LogModuleManager: Shutting down and abandoning module LevelSequenceEditor (570)
[2018.11.26-18.49.21:378][902]LogModuleManager: Shutting down and abandoning module PlacementMode (569)
[2018.11.26-18.49.21:378][902]LogModuleManager: Shutting down and abandoning module MaterialEditor (568)
[2018.11.26-18.49.21:380][902]LogModuleManager: Shutting down and abandoning module WmfMediaFactory (564)
[2018.11.26-18.49.21:380][902]LogModuleManager: Shutting down and abandoning module WmfMediaEditor (562)
[2018.11.26-18.49.21:380][902]LogModuleManager: Shutting down and abandoning module MediaPlayerEditor (560)
[2018.11.26-18.49.21:380][902]LogModuleManager: Shutting down and abandoning module OpenExrWrapper (558)
[2018.11.26-18.49.21:380][902]LogModuleManager: Shutting down and abandoning module ImgMediaFactory (556)
[2018.11.26-18.49.21:380][902]LogModuleManager: Shutting down and abandoning module ImgMediaEditor (554)
[2018.11.26-18.49.21:380][902]LogModuleManager: Shutting down and abandoning module AvfMediaFactory (552)
[2018.11.26-18.49.21:380][902]LogModuleManager: Shutting down and abandoning module AvfMediaEditor (550)
[2018.11.26-18.49.21:380][902]LogModuleManager: Shutting down and abandoning module AndroidMediaFactory (548)
[2018.11.26-18.49.21:380][902]LogModuleManager: Shutting down and abandoning module AndroidMediaEditor (546)
[2018.11.26-18.49.21:380][902]LogModuleManager: Shutting down and abandoning module MagicLeapCameraPreviewFactory (544)
[2018.11.26-18.49.21:380][902]LogModuleManager: Shutting down and abandoning module MagicLeapMediaFactory (542)
[2018.11.26-18.49.21:380][902]LogModuleManager: Shutting down and abandoning module MagicLeapMediaEditor (540)
[2018.11.26-18.49.21:380][902]LogModuleManager: Shutting down and abandoning module CharacterAI (538)
[2018.11.26-18.49.21:380][902]LogModuleManager: Shutting down and abandoning module SmartSnapping (536)
[2018.11.26-18.49.21:380][902]LogModuleManager: Shutting down and abandoning module SessionServices (534)
[2018.11.26-18.49.21:380][902]LogModuleManager: Shutting down and abandoning module ViewportSnapping (532)
[2018.11.26-18.49.21:380][902]LogModuleManager: Shutting down and abandoning module ViewportInteraction (530)
[2018.11.26-18.49.21:381][902]LogModuleManager: Shutting down and abandoning module ClothPainter (528)
[2018.11.26-18.49.21:381][902]LogModuleManager: Shutting down and abandoning module SkeletalMeshEditor (527)
[2018.11.26-18.49.21:381][902]LogModuleManager: Shutting down and abandoning module LogVisualizer (524)
[2018.11.26-18.49.21:382][902]LogModuleManager: Shutting down and abandoning module IntroTutorials (522)
[2018.11.26-18.49.21:382][902]LogModuleManager: Shutting down and abandoning module GameProjectGeneration (521)
[2018.11.26-18.49.21:382][902]LogModuleManager: Shutting down and abandoning module LuminPlatformEditor (518)
[2018.11.26-18.49.21:382][902]LogModuleManager: Shutting down and abandoning module IOSPlatformEditor (516)
[2018.11.26-18.49.21:382][902]LogModuleManager: Shutting down and abandoning module HTML5PlatformEditor (514)
[2018.11.26-18.49.21:382][902]LogModuleManager: Shutting down and abandoning module AndroidPlatformEditor (512)
[2018.11.26-18.49.21:382][902]LogModuleManager: Shutting down and abandoning module AndroidDeviceDetection (511)
[2018.11.26-18.49.21:645][902]LogModuleManager: Shutting down and abandoning module WindowsPlatformEditor (508)
[2018.11.26-18.49.21:645][902]LogModuleManager: Shutting down and abandoning module LuminRuntimeSettings (506)
[2018.11.26-18.49.21:645][902]LogModuleManager: Shutting down and abandoning module IOSRuntimeSettings (504)
[2018.11.26-18.49.21:645][902]LogModuleManager: Shutting down and abandoning module AndroidRuntimeSettings (502)
[2018.11.26-18.49.21:645][902]LogModuleManager: Shutting down and abandoning module InputBindingEditor (500)
[2018.11.26-18.49.21:645][902]LogModuleManager: Shutting down and abandoning module MergeActors (498)
[2018.11.26-18.49.21:645][902]LogModuleManager: Shutting down and abandoning module LocalizationDashboard (496)
[2018.11.26-18.49.21:646][902]LogModuleManager: Shutting down and abandoning module LocalizationService (495)
[2018.11.26-18.49.21:646][902]LogModuleManager: Shutting down and abandoning module HardwareTargeting (492)
[2018.11.26-18.49.21:646][902]LogModuleManager: Shutting down and abandoning module DeviceProfileEditor (490)
[2018.11.26-18.49.21:646][902]LogModuleManager: Shutting down and abandoning module UndoHistory (488)
[2018.11.26-18.49.21:646][902]LogModuleManager: Shutting down and abandoning module XmlParser (486)
[2018.11.26-18.49.21:646][902]LogModuleManager: Shutting down and abandoning module Blutility (484)
[2018.11.26-18.49.21:646][902]LogModuleManager: Shutting down and abandoning module ProjectSettingsViewer (482)
[2018.11.26-18.49.21:646][902]LogModuleManager: Shutting down and abandoning module ProjectTargetPlatformEditor (481)
[2018.11.26-18.49.21:646][902]LogModuleManager: Shutting down and abandoning module EditorSettingsViewer (478)
[2018.11.26-18.49.21:646][902]LogModuleManager: Shutting down and abandoning module SettingsEditor (476)
[2018.11.26-18.49.21:646][902]LogModuleManager: Shutting down and abandoning module ProjectLauncher (474)
[2018.11.26-18.49.21:647][902]LogModuleManager: Shutting down and abandoning module SessionFrontend (472)
[2018.11.26-18.49.21:647][902]LogModuleManager: Shutting down and abandoning module ProfilerClient (470)
[2018.11.26-18.49.21:647][902]LogModuleManager: Shutting down and abandoning module DeviceManager (468)
[2018.11.26-18.49.21:647][902]LogModuleManager: Shutting down and abandoning module TargetDeviceServices (467)
[2018.11.26-18.49.21:702][902]LogModuleManager: Shutting down and abandoning module AutomationController (464)
[2018.11.26-18.49.21:702][902]LogModuleManager: Shutting down and abandoning module AutomationWindow (462)
[2018.11.26-18.49.21:702][902]LogModuleManager: Shutting down and abandoning module Layers (460)
[2018.11.26-18.49.21:703][902]LogModuleManager: Shutting down and abandoning module ComponentVisualizers (458)
[2018.11.26-18.49.21:703][902]LogModuleManager: Shutting down and abandoning module DetailCustomizations (456)
[2018.11.26-18.49.21:703][902]LogModuleManager: Shutting down and abandoning module PackagesDialog (454)
[2018.11.26-18.49.21:703][902]LogModuleManager: Shutting down and abandoning module Persona (452)
[2018.11.26-18.49.21:704][902]LogModuleManager: Shutting down and abandoning module AdvancedPreviewScene (451)
[2018.11.26-18.49.21:704][902]LogModuleManager: Shutting down and abandoning module AnimGraph (449)
[2018.11.26-18.49.21:704][902]LogModuleManager: Shutting down and abandoning module Kismet (446)
[2018.11.26-18.49.21:708][902]LogModuleManager: Shutting down and abandoning module GraphEditor (444)
[2018.11.26-18.49.21:708][902]LogModuleManager: Shutting down and abandoning module ClassViewer (442)
[2018.11.26-18.49.21:708][902]LogModuleManager: Shutting down and abandoning module Toolbox (440)
[2018.11.26-18.49.21:708][902]LogModuleManager: Shutting down and abandoning module DesktopPlatform (439)
[2018.11.26-18.49.21:708][902]LogModuleManager: Shutting down and abandoning module ModuleUI (436)
[2018.11.26-18.49.21:708][902]LogModuleManager: Shutting down and abandoning module MovieSceneTools (434)
[2018.11.26-18.49.21:708][902]LogModuleManager: Shutting down and abandoning module OutputLog (432)
[2018.11.26-18.49.21:708][902]LogModuleManager: Shutting down and abandoning module GammaUI (430)
[2018.11.26-18.49.21:708][902]LogModuleManager: Shutting down and abandoning module Documentation (428)
[2018.11.26-18.49.21:708][902]LogModuleManager: Shutting down and abandoning module MovieSceneTracks (426)
[2018.11.26-18.49.21:708][902]LogModuleManager: Shutting down and abandoning module MovieScene (424)
[2018.11.26-18.49.21:708][902]LogModuleManager: Shutting down and abandoning module StreamingPauseRendering (422)
[2018.11.26-18.49.21:708][902]LogModuleManager: Shutting down and abandoning module LauncherPlatform (420)
[2018.11.26-18.49.21:708][902]LogModuleManager: Shutting down and abandoning module AnalyticsET (418)
[2018.11.26-18.49.21:708][902]LogModuleManager: Shutting down and abandoning module PortalServices (416)
[2018.11.26-18.49.21:708][902]LogModuleManager: Shutting down and abandoning module PortalRpc (414)
[2018.11.26-18.49.21:708][902]LogModuleManager: Shutting down and abandoning module MessagingRpc (412)
[2018.11.26-18.49.21:708][902]LogModuleManager: Shutting down and abandoning module AIModule (410)
[2018.11.26-18.49.21:708][902]LogModuleManager: Shutting down and abandoning module GameplayDebugger (409)
[2018.11.26-18.49.21:708][902]LogModuleManager: Shutting down and abandoning module AITestSuite (407)
[2018.11.26-18.49.21:709][902]LogModuleManager: Shutting down and abandoning module NavigationSystem (405)
[2018.11.26-18.49.21:709][902]LogModuleManager: Shutting down and abandoning module ProfilerService (402)
[2018.11.26-18.49.21:820][902]LogModuleManager: Shutting down and abandoning module TaskGraph (400)
[2018.11.26-18.49.21:821][902]LogModuleManager: Shutting down and abandoning module SteamVRController (398)
[2018.11.26-18.49.21:821][902]LogModuleManager: Shutting down and abandoning module ProceduralMeshComponentEditor (396)
[2018.11.26-18.49.21:821][902]LogModuleManager: Shutting down and abandoning module ProceduralMeshComponent (394)
[2018.11.26-18.49.21:821][902]LogModuleManager: Shutting down and abandoning module OculusInput (392)
[2018.11.26-18.49.21:821][902]LogModuleManager: Shutting down and abandoning module MobilePatchingUtils (390)
[2018.11.26-18.49.21:821][902]LogModuleManager: Shutting down and abandoning module EditableMesh (388)
[2018.11.26-18.49.21:821][902]LogModuleManager: Shutting down and abandoning module CustomMeshComponent (386)
[2018.11.26-18.49.21:821][902]LogModuleManager: Shutting down and abandoning module CableComponent (384)
[2018.11.26-18.49.21:821][902]LogModuleManager: Shutting down and abandoning module AudioCapture (382)
[2018.11.26-18.49.21:821][902]LogModuleManager: Shutting down and abandoning module ArchVisCharacter (380)
[2018.11.26-18.49.21:821][902]LogModuleManager: Shutting down and abandoning module AndroidPermission (378)
[2018.11.26-18.49.21:821][902]LogModuleManager: Shutting down and abandoning module NUTUnrealEngine4 (376)
[2018.11.26-18.49.21:821][902]LogModuleManager: Shutting down and abandoning module NetcodeUnitTest (374)
[2018.11.26-18.49.21:821][902]LogModuleManager: Shutting down and abandoning module MediaCompositingEditor (372)
[2018.11.26-18.49.21:821][902]LogModuleManager: Shutting down and abandoning module MediaCompositing (370)
[2018.11.26-18.49.21:821][902]LogModuleManager: Shutting down and abandoning module LinearTimecode (368)
[2018.11.26-18.49.21:821][902]LogModuleManager: Shutting down and abandoning module ImgMedia (366)
[2018.11.26-18.49.21:825][902]LogModuleManager: Shutting down and abandoning module HTML5Networking (364)
[2018.11.26-18.49.21:825][902]LogModuleManager: Shutting down and abandoning module GeometryCacheTracks (362)
[2018.11.26-18.49.21:825][902]LogModuleManager: Shutting down and abandoning module GeometryCacheSequencer (360)
[2018.11.26-18.49.21:825][902]LogModuleManager: Shutting down and abandoning module BackChannel (358)
[2018.11.26-18.49.21:825][902]LogModuleManager: Shutting down and abandoning module AppleVision (356)
[2018.11.26-18.49.21:825][902]LogModuleManager: Shutting down and abandoning module AppleImageUtils (354)
[2018.11.26-18.49.21:825][902]LogModuleManager: Shutting down and abandoning module AlembicImporter (352)
[2018.11.26-18.49.21:825][902]LogModuleManager: Shutting down and abandoning module AlembicLibrary (351)
[2018.11.26-18.49.21:825][902]LogModuleManager: Shutting down and abandoning module GeometryCache (350)
[2018.11.26-18.49.21:825][902]LogModuleManager: Shutting down and abandoning module GeometryCacheEd (349)
[2018.11.26-18.49.21:825][902]LogModuleManager: Shutting down and abandoning module DatasmithContentEditor (344)
[2018.11.26-18.49.21:825][902]LogModuleManager: Shutting down and abandoning module DatasmithContent (342)
[2018.11.26-18.49.21:826][902]LogModuleManager: Shutting down and abandoning module SpeedTreeImporter (340)
[2018.11.26-18.49.21:826][902]LogModuleManager: Shutting down and abandoning module PluginBrowser (338)
[2018.11.26-18.49.21:826][902]LogModuleManager: Shutting down and abandoning module MobileLauncherProfileWizard (336)
[2018.11.26-18.49.21:826][902]LogModuleManager: Shutting down and abandoning module PolygonModeling (334)
[2018.11.26-18.49.21:826][902]LogModuleManager: Shutting down and abandoning module MeshEditor (332)
[2018.11.26-18.49.21:826][902]LogModuleManager: Shutting down and abandoning module CryptoKeysOpenSSL (330)
[2018.11.26-18.49.21:826][902]LogModuleManager: Shutting down and abandoning module CryptoKeys (328)
[2018.11.26-18.49.21:826][902]LogModuleManager: Shutting down and abandoning module VisualStudioSourceCodeAccess (326)
[2018.11.26-18.49.21:826][902]LogModuleManager: Shutting down and abandoning module VisualStudioCodeSourceCodeAccess (324)
[2018.11.26-18.49.21:827][902]LogModuleManager: Shutting down and abandoning module UObjectPlugin (322)
[2018.11.26-18.49.21:827][902]LogModuleManager: Shutting down and abandoning module SubversionSourceControl (320)
[2018.11.26-18.49.21:827][902]LogModuleManager: Shutting down and abandoning module PerforceSourceControl (318)
[2018.11.26-18.49.21:827][902]LogModuleManager: Shutting down and abandoning module GitSourceControl (316)
[2018.11.26-18.49.21:827][902]LogModuleManager: Shutting down and abandoning module SourceControl (315)
[2018.11.26-18.49.21:827][902]LogModuleManager: Shutting down and abandoning module CLionSourceCodeAccess (312)
[2018.11.26-18.49.21:827][902]LogModuleManager: Shutting down and abandoning module LightPropagationVolumeEditor (310)
[2018.11.26-18.49.21:827][902]LogModuleManager: Shutting down and abandoning module PaperTiledImporter (308)
[2018.11.26-18.49.21:827][902]LogModuleManager: Shutting down and abandoning module PaperSpriteSheetImporter (306)
[2018.11.26-18.49.21:827][902]LogModuleManager: Shutting down and abandoning module Paper2DEditor (304)
[2018.11.26-18.49.21:827][902]LogModuleManager: Shutting down and abandoning module MeshPaint (303)
[2018.11.26-18.49.21:827][902]LogModuleManager: Shutting down and abandoning module LearningToDrive (300)
[2018.11.26-18.49.21:827][902]LogModuleManager: Shutting down and abandoning module RuntimePhysXCooking (298)
[2018.11.26-18.49.21:827][902]LogModuleManager: Shutting down and abandoning module PhysXVehiclesEditor (296)
[2018.11.26-18.49.21:827][902]LogModuleManager: Shutting down and abandoning module PhysXVehicles (294)
[2018.11.26-18.49.21:827][902]LogModuleManager: Shutting down and abandoning module OculusEditor (292)
[2018.11.26-18.49.21:828][902]LogModuleManager: Shutting down and abandoning module LocationServicesBPLibrary (290)
[2018.11.26-18.49.21:828][902]LogModuleManager: Shutting down and abandoning module ImmediatePhysicsEditor (288)
[2018.11.26-18.49.21:828][902]LogModuleManager: Shutting down and abandoning module ImmediatePhysics (286)
[2018.11.26-18.49.21:828][902]LogModuleManager: Shutting down and abandoning module ActorSequence (284)
[2018.11.26-18.49.21:828][902]LogModuleManager: Shutting down and abandoning module UdpMessaging (282)
[2018.11.26-18.49.21:929][902]LogModuleManager: Shutting down and abandoning module TcpMessaging (280)
[2018.11.26-18.49.22:030][902]LogModuleManager: Shutting down and abandoning module MagicLeapAudio (278)
[2018.11.26-18.49.22:030][902]LogModuleManager: Shutting down and abandoning module GameplayTagsEditor (276)
[2018.11.26-18.49.22:030][902]LogModuleManager: Shutting down and abandoning module FacialAnimationEditor (274)
[2018.11.26-18.49.22:030][902]LogModuleManager: Shutting down and abandoning module FacialAnimation (272)
[2018.11.26-18.49.22:030][902]LogModuleManager: Shutting down and abandoning module DataValidation (270)
[2018.11.26-18.49.22:030][902]LogModuleManager: Shutting down and abandoning module AssetManagerEditor (268)
[2018.11.26-18.49.22:030][902]LogModuleManager: Shutting down and abandoning module LevelEditor (267)
[2018.11.26-18.49.22:031][902]LogModuleManager: Shutting down and abandoning module PixelInspectorModule (266)
[2018.11.26-18.49.22:031][902]LogModuleManager: Shutting down and abandoning module CommonMenuExtensions (264)
[2018.11.26-18.49.22:031][902]LogModuleManager: Shutting down and abandoning module MainFrame (262)
[2018.11.26-18.49.22:031][902]LogModuleManager: Shutting down and abandoning module HotReload (261)
[2018.11.26-18.49.22:032][902]LogModuleManager: Shutting down and abandoning module ContentBrowser (257)
[2018.11.26-18.49.22:033][902]LogModuleManager: Shutting down and abandoning module TreeMap (255)
[2018.11.26-18.49.22:033][902]LogModuleManager: Shutting down and abandoning module LightPropagationVolumeRuntime (252)
[2018.11.26-18.49.22:033][902]LogModuleManager: Shutting down and abandoning module AISupportModule (250)
[2018.11.26-18.49.22:033][902]LogModuleManager: Shutting down and abandoning module Paper2D (248)
[2018.11.26-18.49.22:033][902]LogModuleManager: Shutting down and abandoning module WindowsMoviePlayer (246)
[2018.11.26-18.49.22:033][902]LogModuleManager: Shutting down and abandoning module WmfMedia (244)
[2018.11.26-18.49.22:035][902]LogModuleManager: Shutting down and abandoning module Media (243)
[2018.11.26-18.49.22:041][902]LogModuleManager: Shutting down and abandoning module PacketHandler (240)
[2018.11.26-18.49.22:041][902]LogModuleManager: Shutting down and abandoning module ClothingSystemEditor (238)
[2018.11.26-18.49.22:041][902]LogModuleManager: Shutting down and abandoning module ClothingSystemRuntime (236)
[2018.11.26-18.49.22:042][902]LogModuleManager: Shutting down and abandoning module MediaAssets (234)
[2018.11.26-18.49.22:042][902]LogModuleManager: Shutting down and abandoning module Overlay (232)
[2018.11.26-18.49.22:042][902]LogModuleManager: Shutting down and abandoning module OverlayEditor (231)
[2018.11.26-18.49.22:042][902]LogModuleManager: Shutting down and abandoning module VREditor (228)
[2018.11.26-18.49.22:042][902]LogModuleManager: Shutting down and abandoning module StringTableEditor (226)
[2018.11.26-18.49.22:042][902]LogModuleManager: Shutting down and abandoning module GameplayTasksEditor (224)
[2018.11.26-18.49.22:042][902]LogModuleManager: Shutting down and abandoning module BehaviorTreeEditor (222)
[2018.11.26-18.49.22:043][902]LogModuleManager: Shutting down and abandoning module FunctionalTesting (220)
[2018.11.26-18.49.22:043][902]LogModuleManager: Shutting down and abandoning module CollisionAnalyzer (218)
[2018.11.26-18.49.22:043][902]LogModuleManager: Shutting down and abandoning module WorkspaceMenuStructure (217)
[2018.11.26-18.49.22:043][902]LogModuleManager: Shutting down and abandoning module UMG (214)
[2018.11.26-18.49.22:043][902]LogModuleManager: Shutting down and abandoning module UMGEditor (213)
[2018.11.26-18.49.22:044][902]LogModuleManager: Shutting down and abandoning module Sequencer (212)
[2018.11.26-18.49.22:045][902]LogModuleManager: Shutting down and abandoning module MessageLog (209)
[2018.11.26-18.49.22:045][902]LogModuleManager: Shutting down and abandoning module SlateReflector (204)
[2018.11.26-18.49.22:046][902]LogModuleManager: Shutting down and abandoning module Slate (202)
[2018.11.26-18.49.22:046][902]LogModuleManager: Shutting down and abandoning module EditorStyle (200)
[2018.11.26-18.49.22:047][902]LogModuleManager: Shutting down and abandoning module MRMesh (198)
[2018.11.26-18.49.22:047][902]LogModuleManager: Shutting down and abandoning module SourceCodeAccess (196)
[2018.11.26-18.49.22:047][902]LogModuleManager: Shutting down and abandoning module HeadMountedDisplay (194)
[2018.11.26-18.49.22:047][902]LogModuleManager: Shutting down and abandoning module XAudio2 (192)
[2018.11.26-18.49.22:047][902]LogModuleManager: Shutting down and abandoning module Networking (190)
[2018.11.26-18.49.22:047][902]LogModuleManager: Shutting down and abandoning module Core (188)
[2018.11.26-18.49.22:047][902]LogModuleManager: Shutting down and abandoning module LevelSequence (186)
[2018.11.26-18.49.22:047][902]LogModuleManager: Shutting down and abandoning module KismetCompiler (184)
[2018.11.26-18.49.22:047][902]LogModuleManager: Shutting down and abandoning module MeshUtilities (182)
[2018.11.26-18.49.22:048][902]LogModuleManager: Shutting down and abandoning module MeshMergeUtilities (181)
[2018.11.26-18.49.22:048][902]LogModuleManager: Shutting down and abandoning module MeshReductionInterface (180)
[2018.11.26-18.49.22:048][902]LogModuleManager: Shutting down and abandoning module SimplygonSwarm (179)
[2018.11.26-18.49.22:048][902]LogModuleManager: Shutting down and abandoning module ProxyLODMeshReduction (177)
[2018.11.26-18.49.22:048][902]LogModuleManager: Shutting down and abandoning module SimplygonMeshReduction (175)
[2018.11.26-18.49.22:048][902]LogModuleManager: Shutting down and abandoning module QuadricMeshReduction (173)
[2018.11.26-18.49.22:049][902]LogModuleManager: Shutting down and abandoning module MaterialBaking (169)
[2018.11.26-18.49.22:049][902]LogModuleManager: Shutting down and abandoning module DirectoryWatcher (165)
[2018.11.26-18.49.22:049][902]LogModuleManager: Shutting down and abandoning module DerivedDataCache (162)
[2018.11.26-18.49.22:098][902]LogDerivedDataCache: Shutdown
[2018.11.26-18.49.22:099][902]LogModuleManager: Shutting down and abandoning module XGEController (160)
[2018.11.26-18.49.22:099][902]LogXGEController: Cleaning working directory: C:/Users/Thomas Simon/AppData/Local/Temp/UnrealXGEWorkingDir/
[2018.11.26-18.49.22:101][902]LogModuleManager: Shutting down and abandoning module TargetPlatform (158)
[2018.11.26-18.49.22:103][902]LogModuleManager: Shutting down and abandoning module VulkanShaderFormat (157)
[2018.11.26-18.49.22:103][902]LogModuleManager: Shutting down and abandoning module ShaderFormatVectorVM (155)
[2018.11.26-18.49.22:103][902]LogModuleManager: Shutting down and abandoning module ShaderFormatOpenGL (153)
[2018.11.26-18.49.22:103][902]LogModuleManager: Shutting down and abandoning module ShaderFormatD3D (151)
[2018.11.26-18.49.22:103][902]LogModuleManager: Shutting down and abandoning module MetalShaderFormat (149)
[2018.11.26-18.49.22:103][902]LogModuleManager: Shutting down and abandoning module TextureFormatUncompressed (147)
[2018.11.26-18.49.22:103][902]LogModuleManager: Shutting down and abandoning module TextureFormatPVR (145)
[2018.11.26-18.49.22:103][902]LogModuleManager: Shutting down and abandoning module TextureFormatDXT (143)
[2018.11.26-18.49.22:103][902]LogModuleManager: Shutting down and abandoning module TextureFormatIntelISPCTexComp (141)
[2018.11.26-18.49.22:103][902]LogModuleManager: Shutting down and abandoning module TextureFormatASTC (139)
[2018.11.26-18.49.22:103][902]LogModuleManager: Shutting down and abandoning module ImageWrapper (138)
[2018.11.26-18.49.22:103][902]LogModuleManager: Shutting down and abandoning module TextureFormatAndroid (135)
[2018.11.26-18.49.22:103][902]LogModuleManager: Shutting down and abandoning module AudioFormatOpus (133)
[2018.11.26-18.49.22:103][902]LogModuleManager: Shutting down and abandoning module AudioFormatOgg (131)
[2018.11.26-18.49.22:104][902]LogModuleManager: Shutting down and abandoning module AudioFormatADPCM (129)
[2018.11.26-18.49.22:104][902]LogModuleManager: Shutting down and abandoning module LuminTargetPlatform (127)
[2018.11.26-18.49.22:104][902]LogModuleManager: Shutting down and abandoning module LinuxTargetPlatform (125)
[2018.11.26-18.49.22:104][902]LogModuleManager: Shutting down and abandoning module LinuxServerTargetPlatform (123)
[2018.11.26-18.49.22:104][902]LogModuleManager: Shutting down and abandoning module LinuxNoEditorTargetPlatform (121)
[2018.11.26-18.49.22:104][902]LogModuleManager: Shutting down and abandoning module LinuxClientTargetPlatform (119)
[2018.11.26-18.49.22:104][902]LogModuleManager: Shutting down and abandoning module TVOSTargetPlatform (117)
[2018.11.26-18.49.22:105][902]LogModuleManager: Shutting down and abandoning module Messaging (115)
[2018.11.26-18.49.22:105][902]LogModuleManager: Shutting down and abandoning module IOSTargetPlatform (113)
[2018.11.26-18.49.22:106][902]LogModuleManager: Shutting down and abandoning module HTML5TargetPlatform (111)
[2018.11.26-18.49.22:106][902]LogModuleManager: Shutting down and abandoning module AndroidTargetPlatform (109)
[2018.11.26-18.49.22:123][902]LogModuleManager: Shutting down and abandoning module WindowsTargetPlatform (107)
[2018.11.26-18.49.22:123][902]LogModuleManager: Shutting down and abandoning module WindowsServerTargetPlatform (105)
[2018.11.26-18.49.22:123][902]LogModuleManager: Shutting down and abandoning module WindowsNoEditorTargetPlatform (103)
[2018.11.26-18.49.22:123][902]LogModuleManager: Shutting down and abandoning module WindowsClientTargetPlatform (101)
[2018.11.26-18.49.22:123][902]LogModuleManager: Shutting down and abandoning module MacTargetPlatform (99)
[2018.11.26-18.49.22:123][902]LogModuleManager: Shutting down and abandoning module MacServerTargetPlatform (97)
[2018.11.26-18.49.22:123][902]LogModuleManager: Shutting down and abandoning module MacNoEditorTargetPlatform (95)
[2018.11.26-18.49.22:123][902]LogModuleManager: Shutting down and abandoning module MacClientTargetPlatform (93)
[2018.11.26-18.49.22:124][902]LogModuleManager: Shutting down and abandoning module AllDesktopTargetPlatform (91)
[2018.11.26-18.49.22:124][902]LogModuleManager: Shutting down and abandoning module InputCore (88)
[2018.11.26-18.49.22:124][902]LogModuleManager: Shutting down and abandoning module Settings (86)
[2018.11.26-18.49.22:124][902]LogModuleManager: Shutting down and abandoning module PhysXCooking (84)
[2018.11.26-18.49.22:124][902]LogModuleManager: Shutting down and abandoning module SteamVR (82)
[2018.11.26-18.49.22:124][902]LogModuleManager: Shutting down and abandoning module OculusHMD (80)
[2018.11.26-18.49.22:124][902]LogModuleManager: Shutting down and abandoning module ExampleDeviceProfileSelector (78)
[2018.11.26-18.49.22:124][902]LogModuleManager: Shutting down and abandoning module LauncherChunkInstaller (76)
[2018.11.26-18.49.22:124][902]LogModuleManager: Shutting down and abandoning module OnlineBlueprintSupport (74)
[2018.11.26-18.49.22:124][902]LogModuleManager: Shutting down and abandoning module OnlineSubsystem (70)
[2018.11.26-18.49.22:125][902]LogModuleManager: Shutting down and abandoning module XMPP (65)
[2018.11.26-18.49.22:126][902]LogModuleManager: Shutting down and abandoning module WebSockets (64)
[2018.11.26-18.49.22:146][902]LogModuleManager: Shutting down and abandoning module HTTP (61)
[2018.11.26-18.49.22:146][902]LogHttp: Display: Http module shutting down, but needs to wait on 1 outstanding Http requests:
[2018.11.26-18.49.22:146][902]LogHttp: Display: 	verb=[POST] url=[https://datarouter.ol.epicgames.com/datarouter/api/v1/public/data?SessionID=%7BC4A6D7B2-4814-D97F-F165-25943D0B3785%7D&AppID=UEEditor.Rocket.Release&AppVersion=4.20.3-4369336%2B%2B%2BUE4%2BRelease-4.20&UserID=5fdfb9eb4a3af766a039a8b9b40f75dc%7C75455451a11a4e86936f96d58b7d0fbf%7C0157599c-15ed-48c0-9aab-018aec8adfe9&AppEnvironment=datacollector-binary&UploadType=eteventstream] status=Processing
[2018.11.26-18.49.22:168][902]LogModuleManager: Shutting down and abandoning module SSL (60)
[2018.11.26-18.49.22:169][902]LogModuleManager: Shutting down and abandoning module MagicLeapEmulator (56)
[2018.11.26-18.49.22:169][902]LogModuleManager: Shutting down and abandoning module MagicLeapPrivileges (54)
[2018.11.26-18.49.22:169][902]LogModuleManager: Shutting down and abandoning module MagicLeapIdentity (52)
[2018.11.26-18.49.22:169][902]LogModuleManager: Shutting down and abandoning module MagicLeapHelperVulkan (50)
[2018.11.26-18.49.22:169][902]LogModuleManager: Shutting down and abandoning module MagicLeapHelperOpenGL (48)
[2018.11.26-18.49.22:169][902]LogModuleManager: Shutting down and abandoning module MagicLeapSecureStorage (46)
[2018.11.26-18.49.22:169][902]LogModuleManager: Shutting down and abandoning module MagicLeapGestures (44)
[2018.11.26-18.49.22:169][902]LogModuleManager: Shutting down and abandoning module MagicLeapEyeTracker (42)
[2018.11.26-18.49.22:169][902]LogModuleManager: Shutting down and abandoning module MagicLeapController (40)
[2018.11.26-18.49.22:169][902]LogSlate: Slate User Destroyed.  User Index 0, Is Virtual User: 0
[2018.11.26-18.49.22:169][902]LogModuleManager: Shutting down and abandoning module MagicLeap (38)
[2018.11.26-18.49.22:169][902]LogModuleManager: Shutting down and abandoning module AnimationModifiers (36)
[2018.11.26-18.49.22:169][902]LogModuleManager: Shutting down and abandoning module PropertyEditor (35)
[2018.11.26-18.49.22:169][902]LogModuleManager: Shutting down and abandoning module AudioEditor (32)
[2018.11.26-18.49.22:170][902]LogModuleManager: Shutting down and abandoning module TextureCompressor (30)
[2018.11.26-18.49.22:170][902]LogModuleManager: Shutting down and abandoning module ShaderCore (28)
[2018.11.26-18.49.22:170][902]LogModuleManager: Shutting down and abandoning module Landscape (26)
[2018.11.26-18.49.22:170][902]LogModuleManager: Shutting down and abandoning module SlateRHIRenderer (24)
[2018.11.26-18.49.22:170][902]LogModuleManager: Shutting down and abandoning module OpenGLDrv (22)
[2018.11.26-18.49.22:171][902]LogModuleManager: Shutting down and abandoning module D3D11RHI (20)
[2018.11.26-18.49.22:171][902]LogModuleManager: Shutting down and abandoning module AnimGraphRuntime (18)
[2018.11.26-18.49.22:171][902]LogModuleManager: Shutting down and abandoning module Renderer (16)
[2018.11.26-18.49.22:171][902]LogModuleManager: Shutting down and abandoning module Engine (14)
[2018.11.26-18.49.22:171][902]LogModuleManager: Shutting down and abandoning module CoreUObject (12)
[2018.11.26-18.49.22:171][902]LogModuleManager: Shutting down and abandoning module NetworkFile (10)
[2018.11.26-18.49.22:171][902]LogModuleManager: Shutting down and abandoning module CookedIterativeFile (8)
[2018.11.26-18.49.22:171][902]LogModuleManager: Shutting down and abandoning module StreamingFile (6)
[2018.11.26-18.49.22:171][902]LogModuleManager: Shutting down and abandoning module SandboxFile (4)
[2018.11.26-18.49.22:171][902]LogModuleManager: Shutting down and abandoning module PakFile (2)
[2018.11.26-18.49.22:174][902]LogExit: Exiting.
[2018.11.26-18.49.22:176][902]Log file closed, 11/26/18 18:49:22
